CRITICAL - 2020-11-04 22:49:02 --> Unknown column 'fcompany_id' in 'field list'
#0 /home/kokoruns/public_html/system/Database/MySQLi/Connection.php(331): mysqli->query('INSERT INTO `te...')
#1 /home/kokoruns/public_html/system/Database/BaseConnection.php(738): CodeIgniter\Database\MySQLi\Connection->execute('INSERT INTO `te...')
#2 /home/kokoruns/public_html/system/Database/BaseConnection.php(666): CodeIgniter\Database\BaseConnection->simpleQuery('INSERT INTO `te...')
#3 /home/kokoruns/public_html/system/Database/BaseBuilder.php(2234): CodeIgniter\Database\BaseConnection->query('INSERT INTO `te...', Array, false)
#4 /home/kokoruns/public_html/system/Model.php(729): CodeIgniter\Database\BaseBuilder->insert()
#5 /home/kokoruns/public_html/app/Controllers/Front.php(164): CodeIgniter\Model->insert(Array)
#6 /home/kokoruns/public_html/system/CodeIgniter.php(914): App\Controllers\Front->employerregisteraction()
#7 /home/kokoruns/public_html/system/CodeIgniter.php(400): CodeIgniter\CodeIgniter->runController(Object(App\Controllers\Front))
#8 /home/kokoruns/public_html/system/CodeIgniter.php(308): CodeIgniter\CodeIgniter->handleRequest(NULL, Object(Config\Cache), false)
#9 /home/kokoruns/public_html/index.php(45): CodeIgniter\CodeIgniter->run()
#10 {main}
CRITICAL - 2020-11-04 22:51:21 --> Unknown column 'fcompany_id' in 'field list'
#0 /home/kokoruns/public_html/system/Database/MySQLi/Connection.php(331): mysqli->query('INSERT INTO `te...')
#1 /home/kokoruns/public_html/system/Database/BaseConnection.php(738): CodeIgniter\Database\MySQLi\Connection->execute('INSERT INTO `te...')
#2 /home/kokoruns/public_html/system/Database/BaseConnection.php(666): CodeIgniter\Database\BaseConnection->simpleQuery('INSERT INTO `te...')
#3 /home/kokoruns/public_html/system/Database/BaseBuilder.php(2234): CodeIgniter\Database\BaseConnection->query('INSERT INTO `te...', Array, false)
#4 /home/kokoruns/public_html/system/Model.php(729): CodeIgniter\Database\BaseBuilder->insert()
#5 /home/kokoruns/public_html/app/Controllers/Front.php(164): CodeIgniter\Model->insert(Array)
#6 /home/kokoruns/public_html/system/CodeIgniter.php(914): App\Controllers\Front->employerregisteraction()
#7 /home/kokoruns/public_html/system/CodeIgniter.php(400): CodeIgniter\CodeIgniter->runController(Object(App\Controllers\Front))
#8 /home/kokoruns/public_html/system/CodeIgniter.php(308): CodeIgniter\CodeIgniter->handleRequest(NULL, Object(Config\Cache), false)
#9 /home/kokoruns/public_html/index.php(45): CodeIgniter\CodeIgniter->run()
#10 {main}
CRITICAL - 2020-11-04 23:13:50 --> Table 'kokoruns_kokoruns.tmessages' doesn't exist
#0 /home/kokoruns/public_html/system/Database/MySQLi/Connection.php(331): mysqli->query('SELECT *\nFROM `...')
#1 /home/kokoruns/public_html/system/Database/BaseConnection.php(738): CodeIgniter\Database\MySQLi\Connection->execute('SELECT *\nFROM `...')
#2 /home/kokoruns/public_html/system/Database/BaseConnection.php(666): CodeIgniter\Database\BaseConnection->simpleQuery('SELECT *\nFROM `...')
#3 /home/kokoruns/public_html/system/Database/BaseBuilder.php(1845): CodeIgniter\Database\BaseConnection->query('SELECT *\nFROM `...', Array, false)
#4 /home/kokoruns/public_html/system/Model.php(445): CodeIgniter\Database\BaseBuilder->get()
#5 /home/kokoruns/public_html/app/Controllers/Company.php(908): CodeIgniter\Model->findAll()
#6 /home/kokoruns/public_html/system/CodeIgniter.php(914): App\Controllers\Company->inbox()
#7 /home/kokoruns/public_html/system/CodeIgniter.php(400): CodeIgniter\CodeIgniter->runController(Object(App\Controllers\Company))
#8 /home/kokoruns/public_html/system/CodeIgniter.php(308): CodeIgniter\CodeIgniter->handleRequest(NULL, Object(Config\Cache), false)
#9 /home/kokoruns/public_html/index.php(45): CodeIgniter\CodeIgniter->run()
#10 {main}
CRITICAL - 2020-11-04 23:36:33 --> Unknown column 'flocation_state' in 'field list'
#0 /home/kokoruns/public_html/system/Database/MySQLi/Connection.php(331): mysqli->query('INSERT INTO `tj...')
#1 /home/kokoruns/public_html/system/Database/BaseConnection.php(738): CodeIgniter\Database\MySQLi\Connection->execute('INSERT INTO `tj...')
#2 /home/kokoruns/public_html/system/Database/BaseConnection.php(666): CodeIgniter\Database\BaseConnection->simpleQuery('INSERT INTO `tj...')
#3 /home/kokoruns/public_html/system/Database/BaseBuilder.php(2234): CodeIgniter\Database\BaseConnection->query('INSERT INTO `tj...', Array, false)
#4 /home/kokoruns/public_html/system/Model.php(729): CodeIgniter\Database\BaseBuilder->insert()
#5 /home/kokoruns/public_html/app/Controllers/Company.php(754): CodeIgniter\Model->insert(Array)
#6 /home/kokoruns/public_html/system/CodeIgniter.php(914): App\Controllers\Company->createjobaction()
#7 /home/kokoruns/public_html/system/CodeIgniter.php(400): CodeIgniter\CodeIgniter->runController(Object(App\Controllers\Company))
#8 /home/kokoruns/public_html/system/CodeIgniter.php(308): CodeIgniter\CodeIgniter->handleRequest(NULL, Object(Config\Cache), false)
#9 /home/kokoruns/public_html/index.php(45): CodeIgniter\CodeIgniter->run()
#10 {main}
CRITICAL - 2020-11-04 23:42:34 --> Class 'App\Controllers\JobInvitesModel' not found
#0 /home/kokoruns/public_html/system/CodeIgniter.php(914): App\Controllers\Company->jobinviteaction()
#1 /home/kokoruns/public_html/system/CodeIgniter.php(400): CodeIgniter\CodeIgniter->runController(Object(App\Controllers\Company))
#2 /home/kokoruns/public_html/system/CodeIgniter.php(308): CodeIgniter\CodeIgniter->handleRequest(NULL, Object(Config\Cache), false)
#3 /home/kokoruns/public_html/index.php(45): CodeIgniter\CodeIgniter->run()
#4 {main}
CRITICAL - 2020-11-04 23:44:37 --> Class 'App\Models\JobInviteModel' not found
#0 /home/kokoruns/public_html/system/CodeIgniter.php(914): App\Controllers\Company->jobinviteaction()
#1 /home/kokoruns/public_html/system/CodeIgniter.php(400): CodeIgniter\CodeIgniter->runController(Object(App\Controllers\Company))
#2 /home/kokoruns/public_html/system/CodeIgniter.php(308): CodeIgniter\CodeIgniter->handleRequest(NULL, Object(Config\Cache), false)
#3 /home/kokoruns/public_html/index.php(45): CodeIgniter\CodeIgniter->run()
#4 {main}
CRITICAL - 2020-11-04 23:46:23 --> Class 'App\Models\JobInviteModel' not found
#0 /home/kokoruns/public_html/system/CodeIgniter.php(914): App\Controllers\Company->jobinviteaction()
#1 /home/kokoruns/public_html/system/CodeIgniter.php(400): CodeIgniter\CodeIgniter->runController(Object(App\Controllers\Company))
#2 /home/kokoruns/public_html/system/CodeIgniter.php(308): CodeIgniter\CodeIgniter->handleRequest(NULL, Object(Config\Cache), false)
#3 /home/kokoruns/public_html/index.php(45): CodeIgniter\CodeIgniter->run()
#4 {main}
CRITICAL - 2020-11-04 23:48:04 --> Class 'App\Models\JobInviteModel' not found
#0 /home/kokoruns/public_html/system/CodeIgniter.php(914): App\Controllers\Company->jobinviteaction()
#1 /home/kokoruns/public_html/system/CodeIgniter.php(400): CodeIgniter\CodeIgniter->runController(Object(App\Controllers\Company))
#2 /home/kokoruns/public_html/system/CodeIgniter.php(308): CodeIgniter\CodeIgniter->handleRequest(NULL, Object(Config\Cache), false)
#3 /home/kokoruns/public_html/index.php(45): CodeIgniter\CodeIgniter->run()
#4 {main}
CRITICAL - 2020-11-04 23:52:25 --> Class 'App\Models\JobInviteModel' not found
#0 /home/kokoruns/public_html/system/CodeIgniter.php(914): App\Controllers\Company->jobinviteaction()
#1 /home/kokoruns/public_html/system/CodeIgniter.php(400): CodeIgniter\CodeIgniter->runController(Object(App\Controllers\Company))
#2 /home/kokoruns/public_html/system/CodeIgniter.php(308): CodeIgniter\CodeIgniter->handleRequest(NULL, Object(Config\Cache), false)
#3 /home/kokoruns/public_html/index.php(45): CodeIgniter\CodeIgniter->run()
#4 {main}
CRITICAL - 2020-11-04 23:53:47 --> Class 'App\Models\JobInviteModel' not found
#0 /home/kokoruns/public_html/system/CodeIgniter.php(914): App\Controllers\Company->jobinviteaction()
#1 /home/kokoruns/public_html/system/CodeIgniter.php(400): CodeIgniter\CodeIgniter->runController(Object(App\Controllers\Company))
#2 /home/kokoruns/public_html/system/CodeIgniter.php(308): CodeIgniter\CodeIgniter->handleRequest(NULL, Object(Config\Cache), false)
#3 /home/kokoruns/public_html/index.php(45): CodeIgniter\CodeIgniter->run()
#4 {main}
