CRITICAL - 2020-10-09 12:46:06 --> Operand should contain 1 column(s)
#0 C:\xampp\htdocs\WEBAPPS\Kokoruns\system\Database\MySQLi\Connection.php(331): mysqli->query('INSERT INTO `te...')
#1 C:\xampp\htdocs\WEBAPPS\Kokoruns\system\Database\BaseConnection.php(738): CodeIgniter\Database\MySQLi\Connection->execute('INSERT INTO `te...')
#2 C:\xampp\htdocs\WEBAPPS\Kokoruns\system\Database\BaseConnection.php(666): CodeIgniter\Database\BaseConnection->simpleQuery('INSERT INTO `te...')
#3 C:\xampp\htdocs\WEBAPPS\Kokoruns\system\Database\BaseBuilder.php(2234): CodeIgniter\Database\BaseConnection->query('INSERT INTO `te...', Array, false)
#4 C:\xampp\htdocs\WEBAPPS\Kokoruns\system\Model.php(729): CodeIgniter\Database\BaseBuilder->insert()
#5 C:\xampp\htdocs\WEBAPPS\Kokoruns\app\Controllers\Applicant.php(1233): CodeIgniter\Model->insert(Array)
#6 C:\xampp\htdocs\WEBAPPS\Kokoruns\system\CodeIgniter.php(914): App\Controllers\Applicant->createeventaction()
#7 C:\xampp\htdocs\WEBAPPS\Kokoruns\system\CodeIgniter.php(400): CodeIgniter\CodeIgniter->runController(Object(App\Controllers\Applicant))
#8 C:\xampp\htdocs\WEBAPPS\Kokoruns\system\CodeIgniter.php(308): CodeIgniter\CodeIgniter->handleRequest(NULL, Object(Config\Cache), false)
#9 C:\xampp\htdocs\WEBAPPS\Kokoruns\index.php(45): CodeIgniter\CodeIgniter->run()
#10 {main}
CRITICAL - 2020-10-09 12:47:54 --> Operand should contain 1 column(s)
#0 C:\xampp\htdocs\WEBAPPS\Kokoruns\system\Database\MySQLi\Connection.php(331): mysqli->query('INSERT INTO `te...')
#1 C:\xampp\htdocs\WEBAPPS\Kokoruns\system\Database\BaseConnection.php(738): CodeIgniter\Database\MySQLi\Connection->execute('INSERT INTO `te...')
#2 C:\xampp\htdocs\WEBAPPS\Kokoruns\system\Database\BaseConnection.php(666): CodeIgniter\Database\BaseConnection->simpleQuery('INSERT INTO `te...')
#3 C:\xampp\htdocs\WEBAPPS\Kokoruns\system\Database\BaseBuilder.php(2234): CodeIgniter\Database\BaseConnection->query('INSERT INTO `te...', Array, false)
#4 C:\xampp\htdocs\WEBAPPS\Kokoruns\system\Model.php(729): CodeIgniter\Database\BaseBuilder->insert()
#5 C:\xampp\htdocs\WEBAPPS\Kokoruns\app\Controllers\Applicant.php(1233): CodeIgniter\Model->insert(Array)
#6 C:\xampp\htdocs\WEBAPPS\Kokoruns\system\CodeIgniter.php(914): App\Controllers\Applicant->createeventaction()
#7 C:\xampp\htdocs\WEBAPPS\Kokoruns\system\CodeIgniter.php(400): CodeIgniter\CodeIgniter->runController(Object(App\Controllers\Applicant))
#8 C:\xampp\htdocs\WEBAPPS\Kokoruns\system\CodeIgniter.php(308): CodeIgniter\CodeIgniter->handleRequest(NULL, Object(Config\Cache), false)
#9 C:\xampp\htdocs\WEBAPPS\Kokoruns\index.php(45): CodeIgniter\CodeIgniter->run()
#10 {main}
CRITICAL - 2020-10-09 12:48:42 --> Operand should contain 1 column(s)
#0 C:\xampp\htdocs\WEBAPPS\Kokoruns\system\Database\MySQLi\Connection.php(331): mysqli->query('INSERT INTO `te...')
#1 C:\xampp\htdocs\WEBAPPS\Kokoruns\system\Database\BaseConnection.php(738): CodeIgniter\Database\MySQLi\Connection->execute('INSERT INTO `te...')
#2 C:\xampp\htdocs\WEBAPPS\Kokoruns\system\Database\BaseConnection.php(666): CodeIgniter\Database\BaseConnection->simpleQuery('INSERT INTO `te...')
#3 C:\xampp\htdocs\WEBAPPS\Kokoruns\system\Database\BaseBuilder.php(2234): CodeIgniter\Database\BaseConnection->query('INSERT INTO `te...', Array, false)
#4 C:\xampp\htdocs\WEBAPPS\Kokoruns\system\Model.php(729): CodeIgniter\Database\BaseBuilder->insert()
#5 C:\xampp\htdocs\WEBAPPS\Kokoruns\app\Controllers\Applicant.php(1233): CodeIgniter\Model->insert(Array)
#6 C:\xampp\htdocs\WEBAPPS\Kokoruns\system\CodeIgniter.php(914): App\Controllers\Applicant->createeventaction()
#7 C:\xampp\htdocs\WEBAPPS\Kokoruns\system\CodeIgniter.php(400): CodeIgniter\CodeIgniter->runController(Object(App\Controllers\Applicant))
#8 C:\xampp\htdocs\WEBAPPS\Kokoruns\system\CodeIgniter.php(308): CodeIgniter\CodeIgniter->handleRequest(NULL, Object(Config\Cache), false)
#9 C:\xampp\htdocs\WEBAPPS\Kokoruns\index.php(45): CodeIgniter\CodeIgniter->run()
#10 {main}
CRITICAL - 2020-10-09 13:00:56 --> Operand should contain 1 column(s)
#0 C:\xampp\htdocs\WEBAPPS\Kokoruns\system\Database\MySQLi\Connection.php(331): mysqli->query('INSERT INTO `te...')
#1 C:\xampp\htdocs\WEBAPPS\Kokoruns\system\Database\BaseConnection.php(738): CodeIgniter\Database\MySQLi\Connection->execute('INSERT INTO `te...')
#2 C:\xampp\htdocs\WEBAPPS\Kokoruns\system\Database\BaseConnection.php(666): CodeIgniter\Database\BaseConnection->simpleQuery('INSERT INTO `te...')
#3 C:\xampp\htdocs\WEBAPPS\Kokoruns\system\Database\BaseBuilder.php(2234): CodeIgniter\Database\BaseConnection->query('INSERT INTO `te...', Array, false)
#4 C:\xampp\htdocs\WEBAPPS\Kokoruns\system\Model.php(729): CodeIgniter\Database\BaseBuilder->insert()
#5 C:\xampp\htdocs\WEBAPPS\Kokoruns\app\Controllers\Applicant.php(1233): CodeIgniter\Model->insert(Array)
#6 C:\xampp\htdocs\WEBAPPS\Kokoruns\system\CodeIgniter.php(914): App\Controllers\Applicant->createeventaction()
#7 C:\xampp\htdocs\WEBAPPS\Kokoruns\system\CodeIgniter.php(400): CodeIgniter\CodeIgniter->runController(Object(App\Controllers\Applicant))
#8 C:\xampp\htdocs\WEBAPPS\Kokoruns\system\CodeIgniter.php(308): CodeIgniter\CodeIgniter->handleRequest(NULL, Object(Config\Cache), false)
#9 C:\xampp\htdocs\WEBAPPS\Kokoruns\index.php(45): CodeIgniter\CodeIgniter->run()
#10 {main}
CRITICAL - 2020-10-09 13:03:48 --> Operand should contain 1 column(s)
#0 C:\xampp\htdocs\WEBAPPS\Kokoruns\system\Database\MySQLi\Connection.php(331): mysqli->query('INSERT INTO `te...')
#1 C:\xampp\htdocs\WEBAPPS\Kokoruns\system\Database\BaseConnection.php(738): CodeIgniter\Database\MySQLi\Connection->execute('INSERT INTO `te...')
#2 C:\xampp\htdocs\WEBAPPS\Kokoruns\system\Database\BaseConnection.php(666): CodeIgniter\Database\BaseConnection->simpleQuery('INSERT INTO `te...')
#3 C:\xampp\htdocs\WEBAPPS\Kokoruns\system\Database\BaseBuilder.php(2234): CodeIgniter\Database\BaseConnection->query('INSERT INTO `te...', Array, false)
#4 C:\xampp\htdocs\WEBAPPS\Kokoruns\system\Model.php(729): CodeIgniter\Database\BaseBuilder->insert()
#5 C:\xampp\htdocs\WEBAPPS\Kokoruns\app\Controllers\Applicant.php(1233): CodeIgniter\Model->insert(Array)
#6 C:\xampp\htdocs\WEBAPPS\Kokoruns\system\CodeIgniter.php(914): App\Controllers\Applicant->createeventaction()
#7 C:\xampp\htdocs\WEBAPPS\Kokoruns\system\CodeIgniter.php(400): CodeIgniter\CodeIgniter->runController(Object(App\Controllers\Applicant))
#8 C:\xampp\htdocs\WEBAPPS\Kokoruns\system\CodeIgniter.php(308): CodeIgniter\CodeIgniter->handleRequest(NULL, Object(Config\Cache), false)
#9 C:\xampp\htdocs\WEBAPPS\Kokoruns\index.php(45): CodeIgniter\CodeIgniter->run()
#10 {main}
CRITICAL - 2020-10-09 13:05:52 --> Operand should contain 1 column(s)
#0 C:\xampp\htdocs\WEBAPPS\Kokoruns\system\Database\MySQLi\Connection.php(331): mysqli->query('INSERT INTO `te...')
#1 C:\xampp\htdocs\WEBAPPS\Kokoruns\system\Database\BaseConnection.php(738): CodeIgniter\Database\MySQLi\Connection->execute('INSERT INTO `te...')
#2 C:\xampp\htdocs\WEBAPPS\Kokoruns\system\Database\BaseConnection.php(666): CodeIgniter\Database\BaseConnection->simpleQuery('INSERT INTO `te...')
#3 C:\xampp\htdocs\WEBAPPS\Kokoruns\system\Database\BaseBuilder.php(2234): CodeIgniter\Database\BaseConnection->query('INSERT INTO `te...', Array, false)
#4 C:\xampp\htdocs\WEBAPPS\Kokoruns\system\Model.php(729): CodeIgniter\Database\BaseBuilder->insert()
#5 C:\xampp\htdocs\WEBAPPS\Kokoruns\app\Controllers\Applicant.php(1233): CodeIgniter\Model->insert(Array)
#6 C:\xampp\htdocs\WEBAPPS\Kokoruns\system\CodeIgniter.php(914): App\Controllers\Applicant->createeventaction()
#7 C:\xampp\htdocs\WEBAPPS\Kokoruns\system\CodeIgniter.php(400): CodeIgniter\CodeIgniter->runController(Object(App\Controllers\Applicant))
#8 C:\xampp\htdocs\WEBAPPS\Kokoruns\system\CodeIgniter.php(308): CodeIgniter\CodeIgniter->handleRequest(NULL, Object(Config\Cache), false)
#9 C:\xampp\htdocs\WEBAPPS\Kokoruns\index.php(45): CodeIgniter\CodeIgniter->run()
#10 {main}
CRITICAL - 2020-10-09 13:09:11 --> Operand should contain 1 column(s)
#0 C:\xampp\htdocs\WEBAPPS\Kokoruns\system\Database\MySQLi\Connection.php(331): mysqli->query('INSERT INTO `te...')
#1 C:\xampp\htdocs\WEBAPPS\Kokoruns\system\Database\BaseConnection.php(738): CodeIgniter\Database\MySQLi\Connection->execute('INSERT INTO `te...')
#2 C:\xampp\htdocs\WEBAPPS\Kokoruns\system\Database\BaseConnection.php(666): CodeIgniter\Database\BaseConnection->simpleQuery('INSERT INTO `te...')
#3 C:\xampp\htdocs\WEBAPPS\Kokoruns\system\Database\BaseBuilder.php(2234): CodeIgniter\Database\BaseConnection->query('INSERT INTO `te...', Array, false)
#4 C:\xampp\htdocs\WEBAPPS\Kokoruns\system\Model.php(729): CodeIgniter\Database\BaseBuilder->insert()
#5 C:\xampp\htdocs\WEBAPPS\Kokoruns\app\Controllers\Applicant.php(1233): CodeIgniter\Model->insert(Array)
#6 C:\xampp\htdocs\WEBAPPS\Kokoruns\system\CodeIgniter.php(914): App\Controllers\Applicant->createeventaction()
#7 C:\xampp\htdocs\WEBAPPS\Kokoruns\system\CodeIgniter.php(400): CodeIgniter\CodeIgniter->runController(Object(App\Controllers\Applicant))
#8 C:\xampp\htdocs\WEBAPPS\Kokoruns\system\CodeIgniter.php(308): CodeIgniter\CodeIgniter->handleRequest(NULL, Object(Config\Cache), false)
#9 C:\xampp\htdocs\WEBAPPS\Kokoruns\index.php(45): CodeIgniter\CodeIgniter->run()
#10 {main}
CRITICAL - 2020-10-09 13:34:54 --> Unknown column 'fapplicant_id' in 'where clause'
#0 C:\xampp\htdocs\WEBAPPS\Kokoruns\system\Database\MySQLi\Connection.php(331): mysqli->query('SELECT *\nFROM `...')
#1 C:\xampp\htdocs\WEBAPPS\Kokoruns\system\Database\BaseConnection.php(738): CodeIgniter\Database\MySQLi\Connection->execute('SELECT *\nFROM `...')
#2 C:\xampp\htdocs\WEBAPPS\Kokoruns\system\Database\BaseConnection.php(666): CodeIgniter\Database\BaseConnection->simpleQuery('SELECT *\nFROM `...')
#3 C:\xampp\htdocs\WEBAPPS\Kokoruns\system\Database\BaseBuilder.php(1845): CodeIgniter\Database\BaseConnection->query('SELECT *\nFROM `...', Array, false)
#4 C:\xampp\htdocs\WEBAPPS\Kokoruns\system\Model.php(445): CodeIgniter\Database\BaseBuilder->get()
#5 C:\xampp\htdocs\WEBAPPS\Kokoruns\app\Controllers\Applicant.php(76): CodeIgniter\Model->findAll()
#6 C:\xampp\htdocs\WEBAPPS\Kokoruns\system\CodeIgniter.php(914): App\Controllers\Applicant->dashboard()
#7 C:\xampp\htdocs\WEBAPPS\Kokoruns\system\CodeIgniter.php(400): CodeIgniter\CodeIgniter->runController(Object(App\Controllers\Applicant))
#8 C:\xampp\htdocs\WEBAPPS\Kokoruns\system\CodeIgniter.php(308): CodeIgniter\CodeIgniter->handleRequest(NULL, Object(Config\Cache), false)
#9 C:\xampp\htdocs\WEBAPPS\Kokoruns\index.php(45): CodeIgniter\CodeIgniter->run()
#10 {main}
CRITICAL - 2020-10-09 13:36:08 --> Unknown column 'fapplicant_id' in 'where clause'
#0 C:\xampp\htdocs\WEBAPPS\Kokoruns\system\Database\MySQLi\Connection.php(331): mysqli->query('SELECT *\nFROM `...')
#1 C:\xampp\htdocs\WEBAPPS\Kokoruns\system\Database\BaseConnection.php(738): CodeIgniter\Database\MySQLi\Connection->execute('SELECT *\nFROM `...')
#2 C:\xampp\htdocs\WEBAPPS\Kokoruns\system\Database\BaseConnection.php(666): CodeIgniter\Database\BaseConnection->simpleQuery('SELECT *\nFROM `...')
#3 C:\xampp\htdocs\WEBAPPS\Kokoruns\system\Database\BaseBuilder.php(1845): CodeIgniter\Database\BaseConnection->query('SELECT *\nFROM `...', Array, false)
#4 C:\xampp\htdocs\WEBAPPS\Kokoruns\system\Model.php(445): CodeIgniter\Database\BaseBuilder->get()
#5 C:\xampp\htdocs\WEBAPPS\Kokoruns\app\Controllers\Applicant.php(76): CodeIgniter\Model->findAll()
#6 C:\xampp\htdocs\WEBAPPS\Kokoruns\system\CodeIgniter.php(914): App\Controllers\Applicant->dashboard()
#7 C:\xampp\htdocs\WEBAPPS\Kokoruns\system\CodeIgniter.php(400): CodeIgniter\CodeIgniter->runController(Object(App\Controllers\Applicant))
#8 C:\xampp\htdocs\WEBAPPS\Kokoruns\system\CodeIgniter.php(308): CodeIgniter\CodeIgniter->handleRequest(NULL, Object(Config\Cache), false)
#9 C:\xampp\htdocs\WEBAPPS\Kokoruns\index.php(45): CodeIgniter\CodeIgniter->run()
#10 {main}
CRITICAL - 2020-10-09 13:37:38 --> Unknown column 'fapplicant_id' in 'where clause'
#0 C:\xampp\htdocs\WEBAPPS\Kokoruns\system\Database\MySQLi\Connection.php(331): mysqli->query('SELECT *\nFROM `...')
#1 C:\xampp\htdocs\WEBAPPS\Kokoruns\system\Database\BaseConnection.php(738): CodeIgniter\Database\MySQLi\Connection->execute('SELECT *\nFROM `...')
#2 C:\xampp\htdocs\WEBAPPS\Kokoruns\system\Database\BaseConnection.php(666): CodeIgniter\Database\BaseConnection->simpleQuery('SELECT *\nFROM `...')
#3 C:\xampp\htdocs\WEBAPPS\Kokoruns\system\Database\BaseBuilder.php(1845): CodeIgniter\Database\BaseConnection->query('SELECT *\nFROM `...', Array, false)
#4 C:\xampp\htdocs\WEBAPPS\Kokoruns\system\Model.php(445): CodeIgniter\Database\BaseBuilder->get()
#5 C:\xampp\htdocs\WEBAPPS\Kokoruns\app\Controllers\Applicant.php(76): CodeIgniter\Model->findAll()
#6 C:\xampp\htdocs\WEBAPPS\Kokoruns\system\CodeIgniter.php(914): App\Controllers\Applicant->dashboard()
#7 C:\xampp\htdocs\WEBAPPS\Kokoruns\system\CodeIgniter.php(400): CodeIgniter\CodeIgniter->runController(Object(App\Controllers\Applicant))
#8 C:\xampp\htdocs\WEBAPPS\Kokoruns\system\CodeIgniter.php(308): CodeIgniter\CodeIgniter->handleRequest(NULL, Object(Config\Cache), false)
#9 C:\xampp\htdocs\WEBAPPS\Kokoruns\index.php(45): CodeIgniter\CodeIgniter->run()
#10 {main}
CRITICAL - 2020-10-09 13:39:36 --> Unknown column 'fapplicant_id' in 'where clause'
#0 C:\xampp\htdocs\WEBAPPS\Kokoruns\system\Database\MySQLi\Connection.php(331): mysqli->query('SELECT *\nFROM `...')
#1 C:\xampp\htdocs\WEBAPPS\Kokoruns\system\Database\BaseConnection.php(738): CodeIgniter\Database\MySQLi\Connection->execute('SELECT *\nFROM `...')
#2 C:\xampp\htdocs\WEBAPPS\Kokoruns\system\Database\BaseConnection.php(666): CodeIgniter\Database\BaseConnection->simpleQuery('SELECT *\nFROM `...')
#3 C:\xampp\htdocs\WEBAPPS\Kokoruns\system\Database\BaseBuilder.php(1845): CodeIgniter\Database\BaseConnection->query('SELECT *\nFROM `...', Array, false)
#4 C:\xampp\htdocs\WEBAPPS\Kokoruns\system\Model.php(445): CodeIgniter\Database\BaseBuilder->get()
#5 C:\xampp\htdocs\WEBAPPS\Kokoruns\app\Controllers\Applicant.php(76): CodeIgniter\Model->findAll()
#6 C:\xampp\htdocs\WEBAPPS\Kokoruns\system\CodeIgniter.php(914): App\Controllers\Applicant->dashboard()
#7 C:\xampp\htdocs\WEBAPPS\Kokoruns\system\CodeIgniter.php(400): CodeIgniter\CodeIgniter->runController(Object(App\Controllers\Applicant))
#8 C:\xampp\htdocs\WEBAPPS\Kokoruns\system\CodeIgniter.php(308): CodeIgniter\CodeIgniter->handleRequest(NULL, Object(Config\Cache), false)
#9 C:\xampp\htdocs\WEBAPPS\Kokoruns\index.php(45): CodeIgniter\CodeIgniter->run()
#10 {main}
CRITICAL - 2020-10-09 13:39:59 --> Unknown column 'fapplicant_id' in 'where clause'
#0 C:\xampp\htdocs\WEBAPPS\Kokoruns\system\Database\MySQLi\Connection.php(331): mysqli->query('SELECT *\nFROM `...')
#1 C:\xampp\htdocs\WEBAPPS\Kokoruns\system\Database\BaseConnection.php(738): CodeIgniter\Database\MySQLi\Connection->execute('SELECT *\nFROM `...')
#2 C:\xampp\htdocs\WEBAPPS\Kokoruns\system\Database\BaseConnection.php(666): CodeIgniter\Database\BaseConnection->simpleQuery('SELECT *\nFROM `...')
#3 C:\xampp\htdocs\WEBAPPS\Kokoruns\system\Database\BaseBuilder.php(1845): CodeIgniter\Database\BaseConnection->query('SELECT *\nFROM `...', Array, false)
#4 C:\xampp\htdocs\WEBAPPS\Kokoruns\system\Model.php(445): CodeIgniter\Database\BaseBuilder->get()
#5 C:\xampp\htdocs\WEBAPPS\Kokoruns\app\Controllers\Applicant.php(76): CodeIgniter\Model->findAll()
#6 C:\xampp\htdocs\WEBAPPS\Kokoruns\system\CodeIgniter.php(914): App\Controllers\Applicant->dashboard()
#7 C:\xampp\htdocs\WEBAPPS\Kokoruns\system\CodeIgniter.php(400): CodeIgniter\CodeIgniter->runController(Object(App\Controllers\Applicant))
#8 C:\xampp\htdocs\WEBAPPS\Kokoruns\system\CodeIgniter.php(308): CodeIgniter\CodeIgniter->handleRequest(NULL, Object(Config\Cache), false)
#9 C:\xampp\htdocs\WEBAPPS\Kokoruns\index.php(45): CodeIgniter\CodeIgniter->run()
#10 {main}
CRITICAL - 2020-10-09 13:40:47 --> Unknown column 'fapplicant_id' in 'where clause'
#0 C:\xampp\htdocs\WEBAPPS\Kokoruns\system\Database\MySQLi\Connection.php(331): mysqli->query('SELECT *\nFROM `...')
#1 C:\xampp\htdocs\WEBAPPS\Kokoruns\system\Database\BaseConnection.php(738): CodeIgniter\Database\MySQLi\Connection->execute('SELECT *\nFROM `...')
#2 C:\xampp\htdocs\WEBAPPS\Kokoruns\system\Database\BaseConnection.php(666): CodeIgniter\Database\BaseConnection->simpleQuery('SELECT *\nFROM `...')
#3 C:\xampp\htdocs\WEBAPPS\Kokoruns\system\Database\BaseBuilder.php(1845): CodeIgniter\Database\BaseConnection->query('SELECT *\nFROM `...', Array, false)
#4 C:\xampp\htdocs\WEBAPPS\Kokoruns\system\Model.php(445): CodeIgniter\Database\BaseBuilder->get()
#5 C:\xampp\htdocs\WEBAPPS\Kokoruns\app\Controllers\Applicant.php(76): CodeIgniter\Model->findAll()
#6 C:\xampp\htdocs\WEBAPPS\Kokoruns\system\CodeIgniter.php(914): App\Controllers\Applicant->dashboard()
#7 C:\xampp\htdocs\WEBAPPS\Kokoruns\system\CodeIgniter.php(400): CodeIgniter\CodeIgniter->runController(Object(App\Controllers\Applicant))
#8 C:\xampp\htdocs\WEBAPPS\Kokoruns\system\CodeIgniter.php(308): CodeIgniter\CodeIgniter->handleRequest(NULL, Object(Config\Cache), false)
#9 C:\xampp\htdocs\WEBAPPS\Kokoruns\index.php(45): CodeIgniter\CodeIgniter->run()
#10 {main}
CRITICAL - 2020-10-09 13:41:08 --> Unknown column 'fapplicant_id' in 'where clause'
#0 C:\xampp\htdocs\WEBAPPS\Kokoruns\system\Database\MySQLi\Connection.php(331): mysqli->query('SELECT *\nFROM `...')
#1 C:\xampp\htdocs\WEBAPPS\Kokoruns\system\Database\BaseConnection.php(738): CodeIgniter\Database\MySQLi\Connection->execute('SELECT *\nFROM `...')
#2 C:\xampp\htdocs\WEBAPPS\Kokoruns\system\Database\BaseConnection.php(666): CodeIgniter\Database\BaseConnection->simpleQuery('SELECT *\nFROM `...')
#3 C:\xampp\htdocs\WEBAPPS\Kokoruns\system\Database\BaseBuilder.php(1845): CodeIgniter\Database\BaseConnection->query('SELECT *\nFROM `...', Array, false)
#4 C:\xampp\htdocs\WEBAPPS\Kokoruns\system\Model.php(445): CodeIgniter\Database\BaseBuilder->get()
#5 C:\xampp\htdocs\WEBAPPS\Kokoruns\app\Controllers\Applicant.php(76): CodeIgniter\Model->findAll()
#6 C:\xampp\htdocs\WEBAPPS\Kokoruns\system\CodeIgniter.php(914): App\Controllers\Applicant->dashboard()
#7 C:\xampp\htdocs\WEBAPPS\Kokoruns\system\CodeIgniter.php(400): CodeIgniter\CodeIgniter->runController(Object(App\Controllers\Applicant))
#8 C:\xampp\htdocs\WEBAPPS\Kokoruns\system\CodeIgniter.php(308): CodeIgniter\CodeIgniter->handleRequest(NULL, Object(Config\Cache), false)
#9 C:\xampp\htdocs\WEBAPPS\Kokoruns\index.php(45): CodeIgniter\CodeIgniter->run()
#10 {main}
CRITICAL - 2020-10-09 13:46:17 --> Cannot use object of type App\Models\ApplicantModel as array
#0 C:\xampp\htdocs\WEBAPPS\Kokoruns\system\CodeIgniter.php(914): App\Controllers\Applicant->dashboard()
#1 C:\xampp\htdocs\WEBAPPS\Kokoruns\system\CodeIgniter.php(400): CodeIgniter\CodeIgniter->runController(Object(App\Controllers\Applicant))
#2 C:\xampp\htdocs\WEBAPPS\Kokoruns\system\CodeIgniter.php(308): CodeIgniter\CodeIgniter->handleRequest(NULL, Object(Config\Cache), false)
#3 C:\xampp\htdocs\WEBAPPS\Kokoruns\index.php(45): CodeIgniter\CodeIgniter->run()
#4 {main}
CRITICAL - 2020-10-09 13:47:45 --> Undefined variable: events
#0 C:\xampp\htdocs\WEBAPPS\Kokoruns\app\Views\applicant\dashboard.php(1755): CodeIgniter\Debug\Exceptions->errorHandler(8, 'Undefined varia...', 'C:\\xampp\\htdocs...', 1755, Array)
#1 C:\xampp\htdocs\WEBAPPS\Kokoruns\system\View\View.php(246): include('C:\\xampp\\htdocs...')
#2 C:\xampp\htdocs\WEBAPPS\Kokoruns\system\Common.php(1087): CodeIgniter\View\View->render('applicant/dashb...', Array, true)
#3 C:\xampp\htdocs\WEBAPPS\Kokoruns\app\Controllers\Applicant.php(84): view('applicant/dashb...', Array)
#4 C:\xampp\htdocs\WEBAPPS\Kokoruns\system\CodeIgniter.php(914): App\Controllers\Applicant->dashboard()
#5 C:\xampp\htdocs\WEBAPPS\Kokoruns\system\CodeIgniter.php(400): CodeIgniter\CodeIgniter->runController(Object(App\Controllers\Applicant))
#6 C:\xampp\htdocs\WEBAPPS\Kokoruns\system\CodeIgniter.php(308): CodeIgniter\CodeIgniter->handleRequest(NULL, Object(Config\Cache), false)
#7 C:\xampp\htdocs\WEBAPPS\Kokoruns\index.php(45): CodeIgniter\CodeIgniter->run()
#8 {main}
CRITICAL - 2020-10-09 14:05:19 --> Undefined index: ffirst_name
#0 C:\xampp\htdocs\WEBAPPS\Kokoruns\app\Views\applicant\dashboard.php(1759): CodeIgniter\Debug\Exceptions->errorHandler(8, 'Undefined index...', 'C:\\xampp\\htdocs...', 1759, Array)
#1 C:\xampp\htdocs\WEBAPPS\Kokoruns\system\View\View.php(246): include('C:\\xampp\\htdocs...')
#2 C:\xampp\htdocs\WEBAPPS\Kokoruns\system\Common.php(1087): CodeIgniter\View\View->render('applicant/dashb...', Array, true)
#3 C:\xampp\htdocs\WEBAPPS\Kokoruns\app\Controllers\Applicant.php(84): view('applicant/dashb...', Array)
#4 C:\xampp\htdocs\WEBAPPS\Kokoruns\system\CodeIgniter.php(914): App\Controllers\Applicant->dashboard()
#5 C:\xampp\htdocs\WEBAPPS\Kokoruns\system\CodeIgniter.php(400): CodeIgniter\CodeIgniter->runController(Object(App\Controllers\Applicant))
#6 C:\xampp\htdocs\WEBAPPS\Kokoruns\system\CodeIgniter.php(308): CodeIgniter\CodeIgniter->handleRequest(NULL, Object(Config\Cache), false)
#7 C:\xampp\htdocs\WEBAPPS\Kokoruns\index.php(45): CodeIgniter\CodeIgniter->run()
#8 {main}
CRITICAL - 2020-10-09 16:40:47 --> Call to undefined method App\Models\ApplicantProSkillModel::affectedRows
#0 C:\xampp\htdocs\WEBAPPS\Kokoruns\app\Controllers\Applicant.php(867): CodeIgniter\Model->__call('affectedRows', Array)
#1 C:\xampp\htdocs\WEBAPPS\Kokoruns\system\CodeIgniter.php(914): App\Controllers\Applicant->deleteproskillaction()
#2 C:\xampp\htdocs\WEBAPPS\Kokoruns\system\CodeIgniter.php(400): CodeIgniter\CodeIgniter->runController(Object(App\Controllers\Applicant))
#3 C:\xampp\htdocs\WEBAPPS\Kokoruns\system\CodeIgniter.php(308): CodeIgniter\CodeIgniter->handleRequest(NULL, Object(Config\Cache), false)
#4 C:\xampp\htdocs\WEBAPPS\Kokoruns\index.php(45): CodeIgniter\CodeIgniter->run()
#5 {main}
CRITICAL - 2020-10-09 16:43:27 --> Call to undefined method App\Models\ApplicantProSkillModel::affectedRows
#0 C:\xampp\htdocs\WEBAPPS\Kokoruns\app\Controllers\Applicant.php(867): CodeIgniter\Model->__call('affectedRows', Array)
#1 C:\xampp\htdocs\WEBAPPS\Kokoruns\system\CodeIgniter.php(914): App\Controllers\Applicant->deleteproskillaction()
#2 C:\xampp\htdocs\WEBAPPS\Kokoruns\system\CodeIgniter.php(400): CodeIgniter\CodeIgniter->runController(Object(App\Controllers\Applicant))
#3 C:\xampp\htdocs\WEBAPPS\Kokoruns\system\CodeIgniter.php(308): CodeIgniter\CodeIgniter->handleRequest(NULL, Object(Config\Cache), false)
#4 C:\xampp\htdocs\WEBAPPS\Kokoruns\index.php(45): CodeIgniter\CodeIgniter->run()
#5 {main}
CRITICAL - 2020-10-09 16:43:49 --> Call to undefined method App\Models\ApplicantProSkillModel::affectedRows
#0 C:\xampp\htdocs\WEBAPPS\Kokoruns\app\Controllers\Applicant.php(867): CodeIgniter\Model->__call('affectedRows', Array)
#1 C:\xampp\htdocs\WEBAPPS\Kokoruns\system\CodeIgniter.php(914): App\Controllers\Applicant->deleteproskillaction()
#2 C:\xampp\htdocs\WEBAPPS\Kokoruns\system\CodeIgniter.php(400): CodeIgniter\CodeIgniter->runController(Object(App\Controllers\Applicant))
#3 C:\xampp\htdocs\WEBAPPS\Kokoruns\system\CodeIgniter.php(308): CodeIgniter\CodeIgniter->handleRequest(NULL, Object(Config\Cache), false)
#4 C:\xampp\htdocs\WEBAPPS\Kokoruns\index.php(45): CodeIgniter\CodeIgniter->run()
#5 {main}
CRITICAL - 2020-10-09 16:45:30 --> Call to undefined method App\Models\ApplicantProSkillModel::affectedRows
#0 C:\xampp\htdocs\WEBAPPS\Kokoruns\app\Controllers\Applicant.php(867): CodeIgniter\Model->__call('affectedRows', Array)
#1 C:\xampp\htdocs\WEBAPPS\Kokoruns\system\CodeIgniter.php(914): App\Controllers\Applicant->deleteproskillaction()
#2 C:\xampp\htdocs\WEBAPPS\Kokoruns\system\CodeIgniter.php(400): CodeIgniter\CodeIgniter->runController(Object(App\Controllers\Applicant))
#3 C:\xampp\htdocs\WEBAPPS\Kokoruns\system\CodeIgniter.php(308): CodeIgniter\CodeIgniter->handleRequest(NULL, Object(Config\Cache), false)
#4 C:\xampp\htdocs\WEBAPPS\Kokoruns\index.php(45): CodeIgniter\CodeIgniter->run()
#5 {main}
CRITICAL - 2020-10-09 16:45:49 --> Call to undefined method App\Models\ApplicantProSkillModel::affectedRows
#0 C:\xampp\htdocs\WEBAPPS\Kokoruns\app\Controllers\Applicant.php(867): CodeIgniter\Model->__call('affectedRows', Array)
#1 C:\xampp\htdocs\WEBAPPS\Kokoruns\system\CodeIgniter.php(914): App\Controllers\Applicant->deleteproskillaction()
#2 C:\xampp\htdocs\WEBAPPS\Kokoruns\system\CodeIgniter.php(400): CodeIgniter\CodeIgniter->runController(Object(App\Controllers\Applicant))
#3 C:\xampp\htdocs\WEBAPPS\Kokoruns\system\CodeIgniter.php(308): CodeIgniter\CodeIgniter->handleRequest(NULL, Object(Config\Cache), false)
#4 C:\xampp\htdocs\WEBAPPS\Kokoruns\index.php(45): CodeIgniter\CodeIgniter->run()
#5 {main}
