CRITICAL - 2020-10-26 21:42:58 --> Invalid file: applicant/teammessages.php
#0 /home/kokoruns/public_html/system/View/View.php(228): CodeIgniter\Exceptions\FrameworkException::forInvalidFile('applicant/teamm...')
#1 /home/kokoruns/public_html/system/Common.php(1087): CodeIgniter\View\View->render('applicant/teamm...', Array, true)
#2 /home/kokoruns/public_html/app/Controllers/Applicant.php(2245): view('applicant/teamm...', Array)
#3 /home/kokoruns/public_html/system/CodeIgniter.php(914): App\Controllers\Applicant->teammessages('TM1602773798')
#4 /home/kokoruns/public_html/system/CodeIgniter.php(400): CodeIgniter\CodeIgniter->runController(Object(App\Controllers\Applicant))
#5 /home/kokoruns/public_html/system/CodeIgniter.php(308): CodeIgniter\CodeIgniter->handleRequest(NULL, Object(Config\Cache), false)
#6 /home/kokoruns/public_html/index.php(45): CodeIgniter\CodeIgniter->run()
#7 {main}
CRITICAL - 2020-10-26 21:45:39 --> Invalid file: applicant/teammessages.php
#0 /home/kokoruns/public_html/system/View/View.php(228): CodeIgniter\Exceptions\FrameworkException::forInvalidFile('applicant/teamm...')
#1 /home/kokoruns/public_html/system/Common.php(1087): CodeIgniter\View\View->render('applicant/teamm...', Array, true)
#2 /home/kokoruns/public_html/app/Controllers/Applicant.php(2245): view('applicant/teamm...', Array)
#3 /home/kokoruns/public_html/system/CodeIgniter.php(914): App\Controllers\Applicant->teammessages('TM1602773798')
#4 /home/kokoruns/public_html/system/CodeIgniter.php(400): CodeIgniter\CodeIgniter->runController(Object(App\Controllers\Applicant))
#5 /home/kokoruns/public_html/system/CodeIgniter.php(308): CodeIgniter\CodeIgniter->handleRequest(NULL, Object(Config\Cache), false)
#6 /home/kokoruns/public_html/index.php(45): CodeIgniter\CodeIgniter->run()
#7 {main}
CRITICAL - 2020-10-26 21:48:24 --> Invalid file: applicant/teammessages.php
#0 /home/kokoruns/public_html/system/View/View.php(228): CodeIgniter\Exceptions\FrameworkException::forInvalidFile('applicant/teamm...')
#1 /home/kokoruns/public_html/system/Common.php(1087): CodeIgniter\View\View->render('applicant/teamm...', Array, true)
#2 /home/kokoruns/public_html/app/Controllers/Applicant.php(2245): view('applicant/teamm...', Array)
#3 /home/kokoruns/public_html/system/CodeIgniter.php(914): App\Controllers\Applicant->teammessages('TM1602773798')
#4 /home/kokoruns/public_html/system/CodeIgniter.php(400): CodeIgniter\CodeIgniter->runController(Object(App\Controllers\Applicant))
#5 /home/kokoruns/public_html/system/CodeIgniter.php(308): CodeIgniter\CodeIgniter->handleRequest(NULL, Object(Config\Cache), false)
#6 /home/kokoruns/public_html/index.php(45): CodeIgniter\CodeIgniter->run()
#7 {main}
CRITICAL - 2020-10-26 21:48:27 --> Invalid file: applicant/teammessages.php
#0 /home/kokoruns/public_html/system/View/View.php(228): CodeIgniter\Exceptions\FrameworkException::forInvalidFile('applicant/teamm...')
#1 /home/kokoruns/public_html/system/Common.php(1087): CodeIgniter\View\View->render('applicant/teamm...', Array, true)
#2 /home/kokoruns/public_html/app/Controllers/Applicant.php(2245): view('applicant/teamm...', Array)
#3 /home/kokoruns/public_html/system/CodeIgniter.php(914): App\Controllers\Applicant->teammessages('TM1602773798')
#4 /home/kokoruns/public_html/system/CodeIgniter.php(400): CodeIgniter\CodeIgniter->runController(Object(App\Controllers\Applicant))
#5 /home/kokoruns/public_html/system/CodeIgniter.php(308): CodeIgniter\CodeIgniter->handleRequest(NULL, Object(Config\Cache), false)
#6 /home/kokoruns/public_html/index.php(45): CodeIgniter\CodeIgniter->run()
#7 {main}
CRITICAL - 2020-10-26 21:56:47 --> Unknown column 'fapplicant_name' in 'field list'
#0 /home/kokoruns/public_html/system/Database/MySQLi/Connection.php(331): mysqli->query('SELECT `fapplic...')
#1 /home/kokoruns/public_html/system/Database/BaseConnection.php(738): CodeIgniter\Database\MySQLi\Connection->execute('SELECT `fapplic...')
#2 /home/kokoruns/public_html/system/Database/BaseConnection.php(666): CodeIgniter\Database\BaseConnection->simpleQuery('SELECT `fapplic...')
#3 /home/kokoruns/public_html/system/Database/BaseBuilder.php(1845): CodeIgniter\Database\BaseConnection->query('SELECT `fapplic...', Array, false)
#4 /home/kokoruns/public_html/system/Model.php(445): CodeIgniter\Database\BaseBuilder->get()
#5 /home/kokoruns/public_html/app/Controllers/Applicant.php(1985): CodeIgniter\Model->findAll()
#6 /home/kokoruns/public_html/system/CodeIgniter.php(914): App\Controllers\Applicant->getteammembers()
#7 /home/kokoruns/public_html/system/CodeIgniter.php(400): CodeIgniter\CodeIgniter->runController(Object(App\Controllers\Applicant))
#8 /home/kokoruns/public_html/system/CodeIgniter.php(308): CodeIgniter\CodeIgniter->handleRequest(NULL, Object(Config\Cache), false)
#9 /home/kokoruns/public_html/index.php(45): CodeIgniter\CodeIgniter->run()
#10 {main}
CRITICAL - 2020-10-26 22:01:26 --> Unknown column 'fsender_name' in 'field list'
#0 /home/kokoruns/public_html/system/Database/MySQLi/Connection.php(331): mysqli->query('INSERT INTO `tt...')
#1 /home/kokoruns/public_html/system/Database/BaseConnection.php(738): CodeIgniter\Database\MySQLi\Connection->execute('INSERT INTO `tt...')
#2 /home/kokoruns/public_html/system/Database/BaseConnection.php(666): CodeIgniter\Database\BaseConnection->simpleQuery('INSERT INTO `tt...')
#3 /home/kokoruns/public_html/system/Database/BaseBuilder.php(2234): CodeIgniter\Database\BaseConnection->query('INSERT INTO `tt...', Array, false)
#4 /home/kokoruns/public_html/system/Model.php(729): CodeIgniter\Database\BaseBuilder->insert()
#5 /home/kokoruns/public_html/app/Controllers/Applicant.php(2286): CodeIgniter\Model->insert(Array)
#6 /home/kokoruns/public_html/system/CodeIgniter.php(914): App\Controllers\Applicant->sendteammessageaction()
#7 /home/kokoruns/public_html/system/CodeIgniter.php(400): CodeIgniter\CodeIgniter->runController(Object(App\Controllers\Applicant))
#8 /home/kokoruns/public_html/system/CodeIgniter.php(308): CodeIgniter\CodeIgniter->handleRequest(NULL, Object(Config\Cache), false)
#9 /home/kokoruns/public_html/index.php(45): CodeIgniter\CodeIgniter->run()
#10 {main}
CRITICAL - 2020-10-26 22:02:59 --> Unknown column 'fsender_name' in 'field list'
#0 /home/kokoruns/public_html/system/Database/MySQLi/Connection.php(331): mysqli->query('INSERT INTO `tt...')
#1 /home/kokoruns/public_html/system/Database/BaseConnection.php(738): CodeIgniter\Database\MySQLi\Connection->execute('INSERT INTO `tt...')
#2 /home/kokoruns/public_html/system/Database/BaseConnection.php(666): CodeIgniter\Database\BaseConnection->simpleQuery('INSERT INTO `tt...')
#3 /home/kokoruns/public_html/system/Database/BaseBuilder.php(2234): CodeIgniter\Database\BaseConnection->query('INSERT INTO `tt...', Array, false)
#4 /home/kokoruns/public_html/system/Model.php(729): CodeIgniter\Database\BaseBuilder->insert()
#5 /home/kokoruns/public_html/app/Controllers/Applicant.php(2286): CodeIgniter\Model->insert(Array)
#6 /home/kokoruns/public_html/system/CodeIgniter.php(914): App\Controllers\Applicant->sendteammessageaction()
#7 /home/kokoruns/public_html/system/CodeIgniter.php(400): CodeIgniter\CodeIgniter->runController(Object(App\Controllers\Applicant))
#8 /home/kokoruns/public_html/system/CodeIgniter.php(308): CodeIgniter\CodeIgniter->handleRequest(NULL, Object(Config\Cache), false)
#9 /home/kokoruns/public_html/index.php(45): CodeIgniter\CodeIgniter->run()
#10 {main}
CRITICAL - 2020-10-26 22:54:52 --> Invalid file: applicant/messagedetails.php
#0 /home/kokoruns/public_html/system/View/View.php(228): CodeIgniter\Exceptions\FrameworkException::forInvalidFile('applicant/messa...')
#1 /home/kokoruns/public_html/system/Common.php(1087): CodeIgniter\View\View->render('applicant/messa...', Array, true)
#2 /home/kokoruns/public_html/app/Controllers/Applicant.php(2716): view('applicant/messa...', Array)
#3 /home/kokoruns/public_html/system/CodeIgniter.php(914): App\Controllers\Applicant->message('MG1603747748')
#4 /home/kokoruns/public_html/system/CodeIgniter.php(400): CodeIgniter\CodeIgniter->runController(Object(App\Controllers\Applicant))
#5 /home/kokoruns/public_html/system/CodeIgniter.php(308): CodeIgniter\CodeIgniter->handleRequest(NULL, Object(Config\Cache), false)
#6 /home/kokoruns/public_html/index.php(45): CodeIgniter\CodeIgniter->run()
#7 {main}
CRITICAL - 2020-10-26 23:03:54 --> Invalid file: applicant/messagedetails.php
#0 /home/kokoruns/public_html/system/View/View.php(228): CodeIgniter\Exceptions\FrameworkException::forInvalidFile('applicant/messa...')
#1 /home/kokoruns/public_html/system/Common.php(1087): CodeIgniter\View\View->render('applicant/messa...', Array, true)
#2 /home/kokoruns/public_html/app/Controllers/Applicant.php(2716): view('applicant/messa...', Array)
#3 /home/kokoruns/public_html/system/CodeIgniter.php(914): App\Controllers\Applicant->message('MG1603747748')
#4 /home/kokoruns/public_html/system/CodeIgniter.php(400): CodeIgniter\CodeIgniter->runController(Object(App\Controllers\Applicant))
#5 /home/kokoruns/public_html/system/CodeIgniter.php(308): CodeIgniter\CodeIgniter->handleRequest(NULL, Object(Config\Cache), false)
#6 /home/kokoruns/public_html/index.php(45): CodeIgniter\CodeIgniter->run()
#7 {main}
CRITICAL - 2020-10-26 23:07:04 --> Invalid file: applicant/messagedetails.php
#0 /home/kokoruns/public_html/system/View/View.php(228): CodeIgniter\Exceptions\FrameworkException::forInvalidFile('applicant/messa...')
#1 /home/kokoruns/public_html/system/Common.php(1087): CodeIgniter\View\View->render('applicant/messa...', Array, true)
#2 /home/kokoruns/public_html/app/Controllers/Applicant.php(2716): view('applicant/messa...', Array)
#3 /home/kokoruns/public_html/system/CodeIgniter.php(914): App\Controllers\Applicant->message('MG1603747748')
#4 /home/kokoruns/public_html/system/CodeIgniter.php(400): CodeIgniter\CodeIgniter->runController(Object(App\Controllers\Applicant))
#5 /home/kokoruns/public_html/system/CodeIgniter.php(308): CodeIgniter\CodeIgniter->handleRequest(NULL, Object(Config\Cache), false)
#6 /home/kokoruns/public_html/index.php(45): CodeIgniter\CodeIgniter->run()
#7 {main}
CRITICAL - 2020-10-26 23:07:17 --> Invalid file: applicant/messagedetails.php
#0 /home/kokoruns/public_html/system/View/View.php(228): CodeIgniter\Exceptions\FrameworkException::forInvalidFile('applicant/messa...')
#1 /home/kokoruns/public_html/system/Common.php(1087): CodeIgniter\View\View->render('applicant/messa...', Array, true)
#2 /home/kokoruns/public_html/app/Controllers/Applicant.php(2716): view('applicant/messa...', Array)
#3 /home/kokoruns/public_html/system/CodeIgniter.php(914): App\Controllers\Applicant->message('MG1603747748')
#4 /home/kokoruns/public_html/system/CodeIgniter.php(400): CodeIgniter\CodeIgniter->runController(Object(App\Controllers\Applicant))
#5 /home/kokoruns/public_html/system/CodeIgniter.php(308): CodeIgniter\CodeIgniter->handleRequest(NULL, Object(Config\Cache), false)
#6 /home/kokoruns/public_html/index.php(45): CodeIgniter\CodeIgniter->run()
#7 {main}
CRITICAL - 2020-10-26 23:09:26 --> Invalid file: applicant/messagedetails.php
#0 /home/kokoruns/public_html/system/View/View.php(228): CodeIgniter\Exceptions\FrameworkException::forInvalidFile('applicant/messa...')
#1 /home/kokoruns/public_html/system/Common.php(1087): CodeIgniter\View\View->render('applicant/messa...', Array, true)
#2 /home/kokoruns/public_html/app/Controllers/Applicant.php(2716): view('applicant/messa...', Array)
#3 /home/kokoruns/public_html/system/CodeIgniter.php(914): App\Controllers\Applicant->message('MG1603747748')
#4 /home/kokoruns/public_html/system/CodeIgniter.php(400): CodeIgniter\CodeIgniter->runController(Object(App\Controllers\Applicant))
#5 /home/kokoruns/public_html/system/CodeIgniter.php(308): CodeIgniter\CodeIgniter->handleRequest(NULL, Object(Config\Cache), false)
#6 /home/kokoruns/public_html/index.php(45): CodeIgniter\CodeIgniter->run()
#7 {main}
CRITICAL - 2020-10-26 23:11:38 --> Invalid file: applicant/messagedetails.php
#0 /home/kokoruns/public_html/system/View/View.php(228): CodeIgniter\Exceptions\FrameworkException::forInvalidFile('applicant/messa...')
#1 /home/kokoruns/public_html/system/Common.php(1087): CodeIgniter\View\View->render('applicant/messa...', Array, true)
#2 /home/kokoruns/public_html/app/Controllers/Applicant.php(2716): view('applicant/messa...', Array)
#3 /home/kokoruns/public_html/system/CodeIgniter.php(914): App\Controllers\Applicant->message('MG1603747748')
#4 /home/kokoruns/public_html/system/CodeIgniter.php(400): CodeIgniter\CodeIgniter->runController(Object(App\Controllers\Applicant))
#5 /home/kokoruns/public_html/system/CodeIgniter.php(308): CodeIgniter\CodeIgniter->handleRequest(NULL, Object(Config\Cache), false)
#6 /home/kokoruns/public_html/index.php(45): CodeIgniter\CodeIgniter->run()
#7 {main}
