CRITICAL - 2020-08-13 11:42:13 --> Invalid file: {0}
#0 C:\xampp\htdocs\WEBAPPS\Kokoruns\system\View\View.php(228): CodeIgniter\Exceptions\FrameworkException::forInvalidFile('welcome_message...')
#1 C:\xampp\htdocs\WEBAPPS\Kokoruns\system\Common.php(1087): CodeIgniter\View\View->render('welcome_message', Array, true)
#2 C:\xampp\htdocs\WEBAPPS\Kokoruns\app\Controllers\Front.php(9): view('welcome_message')
#3 C:\xampp\htdocs\WEBAPPS\Kokoruns\system\CodeIgniter.php(914): App\Controllers\Front->index()
#4 C:\xampp\htdocs\WEBAPPS\Kokoruns\system\CodeIgniter.php(400): CodeIgniter\CodeIgniter->runController(Object(App\Controllers\Front))
#5 C:\xampp\htdocs\WEBAPPS\Kokoruns\system\CodeIgniter.php(308): CodeIgniter\CodeIgniter->handleRequest(NULL, Object(Config\Cache), false)
#6 C:\xampp\htdocs\WEBAPPS\Kokoruns\index.php(45): CodeIgniter\CodeIgniter->run()
#7 {main}
CRITICAL - 2020-08-13 14:07:28 --> Invalid file: {0}
#0 C:\xampp\htdocs\WEBAPPS\Kokoruns\system\View\View.php(228): CodeIgniter\Exceptions\FrameworkException::forInvalidFile('layouts/master3...')
#1 C:\xampp\htdocs\WEBAPPS\Kokoruns\system\View\View.php(257): CodeIgniter\View\View->render('layouts/master3', Array, true)
#2 C:\xampp\htdocs\WEBAPPS\Kokoruns\system\Common.php(1087): CodeIgniter\View\View->render('front/index', Array, true)
#3 C:\xampp\htdocs\WEBAPPS\Kokoruns\app\Controllers\Front.php(9): view('front/index')
#4 C:\xampp\htdocs\WEBAPPS\Kokoruns\system\CodeIgniter.php(914): App\Controllers\Front->index()
#5 C:\xampp\htdocs\WEBAPPS\Kokoruns\system\CodeIgniter.php(400): CodeIgniter\CodeIgniter->runController(Object(App\Controllers\Front))
#6 C:\xampp\htdocs\WEBAPPS\Kokoruns\system\CodeIgniter.php(308): CodeIgniter\CodeIgniter->handleRequest(NULL, Object(Config\Cache), false)
#7 C:\xampp\htdocs\WEBAPPS\Kokoruns\index.php(45): CodeIgniter\CodeIgniter->run()
#8 {main}
CRITICAL - 2020-08-13 14:13:11 --> Invalid file: {0}
#0 C:\xampp\htdocs\WEBAPPS\Kokoruns\system\View\View.php(228): CodeIgniter\Exceptions\FrameworkException::forInvalidFile('front/login.php')
#1 C:\xampp\htdocs\WEBAPPS\Kokoruns\system\Common.php(1087): CodeIgniter\View\View->render('front/login', Array, true)
#2 C:\xampp\htdocs\WEBAPPS\Kokoruns\app\Controllers\Front.php(72): view('front/login')
#3 C:\xampp\htdocs\WEBAPPS\Kokoruns\system\CodeIgniter.php(914): App\Controllers\Front->login()
#4 C:\xampp\htdocs\WEBAPPS\Kokoruns\system\CodeIgniter.php(400): CodeIgniter\CodeIgniter->runController(Object(App\Controllers\Front))
#5 C:\xampp\htdocs\WEBAPPS\Kokoruns\system\CodeIgniter.php(308): CodeIgniter\CodeIgniter->handleRequest(NULL, Object(Config\Cache), false)
#6 C:\xampp\htdocs\WEBAPPS\Kokoruns\index.php(45): CodeIgniter\CodeIgniter->run()
#7 {main}
CRITICAL - 2020-08-13 14:30:40 --> Invalid file: {0}
#0 C:\xampp\htdocs\WEBAPPS\Kokoruns\system\View\View.php(228): CodeIgniter\Exceptions\FrameworkException::forInvalidFile('front/forgot.ph...')
#1 C:\xampp\htdocs\WEBAPPS\Kokoruns\system\Common.php(1087): CodeIgniter\View\View->render('front/forgot', Array, true)
#2 C:\xampp\htdocs\WEBAPPS\Kokoruns\app\Controllers\Front.php(153): view('front/forgot')
#3 C:\xampp\htdocs\WEBAPPS\Kokoruns\system\CodeIgniter.php(914): App\Controllers\Front->forgot()
#4 C:\xampp\htdocs\WEBAPPS\Kokoruns\system\CodeIgniter.php(400): CodeIgniter\CodeIgniter->runController(Object(App\Controllers\Front))
#5 C:\xampp\htdocs\WEBAPPS\Kokoruns\system\CodeIgniter.php(308): CodeIgniter\CodeIgniter->handleRequest(NULL, Object(Config\Cache), false)
#6 C:\xampp\htdocs\WEBAPPS\Kokoruns\index.php(45): CodeIgniter\CodeIgniter->run()
#7 {main}
CRITICAL - 2020-08-13 15:35:57 --> syntax error, unexpected 'public' (T_PUBLIC)
#0 C:\xampp\htdocs\WEBAPPS\Kokoruns\system\Autoloader\Autoloader.php(296): CodeIgniter\Autoloader\Autoloader->requireFile('C:\\xampp\\htdocs...')
#1 C:\xampp\htdocs\WEBAPPS\Kokoruns\system\Autoloader\Autoloader.php(258): CodeIgniter\Autoloader\Autoloader->loadInNamespace('App\\Controllers...')
#2 [internal function]: CodeIgniter\Autoloader\Autoloader->loadClass('App\\Controllers...')
#3 [internal function]: spl_autoload_call('App\\Controllers...')
#4 C:\xampp\htdocs\WEBAPPS\Kokoruns\system\CodeIgniter.php(865): class_exists('\\App\\Controller...', true)
#5 C:\xampp\htdocs\WEBAPPS\Kokoruns\system\CodeIgniter.php(390): CodeIgniter\CodeIgniter->startController()
#6 C:\xampp\htdocs\WEBAPPS\Kokoruns\system\CodeIgniter.php(308): CodeIgniter\CodeIgniter->handleRequest(NULL, Object(Config\Cache), false)
#7 C:\xampp\htdocs\WEBAPPS\Kokoruns\index.php(45): CodeIgniter\CodeIgniter->run()
#8 {main}
CRITICAL - 2020-08-13 16:16:29 --> Undefined variable: session
#0 C:\xampp\htdocs\WEBAPPS\Kokoruns\app\Controllers\Front.php(112): CodeIgniter\Debug\Exceptions->errorHandler(8, 'Undefined varia...', 'C:\\xampp\\htdocs...', 112, Array)
#1 C:\xampp\htdocs\WEBAPPS\Kokoruns\system\CodeIgniter.php(914): App\Controllers\Front->loginaction()
#2 C:\xampp\htdocs\WEBAPPS\Kokoruns\system\CodeIgniter.php(400): CodeIgniter\CodeIgniter->runController(Object(App\Controllers\Front))
#3 C:\xampp\htdocs\WEBAPPS\Kokoruns\system\CodeIgniter.php(308): CodeIgniter\CodeIgniter->handleRequest(NULL, Object(Config\Cache), false)
#4 C:\xampp\htdocs\WEBAPPS\Kokoruns\index.php(45): CodeIgniter\CodeIgniter->run()
#5 {main}
CRITICAL - 2020-08-13 17:29:44 --> The action you requested is not allowed.
#0 C:\xampp\htdocs\WEBAPPS\Kokoruns\system\Security\Security.php(233): CodeIgniter\Security\Exceptions\SecurityException::forDisallowedAction()
#1 C:\xampp\htdocs\WEBAPPS\Kokoruns\system\Filters\CSRF.php(85): CodeIgniter\Security\Security->CSRFVerify(Object(CodeIgniter\HTTP\IncomingRequest))
#2 C:\xampp\htdocs\WEBAPPS\Kokoruns\system\Filters\Filters.php(173): CodeIgniter\Filters\CSRF->before(Object(CodeIgniter\HTTP\IncomingRequest), NULL)
#3 C:\xampp\htdocs\WEBAPPS\Kokoruns\system\CodeIgniter.php(378): CodeIgniter\Filters\Filters->run('front/getAllLGA...', 'before')
#4 C:\xampp\htdocs\WEBAPPS\Kokoruns\system\CodeIgniter.php(308): CodeIgniter\CodeIgniter->handleRequest(NULL, Object(Config\Cache), false)
#5 C:\xampp\htdocs\WEBAPPS\Kokoruns\index.php(45): CodeIgniter\CodeIgniter->run()
#6 {main}
CRITICAL - 2020-08-13 17:30:56 --> The action you requested is not allowed.
#0 C:\xampp\htdocs\WEBAPPS\Kokoruns\system\Security\Security.php(233): CodeIgniter\Security\Exceptions\SecurityException::forDisallowedAction()
#1 C:\xampp\htdocs\WEBAPPS\Kokoruns\system\Filters\CSRF.php(85): CodeIgniter\Security\Security->CSRFVerify(Object(CodeIgniter\HTTP\IncomingRequest))
#2 C:\xampp\htdocs\WEBAPPS\Kokoruns\system\Filters\Filters.php(173): CodeIgniter\Filters\CSRF->before(Object(CodeIgniter\HTTP\IncomingRequest), NULL)
#3 C:\xampp\htdocs\WEBAPPS\Kokoruns\system\CodeIgniter.php(378): CodeIgniter\Filters\Filters->run('front/getAllLGA...', 'before')
#4 C:\xampp\htdocs\WEBAPPS\Kokoruns\system\CodeIgniter.php(308): CodeIgniter\CodeIgniter->handleRequest(NULL, Object(Config\Cache), false)
#5 C:\xampp\htdocs\WEBAPPS\Kokoruns\index.php(45): CodeIgniter\CodeIgniter->run()
#6 {main}
CRITICAL - 2020-08-13 17:31:06 --> The action you requested is not allowed.
#0 C:\xampp\htdocs\WEBAPPS\Kokoruns\system\Security\Security.php(233): CodeIgniter\Security\Exceptions\SecurityException::forDisallowedAction()
#1 C:\xampp\htdocs\WEBAPPS\Kokoruns\system\Filters\CSRF.php(85): CodeIgniter\Security\Security->CSRFVerify(Object(CodeIgniter\HTTP\IncomingRequest))
#2 C:\xampp\htdocs\WEBAPPS\Kokoruns\system\Filters\Filters.php(173): CodeIgniter\Filters\CSRF->before(Object(CodeIgniter\HTTP\IncomingRequest), NULL)
#3 C:\xampp\htdocs\WEBAPPS\Kokoruns\system\CodeIgniter.php(378): CodeIgniter\Filters\Filters->run('front/getAllLGA...', 'before')
#4 C:\xampp\htdocs\WEBAPPS\Kokoruns\system\CodeIgniter.php(308): CodeIgniter\CodeIgniter->handleRequest(NULL, Object(Config\Cache), false)
#5 C:\xampp\htdocs\WEBAPPS\Kokoruns\index.php(45): CodeIgniter\CodeIgniter->run()
#6 {main}
CRITICAL - 2020-08-13 17:47:54 --> Array to string conversion
#0 C:\xampp\htdocs\WEBAPPS\Kokoruns\app\Controllers\Front.php(346): CodeIgniter\Debug\Exceptions->errorHandler(8, 'Array to string...', 'C:\\xampp\\htdocs...', 346, Array)
#1 C:\xampp\htdocs\WEBAPPS\Kokoruns\system\CodeIgniter.php(914): App\Controllers\Front->getAllLGAs()
#2 C:\xampp\htdocs\WEBAPPS\Kokoruns\system\CodeIgniter.php(400): CodeIgniter\CodeIgniter->runController(Object(App\Controllers\Front))
#3 C:\xampp\htdocs\WEBAPPS\Kokoruns\system\CodeIgniter.php(308): CodeIgniter\CodeIgniter->handleRequest(NULL, Object(Config\Cache), false)
#4 C:\xampp\htdocs\WEBAPPS\Kokoruns\index.php(45): CodeIgniter\CodeIgniter->run()
#5 {main}
CRITICAL - 2020-08-13 17:49:52 --> Trying to get property 'id' of non-object
#0 C:\xampp\htdocs\WEBAPPS\Kokoruns\app\Controllers\Front.php(354): CodeIgniter\Debug\Exceptions->errorHandler(8, 'Trying to get p...', 'C:\\xampp\\htdocs...', 354, Array)
#1 C:\xampp\htdocs\WEBAPPS\Kokoruns\system\CodeIgniter.php(914): App\Controllers\Front->getAllLGAs()
#2 C:\xampp\htdocs\WEBAPPS\Kokoruns\system\CodeIgniter.php(400): CodeIgniter\CodeIgniter->runController(Object(App\Controllers\Front))
#3 C:\xampp\htdocs\WEBAPPS\Kokoruns\system\CodeIgniter.php(308): CodeIgniter\CodeIgniter->handleRequest(NULL, Object(Config\Cache), false)
#4 C:\xampp\htdocs\WEBAPPS\Kokoruns\index.php(45): CodeIgniter\CodeIgniter->run()
#5 {main}
