CRITICAL - 2020-11-30 15:01:36 --> Duplicate entry 'swsw-swsw' for key 'PRIMARY'
#0 /home/kokoruns/public_html/system/Database/MySQLi/Connection.php(331): mysqli->query('INSERT INTO `ta...')
#1 /home/kokoruns/public_html/system/Database/BaseConnection.php(738): CodeIgniter\Database\MySQLi\Connection->execute('INSERT INTO `ta...')
#2 /home/kokoruns/public_html/system/Database/BaseConnection.php(666): CodeIgniter\Database\BaseConnection->simpleQuery('INSERT INTO `ta...')
#3 /home/kokoruns/public_html/system/Database/BaseBuilder.php(2234): CodeIgniter\Database\BaseConnection->query('INSERT INTO `ta...', Array, false)
#4 /home/kokoruns/public_html/system/Model.php(729): CodeIgniter\Database\BaseBuilder->insert()
#5 /home/kokoruns/public_html/app/Controllers/Applicant.php(455): CodeIgniter\Model->insert(Array)
#6 /home/kokoruns/public_html/system/CodeIgniter.php(914): App\Controllers\Applicant->addexperienceaction()
#7 /home/kokoruns/public_html/system/CodeIgniter.php(400): CodeIgniter\CodeIgniter->runController(Object(App\Controllers\Applicant))
#8 /home/kokoruns/public_html/system/CodeIgniter.php(308): CodeIgniter\CodeIgniter->handleRequest(NULL, Object(Config\Cache), false)
#9 /home/kokoruns/public_html/index.php(45): CodeIgniter\CodeIgniter->run()
#10 {main}
CRITICAL - 2020-11-30 15:36:45 --> unlink(/home/kokoruns/public_html/public/portfoliopics/1606314543_18e2bd7438dece50020a.jpeg): No such file or directory
#0 [internal function]: CodeIgniter\Debug\Exceptions->errorHandler(2, 'unlink(/home/ko...', '/home/kokoruns/...', 1477, Array)
#1 /home/kokoruns/public_html/app/Controllers/Applicant.php(1477): unlink('/home/kokoruns/...')
#2 /home/kokoruns/public_html/system/CodeIgniter.php(914): App\Controllers\Applicant->deleteportfolioaction()
#3 /home/kokoruns/public_html/system/CodeIgniter.php(400): CodeIgniter\CodeIgniter->runController(Object(App\Controllers\Applicant))
#4 /home/kokoruns/public_html/system/CodeIgniter.php(308): CodeIgniter\CodeIgniter->handleRequest(NULL, Object(Config\Cache), false)
#5 /home/kokoruns/public_html/index.php(45): CodeIgniter\CodeIgniter->run()
#6 {main}
CRITICAL - 2020-11-30 15:41:14 --> unlink(/home/kokoruns/public_html/public/portfoliopics/1606314615_dfd646150594146bffe4.jpeg): No such file or directory
#0 [internal function]: CodeIgniter\Debug\Exceptions->errorHandler(2, 'unlink(/home/ko...', '/home/kokoruns/...', 1477, Array)
#1 /home/kokoruns/public_html/app/Controllers/Applicant.php(1477): unlink('/home/kokoruns/...')
#2 /home/kokoruns/public_html/system/CodeIgniter.php(914): App\Controllers\Applicant->deleteportfolioaction()
#3 /home/kokoruns/public_html/system/CodeIgniter.php(400): CodeIgniter\CodeIgniter->runController(Object(App\Controllers\Applicant))
#4 /home/kokoruns/public_html/system/CodeIgniter.php(308): CodeIgniter\CodeIgniter->handleRequest(NULL, Object(Config\Cache), false)
#5 /home/kokoruns/public_html/index.php(45): CodeIgniter\CodeIgniter->run()
#6 {main}
CRITICAL - 2020-11-30 15:42:10 --> Call to undefined method App\Models\ApplicantPortfolioModel::affectedRows
#0 /home/kokoruns/public_html/app/Controllers/Applicant.php(1473): CodeIgniter\Model->__call('affectedRows', Array)
#1 /home/kokoruns/public_html/system/CodeIgniter.php(914): App\Controllers\Applicant->deleteportfolioaction()
#2 /home/kokoruns/public_html/system/CodeIgniter.php(400): CodeIgniter\CodeIgniter->runController(Object(App\Controllers\Applicant))
#3 /home/kokoruns/public_html/system/CodeIgniter.php(308): CodeIgniter\CodeIgniter->handleRequest(NULL, Object(Config\Cache), false)
#4 /home/kokoruns/public_html/index.php(45): CodeIgniter\CodeIgniter->run()
#5 {main}
CRITICAL - 2020-11-30 15:46:15 --> Argument 2 passed to CodeIgniter\Database\BaseBuilder::like() must be of the type string, array given, called in /home/kokoruns/public_html/system/Model.php on line 1716
#0 /home/kokoruns/public_html/system/Model.php(1716): CodeIgniter\Database\BaseBuilder->like('ffirst_name', Array)
#1 /home/kokoruns/public_html/app/Controllers/Applicant.php(2357): CodeIgniter\Model->__call('like', Array)
#2 /home/kokoruns/public_html/system/CodeIgniter.php(914): App\Controllers\Applicant->searchapplicants()
#3 /home/kokoruns/public_html/system/CodeIgniter.php(400): CodeIgniter\CodeIgniter->runController(Object(App\Controllers\Applicant))
#4 /home/kokoruns/public_html/system/CodeIgniter.php(308): CodeIgniter\CodeIgniter->handleRequest(NULL, Object(Config\Cache), false)
#5 /home/kokoruns/public_html/index.php(45): CodeIgniter\CodeIgniter->run()
#6 {main}
CRITICAL - 2020-11-30 15:58:41 --> Argument 2 passed to CodeIgniter\Database\BaseBuilder::like() must be of the type string, array given, called in /home/kokoruns/public_html/system/Model.php on line 1716
#0 /home/kokoruns/public_html/system/Model.php(1716): CodeIgniter\Database\BaseBuilder->like('ffirst_name', Array)
#1 /home/kokoruns/public_html/app/Controllers/Applicant.php(2357): CodeIgniter\Model->__call('like', Array)
#2 /home/kokoruns/public_html/system/CodeIgniter.php(914): App\Controllers\Applicant->searchapplicants()
#3 /home/kokoruns/public_html/system/CodeIgniter.php(400): CodeIgniter\CodeIgniter->runController(Object(App\Controllers\Applicant))
#4 /home/kokoruns/public_html/system/CodeIgniter.php(308): CodeIgniter\CodeIgniter->handleRequest(NULL, Object(Config\Cache), false)
#5 /home/kokoruns/public_html/index.php(45): CodeIgniter\CodeIgniter->run()
#6 {main}
CRITICAL - 2020-11-30 15:58:47 --> Argument 2 passed to CodeIgniter\Database\BaseBuilder::like() must be of the type string, array given, called in /home/kokoruns/public_html/system/Model.php on line 1716
#0 /home/kokoruns/public_html/system/Model.php(1716): CodeIgniter\Database\BaseBuilder->like('ffirst_name', Array)
#1 /home/kokoruns/public_html/app/Controllers/Applicant.php(2357): CodeIgniter\Model->__call('like', Array)
#2 /home/kokoruns/public_html/system/CodeIgniter.php(914): App\Controllers\Applicant->searchapplicants()
#3 /home/kokoruns/public_html/system/CodeIgniter.php(400): CodeIgniter\CodeIgniter->runController(Object(App\Controllers\Applicant))
#4 /home/kokoruns/public_html/system/CodeIgniter.php(308): CodeIgniter\CodeIgniter->handleRequest(NULL, Object(Config\Cache), false)
#5 /home/kokoruns/public_html/index.php(45): CodeIgniter\CodeIgniter->run()
#6 {main}
CRITICAL - 2020-11-30 15:58:48 --> Argument 2 passed to CodeIgniter\Database\BaseBuilder::like() must be of the type string, array given, called in /home/kokoruns/public_html/system/Model.php on line 1716
#0 /home/kokoruns/public_html/system/Model.php(1716): CodeIgniter\Database\BaseBuilder->like('ffirst_name', Array)
#1 /home/kokoruns/public_html/app/Controllers/Applicant.php(2357): CodeIgniter\Model->__call('like', Array)
#2 /home/kokoruns/public_html/system/CodeIgniter.php(914): App\Controllers\Applicant->searchapplicants()
#3 /home/kokoruns/public_html/system/CodeIgniter.php(400): CodeIgniter\CodeIgniter->runController(Object(App\Controllers\Applicant))
#4 /home/kokoruns/public_html/system/CodeIgniter.php(308): CodeIgniter\CodeIgniter->handleRequest(NULL, Object(Config\Cache), false)
#5 /home/kokoruns/public_html/index.php(45): CodeIgniter\CodeIgniter->run()
#6 {main}
CRITICAL - 2020-11-30 15:58:50 --> Argument 2 passed to CodeIgniter\Database\BaseBuilder::like() must be of the type string, array given, called in /home/kokoruns/public_html/system/Model.php on line 1716
#0 /home/kokoruns/public_html/system/Model.php(1716): CodeIgniter\Database\BaseBuilder->like('ffirst_name', Array)
#1 /home/kokoruns/public_html/app/Controllers/Applicant.php(2357): CodeIgniter\Model->__call('like', Array)
#2 /home/kokoruns/public_html/system/CodeIgniter.php(914): App\Controllers\Applicant->searchapplicants()
#3 /home/kokoruns/public_html/system/CodeIgniter.php(400): CodeIgniter\CodeIgniter->runController(Object(App\Controllers\Applicant))
#4 /home/kokoruns/public_html/system/CodeIgniter.php(308): CodeIgniter\CodeIgniter->handleRequest(NULL, Object(Config\Cache), false)
#5 /home/kokoruns/public_html/index.php(45): CodeIgniter\CodeIgniter->run()
#6 {main}
CRITICAL - 2020-11-30 15:58:54 --> Argument 2 passed to CodeIgniter\Database\BaseBuilder::like() must be of the type string, array given, called in /home/kokoruns/public_html/system/Model.php on line 1716
#0 /home/kokoruns/public_html/system/Model.php(1716): CodeIgniter\Database\BaseBuilder->like('ffirst_name', Array)
#1 /home/kokoruns/public_html/app/Controllers/Applicant.php(2357): CodeIgniter\Model->__call('like', Array)
#2 /home/kokoruns/public_html/system/CodeIgniter.php(914): App\Controllers\Applicant->searchapplicants()
#3 /home/kokoruns/public_html/system/CodeIgniter.php(400): CodeIgniter\CodeIgniter->runController(Object(App\Controllers\Applicant))
#4 /home/kokoruns/public_html/system/CodeIgniter.php(308): CodeIgniter\CodeIgniter->handleRequest(NULL, Object(Config\Cache), false)
#5 /home/kokoruns/public_html/index.php(45): CodeIgniter\CodeIgniter->run()
#6 {main}
CRITICAL - 2020-11-30 16:07:25 --> Invalid argument supplied for foreach()
#0 /home/kokoruns/public_html/app/Views/front/clogin.php(79): CodeIgniter\Debug\Exceptions->errorHandler(2, 'Invalid argumen...', '/home/kokoruns/...', 79, Array)
#1 /home/kokoruns/public_html/system/View/View.php(246): include('/home/kokoruns/...')
#2 /home/kokoruns/public_html/system/Common.php(1087): CodeIgniter\View\View->render('front/clogin', Array, true)
#3 /home/kokoruns/public_html/app/Controllers/Front.php(326): view('front/clogin')
#4 /home/kokoruns/public_html/system/CodeIgniter.php(914): App\Controllers\Front->clogin()
#5 /home/kokoruns/public_html/system/CodeIgniter.php(400): CodeIgniter\CodeIgniter->runController(Object(App\Controllers\Front))
#6 /home/kokoruns/public_html/system/CodeIgniter.php(308): CodeIgniter\CodeIgniter->handleRequest(NULL, Object(Config\Cache), false)
#7 /home/kokoruns/public_html/index.php(45): CodeIgniter\CodeIgniter->run()
#8 {main}
CRITICAL - 2020-11-30 16:12:45 --> Class 'App\Models\EmployerModel' not found
#0 /home/kokoruns/public_html/system/CodeIgniter.php(914): App\Controllers\Company->dashboard()
#1 /home/kokoruns/public_html/system/CodeIgniter.php(400): CodeIgniter\CodeIgniter->runController(Object(App\Controllers\Company))
#2 /home/kokoruns/public_html/system/CodeIgniter.php(308): CodeIgniter\CodeIgniter->handleRequest(NULL, Object(Config\Cache), false)
#3 /home/kokoruns/public_html/index.php(45): CodeIgniter\CodeIgniter->run()
#4 {main}
CRITICAL - 2020-11-30 16:29:29 --> Invalid file: employer/dashboard.php
#0 /home/kokoruns/public_html/system/View/View.php(228): CodeIgniter\Exceptions\FrameworkException::forInvalidFile('employer/dashbo...')
#1 /home/kokoruns/public_html/system/Common.php(1087): CodeIgniter\View\View->render('employer/dashbo...', Array, true)
#2 /home/kokoruns/public_html/app/Controllers/Company.php(59): view('employer/dashbo...', Array)
#3 /home/kokoruns/public_html/system/CodeIgniter.php(914): App\Controllers\Company->dashboard()
#4 /home/kokoruns/public_html/system/CodeIgniter.php(400): CodeIgniter\CodeIgniter->runController(Object(App\Controllers\Company))
#5 /home/kokoruns/public_html/system/CodeIgniter.php(308): CodeIgniter\CodeIgniter->handleRequest(NULL, Object(Config\Cache), false)
#6 /home/kokoruns/public_html/index.php(45): CodeIgniter\CodeIgniter->run()
#7 {main}
CRITICAL - 2020-11-30 16:30:38 --> Unknown column 'fcompany_id' in 'where clause'
#0 /home/kokoruns/public_html/system/Database/MySQLi/Connection.php(331): mysqli->query('SELECT *\nFROM `...')
#1 /home/kokoruns/public_html/system/Database/BaseConnection.php(738): CodeIgniter\Database\MySQLi\Connection->execute('SELECT *\nFROM `...')
#2 /home/kokoruns/public_html/system/Database/BaseConnection.php(666): CodeIgniter\Database\BaseConnection->simpleQuery('SELECT *\nFROM `...')
#3 /home/kokoruns/public_html/system/Database/BaseBuilder.php(1845): CodeIgniter\Database\BaseConnection->query('SELECT *\nFROM `...', Array, false)
#4 /home/kokoruns/public_html/system/Model.php(489): CodeIgniter\Database\BaseBuilder->get()
#5 /home/kokoruns/public_html/app/Controllers/Company.php(49): CodeIgniter\Model->first()
#6 /home/kokoruns/public_html/system/CodeIgniter.php(914): App\Controllers\Company->dashboard()
#7 /home/kokoruns/public_html/system/CodeIgniter.php(400): CodeIgniter\CodeIgniter->runController(Object(App\Controllers\Company))
#8 /home/kokoruns/public_html/system/CodeIgniter.php(308): CodeIgniter\CodeIgniter->handleRequest(NULL, Object(Config\Cache), false)
#9 /home/kokoruns/public_html/index.php(45): CodeIgniter\CodeIgniter->run()
#10 {main}
CRITICAL - 2020-11-30 16:31:57 --> Unknown column 'fcompany_id' in 'where clause'
#0 /home/kokoruns/public_html/system/Database/MySQLi/Connection.php(331): mysqli->query('SELECT *\nFROM `...')
#1 /home/kokoruns/public_html/system/Database/BaseConnection.php(738): CodeIgniter\Database\MySQLi\Connection->execute('SELECT *\nFROM `...')
#2 /home/kokoruns/public_html/system/Database/BaseConnection.php(666): CodeIgniter\Database\BaseConnection->simpleQuery('SELECT *\nFROM `...')
#3 /home/kokoruns/public_html/system/Database/BaseBuilder.php(1845): CodeIgniter\Database\BaseConnection->query('SELECT *\nFROM `...', Array, false)
#4 /home/kokoruns/public_html/system/Model.php(489): CodeIgniter\Database\BaseBuilder->get()
#5 /home/kokoruns/public_html/app/Controllers/Company.php(49): CodeIgniter\Model->first()
#6 /home/kokoruns/public_html/system/CodeIgniter.php(914): App\Controllers\Company->dashboard()
#7 /home/kokoruns/public_html/system/CodeIgniter.php(400): CodeIgniter\CodeIgniter->runController(Object(App\Controllers\Company))
#8 /home/kokoruns/public_html/system/CodeIgniter.php(308): CodeIgniter\CodeIgniter->handleRequest(NULL, Object(Config\Cache), false)
#9 /home/kokoruns/public_html/index.php(45): CodeIgniter\CodeIgniter->run()
#10 {main}
CRITICAL - 2020-11-30 16:33:26 --> Unknown column 'fcompany_id' in 'where clause'
#0 /home/kokoruns/public_html/system/Database/MySQLi/Connection.php(331): mysqli->query('SELECT *\nFROM `...')
#1 /home/kokoruns/public_html/system/Database/BaseConnection.php(738): CodeIgniter\Database\MySQLi\Connection->execute('SELECT *\nFROM `...')
#2 /home/kokoruns/public_html/system/Database/BaseConnection.php(666): CodeIgniter\Database\BaseConnection->simpleQuery('SELECT *\nFROM `...')
#3 /home/kokoruns/public_html/system/Database/BaseBuilder.php(1845): CodeIgniter\Database\BaseConnection->query('SELECT *\nFROM `...', Array, false)
#4 /home/kokoruns/public_html/system/Model.php(489): CodeIgniter\Database\BaseBuilder->get()
#5 /home/kokoruns/public_html/app/Controllers/Company.php(49): CodeIgniter\Model->first()
#6 /home/kokoruns/public_html/system/CodeIgniter.php(914): App\Controllers\Company->dashboard()
#7 /home/kokoruns/public_html/system/CodeIgniter.php(400): CodeIgniter\CodeIgniter->runController(Object(App\Controllers\Company))
#8 /home/kokoruns/public_html/system/CodeIgniter.php(308): CodeIgniter\CodeIgniter->handleRequest(NULL, Object(Config\Cache), false)
#9 /home/kokoruns/public_html/index.php(45): CodeIgniter\CodeIgniter->run()
#10 {main}
CRITICAL - 2020-11-30 16:33:31 --> Unknown column 'fcompany_id' in 'where clause'
#0 /home/kokoruns/public_html/system/Database/MySQLi/Connection.php(331): mysqli->query('SELECT *\nFROM `...')
#1 /home/kokoruns/public_html/system/Database/BaseConnection.php(738): CodeIgniter\Database\MySQLi\Connection->execute('SELECT *\nFROM `...')
#2 /home/kokoruns/public_html/system/Database/BaseConnection.php(666): CodeIgniter\Database\BaseConnection->simpleQuery('SELECT *\nFROM `...')
#3 /home/kokoruns/public_html/system/Database/BaseBuilder.php(1845): CodeIgniter\Database\BaseConnection->query('SELECT *\nFROM `...', Array, false)
#4 /home/kokoruns/public_html/system/Model.php(489): CodeIgniter\Database\BaseBuilder->get()
#5 /home/kokoruns/public_html/app/Controllers/Company.php(49): CodeIgniter\Model->first()
#6 /home/kokoruns/public_html/system/CodeIgniter.php(914): App\Controllers\Company->dashboard()
#7 /home/kokoruns/public_html/system/CodeIgniter.php(400): CodeIgniter\CodeIgniter->runController(Object(App\Controllers\Company))
#8 /home/kokoruns/public_html/system/CodeIgniter.php(308): CodeIgniter\CodeIgniter->handleRequest(NULL, Object(Config\Cache), false)
#9 /home/kokoruns/public_html/index.php(45): CodeIgniter\CodeIgniter->run()
#10 {main}
CRITICAL - 2020-11-30 16:33:32 --> Unknown column 'fcompany_id' in 'where clause'
#0 /home/kokoruns/public_html/system/Database/MySQLi/Connection.php(331): mysqli->query('SELECT *\nFROM `...')
#1 /home/kokoruns/public_html/system/Database/BaseConnection.php(738): CodeIgniter\Database\MySQLi\Connection->execute('SELECT *\nFROM `...')
#2 /home/kokoruns/public_html/system/Database/BaseConnection.php(666): CodeIgniter\Database\BaseConnection->simpleQuery('SELECT *\nFROM `...')
#3 /home/kokoruns/public_html/system/Database/BaseBuilder.php(1845): CodeIgniter\Database\BaseConnection->query('SELECT *\nFROM `...', Array, false)
#4 /home/kokoruns/public_html/system/Model.php(489): CodeIgniter\Database\BaseBuilder->get()
#5 /home/kokoruns/public_html/app/Controllers/Company.php(49): CodeIgniter\Model->first()
#6 /home/kokoruns/public_html/system/CodeIgniter.php(914): App\Controllers\Company->dashboard()
#7 /home/kokoruns/public_html/system/CodeIgniter.php(400): CodeIgniter\CodeIgniter->runController(Object(App\Controllers\Company))
#8 /home/kokoruns/public_html/system/CodeIgniter.php(308): CodeIgniter\CodeIgniter->handleRequest(NULL, Object(Config\Cache), false)
#9 /home/kokoruns/public_html/index.php(45): CodeIgniter\CodeIgniter->run()
#10 {main}
CRITICAL - 2020-11-30 16:33:47 --> Unknown column 'fcompany_id' in 'where clause'
#0 /home/kokoruns/public_html/system/Database/MySQLi/Connection.php(331): mysqli->query('SELECT *\nFROM `...')
#1 /home/kokoruns/public_html/system/Database/BaseConnection.php(738): CodeIgniter\Database\MySQLi\Connection->execute('SELECT *\nFROM `...')
#2 /home/kokoruns/public_html/system/Database/BaseConnection.php(666): CodeIgniter\Database\BaseConnection->simpleQuery('SELECT *\nFROM `...')
#3 /home/kokoruns/public_html/system/Database/BaseBuilder.php(1845): CodeIgniter\Database\BaseConnection->query('SELECT *\nFROM `...', Array, false)
#4 /home/kokoruns/public_html/system/Model.php(489): CodeIgniter\Database\BaseBuilder->get()
#5 /home/kokoruns/public_html/app/Controllers/Company.php(49): CodeIgniter\Model->first()
#6 /home/kokoruns/public_html/system/CodeIgniter.php(914): App\Controllers\Company->dashboard()
#7 /home/kokoruns/public_html/system/CodeIgniter.php(400): CodeIgniter\CodeIgniter->runController(Object(App\Controllers\Company))
#8 /home/kokoruns/public_html/system/CodeIgniter.php(308): CodeIgniter\CodeIgniter->handleRequest(NULL, Object(Config\Cache), false)
#9 /home/kokoruns/public_html/index.php(45): CodeIgniter\CodeIgniter->run()
#10 {main}
CRITICAL - 2020-11-30 16:34:19 --> Unknown column 'fcompany_id' in 'where clause'
#0 /home/kokoruns/public_html/system/Database/MySQLi/Connection.php(331): mysqli->query('SELECT *\nFROM `...')
#1 /home/kokoruns/public_html/system/Database/BaseConnection.php(738): CodeIgniter\Database\MySQLi\Connection->execute('SELECT *\nFROM `...')
#2 /home/kokoruns/public_html/system/Database/BaseConnection.php(666): CodeIgniter\Database\BaseConnection->simpleQuery('SELECT *\nFROM `...')
#3 /home/kokoruns/public_html/system/Database/BaseBuilder.php(1845): CodeIgniter\Database\BaseConnection->query('SELECT *\nFROM `...', Array, false)
#4 /home/kokoruns/public_html/system/Model.php(489): CodeIgniter\Database\BaseBuilder->get()
#5 /home/kokoruns/public_html/app/Controllers/Company.php(49): CodeIgniter\Model->first()
#6 /home/kokoruns/public_html/system/CodeIgniter.php(914): App\Controllers\Company->dashboard()
#7 /home/kokoruns/public_html/system/CodeIgniter.php(400): CodeIgniter\CodeIgniter->runController(Object(App\Controllers\Company))
#8 /home/kokoruns/public_html/system/CodeIgniter.php(308): CodeIgniter\CodeIgniter->handleRequest(NULL, Object(Config\Cache), false)
#9 /home/kokoruns/public_html/index.php(45): CodeIgniter\CodeIgniter->run()
#10 {main}
