CRITICAL - 2021-01-24 12:33:18 --> syntax error, unexpected 's' (T_STRING)
#0 C:\xampp\htdocs\WEBAPPS\kokoruns\system\Router\Router.php(192): CodeIgniter\Router\Router->autoRoute('association/das...')
#1 C:\xampp\htdocs\WEBAPPS\kokoruns\system\CodeIgniter.php(789): CodeIgniter\Router\Router->handle('association/das...')
#2 C:\xampp\htdocs\WEBAPPS\kokoruns\system\CodeIgniter.php(360): CodeIgniter\CodeIgniter->tryToRouteIt(Object(CodeIgniter\Router\RouteCollection))
#3 C:\xampp\htdocs\WEBAPPS\kokoruns\system\CodeIgniter.php(308): CodeIgniter\CodeIgniter->handleRequest(NULL, Object(Config\Cache), false)
#4 C:\xampp\htdocs\WEBAPPS\kokoruns\index.php(45): CodeIgniter\CodeIgniter->run()
#5 {main}
CRITICAL - 2021-01-24 16:32:38 --> Cannot use object of type mysqli as array
#0 C:\xampp\htdocs\WEBAPPS\kokoruns\system\CodeIgniter.php(914): App\Controllers\Association->loadassociationevents()
#1 C:\xampp\htdocs\WEBAPPS\kokoruns\system\CodeIgniter.php(400): CodeIgniter\CodeIgniter->runController(Object(App\Controllers\Association))
#2 C:\xampp\htdocs\WEBAPPS\kokoruns\system\CodeIgniter.php(308): CodeIgniter\CodeIgniter->handleRequest(NULL, Object(Config\Cache), false)
#3 C:\xampp\htdocs\WEBAPPS\kokoruns\index.php(45): CodeIgniter\CodeIgniter->run()
#4 {main}
CRITICAL - 2021-01-24 16:32:38 --> Cannot use object of type mysqli as array
#0 C:\xampp\htdocs\WEBAPPS\kokoruns\system\CodeIgniter.php(914): App\Controllers\Association->loadassociationevents()
#1 C:\xampp\htdocs\WEBAPPS\kokoruns\system\CodeIgniter.php(400): CodeIgniter\CodeIgniter->runController(Object(App\Controllers\Association))
#2 C:\xampp\htdocs\WEBAPPS\kokoruns\system\CodeIgniter.php(308): CodeIgniter\CodeIgniter->handleRequest(NULL, Object(Config\Cache), false)
#3 C:\xampp\htdocs\WEBAPPS\kokoruns\index.php(45): CodeIgniter\CodeIgniter->run()
#4 {main}
CRITICAL - 2021-01-24 16:32:44 --> Cannot use object of type mysqli as array
#0 C:\xampp\htdocs\WEBAPPS\kokoruns\system\CodeIgniter.php(914): App\Controllers\Association->loadassociationevents()
#1 C:\xampp\htdocs\WEBAPPS\kokoruns\system\CodeIgniter.php(400): CodeIgniter\CodeIgniter->runController(Object(App\Controllers\Association))
#2 C:\xampp\htdocs\WEBAPPS\kokoruns\system\CodeIgniter.php(308): CodeIgniter\CodeIgniter->handleRequest(NULL, Object(Config\Cache), false)
#3 C:\xampp\htdocs\WEBAPPS\kokoruns\index.php(45): CodeIgniter\CodeIgniter->run()
#4 {main}
CRITICAL - 2021-01-24 16:32:44 --> Cannot use object of type mysqli as array
#0 C:\xampp\htdocs\WEBAPPS\kokoruns\system\CodeIgniter.php(914): App\Controllers\Association->loadassociationevents()
#1 C:\xampp\htdocs\WEBAPPS\kokoruns\system\CodeIgniter.php(400): CodeIgniter\CodeIgniter->runController(Object(App\Controllers\Association))
#2 C:\xampp\htdocs\WEBAPPS\kokoruns\system\CodeIgniter.php(308): CodeIgniter\CodeIgniter->handleRequest(NULL, Object(Config\Cache), false)
#3 C:\xampp\htdocs\WEBAPPS\kokoruns\index.php(45): CodeIgniter\CodeIgniter->run()
#4 {main}
CRITICAL - 2021-01-24 16:41:11 --> Cannot use object of type stdClass as array
#0 C:\xampp\htdocs\WEBAPPS\kokoruns\system\CodeIgniter.php(914): App\Controllers\Association->loadassociationevents()
#1 C:\xampp\htdocs\WEBAPPS\kokoruns\system\CodeIgniter.php(400): CodeIgniter\CodeIgniter->runController(Object(App\Controllers\Association))
#2 C:\xampp\htdocs\WEBAPPS\kokoruns\system\CodeIgniter.php(308): CodeIgniter\CodeIgniter->handleRequest(NULL, Object(Config\Cache), false)
#3 C:\xampp\htdocs\WEBAPPS\kokoruns\index.php(45): CodeIgniter\CodeIgniter->run()
#4 {main}
CRITICAL - 2021-01-24 16:41:11 --> Cannot use object of type stdClass as array
#0 C:\xampp\htdocs\WEBAPPS\kokoruns\system\CodeIgniter.php(914): App\Controllers\Association->loadassociationevents()
#1 C:\xampp\htdocs\WEBAPPS\kokoruns\system\CodeIgniter.php(400): CodeIgniter\CodeIgniter->runController(Object(App\Controllers\Association))
#2 C:\xampp\htdocs\WEBAPPS\kokoruns\system\CodeIgniter.php(308): CodeIgniter\CodeIgniter->handleRequest(NULL, Object(Config\Cache), false)
#3 C:\xampp\htdocs\WEBAPPS\kokoruns\index.php(45): CodeIgniter\CodeIgniter->run()
#4 {main}
CRITICAL - 2021-01-24 17:02:50 --> Call to undefined function App\Controllers\strototime()
#0 C:\xampp\htdocs\WEBAPPS\kokoruns\system\CodeIgniter.php(914): App\Controllers\Association->loadassociationevents()
#1 C:\xampp\htdocs\WEBAPPS\kokoruns\system\CodeIgniter.php(400): CodeIgniter\CodeIgniter->runController(Object(App\Controllers\Association))
#2 C:\xampp\htdocs\WEBAPPS\kokoruns\system\CodeIgniter.php(308): CodeIgniter\CodeIgniter->handleRequest(NULL, Object(Config\Cache), false)
#3 C:\xampp\htdocs\WEBAPPS\kokoruns\index.php(45): CodeIgniter\CodeIgniter->run()
#4 {main}
CRITICAL - 2021-01-24 21:06:51 --> Unknown column 'wqdqw' in 'where clause'
#0 C:\xampp\htdocs\WEBAPPS\kokoruns\system\Database\MySQLi\Connection.php(331): mysqli->query('SELECT * FROM `...')
#1 C:\xampp\htdocs\WEBAPPS\kokoruns\system\Database\BaseConnection.php(738): CodeIgniter\Database\MySQLi\Connection->execute('SELECT * FROM `...')
#2 C:\xampp\htdocs\WEBAPPS\kokoruns\system\Database\BaseConnection.php(666): CodeIgniter\Database\BaseConnection->simpleQuery('SELECT * FROM `...')
#3 C:\xampp\htdocs\WEBAPPS\kokoruns\app\Controllers\Association.php(979): CodeIgniter\Database\BaseConnection->query('SELECT * FROM `...')
#4 C:\xampp\htdocs\WEBAPPS\kokoruns\system\CodeIgniter.php(914): App\Controllers\Association->loadassociationevents()
#5 C:\xampp\htdocs\WEBAPPS\kokoruns\system\CodeIgniter.php(400): CodeIgniter\CodeIgniter->runController(Object(App\Controllers\Association))
#6 C:\xampp\htdocs\WEBAPPS\kokoruns\system\CodeIgniter.php(308): CodeIgniter\CodeIgniter->handleRequest(NULL, Object(Config\Cache), false)
#7 C:\xampp\htdocs\WEBAPPS\kokoruns\index.php(45): CodeIgniter\CodeIgniter->run()
#8 {main}
CRITICAL - 2021-01-24 21:06:52 --> Unknown column 'wqdqw' in 'where clause'
#0 C:\xampp\htdocs\WEBAPPS\kokoruns\system\Database\MySQLi\Connection.php(331): mysqli->query('SELECT * FROM `...')
#1 C:\xampp\htdocs\WEBAPPS\kokoruns\system\Database\BaseConnection.php(738): CodeIgniter\Database\MySQLi\Connection->execute('SELECT * FROM `...')
#2 C:\xampp\htdocs\WEBAPPS\kokoruns\system\Database\BaseConnection.php(666): CodeIgniter\Database\BaseConnection->simpleQuery('SELECT * FROM `...')
#3 C:\xampp\htdocs\WEBAPPS\kokoruns\app\Controllers\Association.php(979): CodeIgniter\Database\BaseConnection->query('SELECT * FROM `...')
#4 C:\xampp\htdocs\WEBAPPS\kokoruns\system\CodeIgniter.php(914): App\Controllers\Association->loadassociationevents()
#5 C:\xampp\htdocs\WEBAPPS\kokoruns\system\CodeIgniter.php(400): CodeIgniter\CodeIgniter->runController(Object(App\Controllers\Association))
#6 C:\xampp\htdocs\WEBAPPS\kokoruns\system\CodeIgniter.php(308): CodeIgniter\CodeIgniter->handleRequest(NULL, Object(Config\Cache), false)
#7 C:\xampp\htdocs\WEBAPPS\kokoruns\index.php(45): CodeIgniter\CodeIgniter->run()
#8 {main}
CRITICAL - 2021-01-24 21:22:14 --> Unknown column 'fevent_type' in 'field list'
#0 C:\xampp\htdocs\WEBAPPS\kokoruns\system\Database\MySQLi\Connection.php(331): mysqli->query('INSERT INTO `te...')
#1 C:\xampp\htdocs\WEBAPPS\kokoruns\system\Database\BaseConnection.php(738): CodeIgniter\Database\MySQLi\Connection->execute('INSERT INTO `te...')
#2 C:\xampp\htdocs\WEBAPPS\kokoruns\system\Database\BaseConnection.php(666): CodeIgniter\Database\BaseConnection->simpleQuery('INSERT INTO `te...')
#3 C:\xampp\htdocs\WEBAPPS\kokoruns\system\Database\BaseBuilder.php(2234): CodeIgniter\Database\BaseConnection->query('INSERT INTO `te...', Array, false)
#4 C:\xampp\htdocs\WEBAPPS\kokoruns\system\Model.php(729): CodeIgniter\Database\BaseBuilder->insert()
#5 C:\xampp\htdocs\WEBAPPS\kokoruns\app\Controllers\Association.php(641): CodeIgniter\Model->insert(Array)
#6 C:\xampp\htdocs\WEBAPPS\kokoruns\system\CodeIgniter.php(914): App\Controllers\Association->createeventaction()
#7 C:\xampp\htdocs\WEBAPPS\kokoruns\system\CodeIgniter.php(400): CodeIgniter\CodeIgniter->runController(Object(App\Controllers\Association))
#8 C:\xampp\htdocs\WEBAPPS\kokoruns\system\CodeIgniter.php(308): CodeIgniter\CodeIgniter->handleRequest(NULL, Object(Config\Cache), false)
#9 C:\xampp\htdocs\WEBAPPS\kokoruns\index.php(45): CodeIgniter\CodeIgniter->run()
#10 {main}
