CRITICAL - 2020-09-21 11:14:32 --> Class 'App\Controllers\ApplicantSkillModel' not found
#0 C:\xampp\htdocs\WEBAPPS\Kokoruns\system\CodeIgniter.php(914): App\Controllers\Applicant->addskillaction()
#1 C:\xampp\htdocs\WEBAPPS\Kokoruns\system\CodeIgniter.php(400): CodeIgniter\CodeIgniter->runController(Object(App\Controllers\Applicant))
#2 C:\xampp\htdocs\WEBAPPS\Kokoruns\system\CodeIgniter.php(308): CodeIgniter\CodeIgniter->handleRequest(NULL, Object(Config\Cache), false)
#3 C:\xampp\htdocs\WEBAPPS\Kokoruns\index.php(45): CodeIgniter\CodeIgniter->run()
#4 {main}
CRITICAL - 2020-09-21 11:21:05 --> Class 'App\Controllers\ApplicantSkillModel' not found
#0 C:\xampp\htdocs\WEBAPPS\Kokoruns\system\CodeIgniter.php(914): App\Controllers\Applicant->addskillaction()
#1 C:\xampp\htdocs\WEBAPPS\Kokoruns\system\CodeIgniter.php(400): CodeIgniter\CodeIgniter->runController(Object(App\Controllers\Applicant))
#2 C:\xampp\htdocs\WEBAPPS\Kokoruns\system\CodeIgniter.php(308): CodeIgniter\CodeIgniter->handleRequest(NULL, Object(Config\Cache), false)
#3 C:\xampp\htdocs\WEBAPPS\Kokoruns\index.php(45): CodeIgniter\CodeIgniter->run()
#4 {main}
CRITICAL - 2020-09-21 11:31:28 --> Trying to get property 'fskill' of non-object
#0 C:\xampp\htdocs\WEBAPPS\Kokoruns\app\Views\applicant\dashboard.php(776): CodeIgniter\Debug\Exceptions->errorHandler(8, 'Trying to get p...', 'C:\\xampp\\htdocs...', 776, Array)
#1 C:\xampp\htdocs\WEBAPPS\Kokoruns\system\View\View.php(246): include('C:\\xampp\\htdocs...')
#2 C:\xampp\htdocs\WEBAPPS\Kokoruns\system\Common.php(1087): CodeIgniter\View\View->render('applicant/dashb...', Array, true)
#3 C:\xampp\htdocs\WEBAPPS\Kokoruns\app\Controllers\Applicant.php(46): view('applicant/dashb...', Array)
#4 C:\xampp\htdocs\WEBAPPS\Kokoruns\system\CodeIgniter.php(914): App\Controllers\Applicant->dashboard()
#5 C:\xampp\htdocs\WEBAPPS\Kokoruns\system\CodeIgniter.php(400): CodeIgniter\CodeIgniter->runController(Object(App\Controllers\Applicant))
#6 C:\xampp\htdocs\WEBAPPS\Kokoruns\system\CodeIgniter.php(308): CodeIgniter\CodeIgniter->handleRequest(NULL, Object(Config\Cache), false)
#7 C:\xampp\htdocs\WEBAPPS\Kokoruns\index.php(45): CodeIgniter\CodeIgniter->run()
#8 {main}
CRITICAL - 2020-09-21 11:52:58 --> Class 'App\Controllers\ApplicantOtherSkillModel' not found
#0 C:\xampp\htdocs\WEBAPPS\Kokoruns\system\CodeIgniter.php(914): App\Controllers\Applicant->addotherskillaction()
#1 C:\xampp\htdocs\WEBAPPS\Kokoruns\system\CodeIgniter.php(400): CodeIgniter\CodeIgniter->runController(Object(App\Controllers\Applicant))
#2 C:\xampp\htdocs\WEBAPPS\Kokoruns\system\CodeIgniter.php(308): CodeIgniter\CodeIgniter->handleRequest(NULL, Object(Config\Cache), false)
#3 C:\xampp\htdocs\WEBAPPS\Kokoruns\index.php(45): CodeIgniter\CodeIgniter->run()
#4 {main}
CRITICAL - 2020-09-21 11:54:31 --> Class 'App\Controllers\ApplicantOtherSkillModel' not found
#0 C:\xampp\htdocs\WEBAPPS\Kokoruns\system\CodeIgniter.php(914): App\Controllers\Applicant->addotherskillaction()
#1 C:\xampp\htdocs\WEBAPPS\Kokoruns\system\CodeIgniter.php(400): CodeIgniter\CodeIgniter->runController(Object(App\Controllers\Applicant))
#2 C:\xampp\htdocs\WEBAPPS\Kokoruns\system\CodeIgniter.php(308): CodeIgniter\CodeIgniter->handleRequest(NULL, Object(Config\Cache), false)
#3 C:\xampp\htdocs\WEBAPPS\Kokoruns\index.php(45): CodeIgniter\CodeIgniter->run()
#4 {main}
CRITICAL - 2020-09-21 12:01:10 --> Call to undefined method App\Models\ApplicantOtherSkillModel::affectedRows
#0 C:\xampp\htdocs\WEBAPPS\Kokoruns\app\Controllers\Applicant.php(580): CodeIgniter\Model->__call('affectedRows', Array)
#1 C:\xampp\htdocs\WEBAPPS\Kokoruns\system\CodeIgniter.php(914): App\Controllers\Applicant->deleteotherskillaction('3')
#2 C:\xampp\htdocs\WEBAPPS\Kokoruns\system\CodeIgniter.php(400): CodeIgniter\CodeIgniter->runController(Object(App\Controllers\Applicant))
#3 C:\xampp\htdocs\WEBAPPS\Kokoruns\system\CodeIgniter.php(308): CodeIgniter\CodeIgniter->handleRequest(NULL, Object(Config\Cache), false)
#4 C:\xampp\htdocs\WEBAPPS\Kokoruns\index.php(45): CodeIgniter\CodeIgniter->run()
#5 {main}
CRITICAL - 2020-09-21 12:01:29 --> Call to undefined method App\Models\ApplicantOtherSkillModel::affectedRows
#0 C:\xampp\htdocs\WEBAPPS\Kokoruns\app\Controllers\Applicant.php(580): CodeIgniter\Model->__call('affectedRows', Array)
#1 C:\xampp\htdocs\WEBAPPS\Kokoruns\system\CodeIgniter.php(914): App\Controllers\Applicant->deleteotherskillaction('3')
#2 C:\xampp\htdocs\WEBAPPS\Kokoruns\system\CodeIgniter.php(400): CodeIgniter\CodeIgniter->runController(Object(App\Controllers\Applicant))
#3 C:\xampp\htdocs\WEBAPPS\Kokoruns\system\CodeIgniter.php(308): CodeIgniter\CodeIgniter->handleRequest(NULL, Object(Config\Cache), false)
#4 C:\xampp\htdocs\WEBAPPS\Kokoruns\index.php(45): CodeIgniter\CodeIgniter->run()
#5 {main}
CRITICAL - 2020-09-21 12:01:43 --> Call to undefined method App\Models\ApplicantOtherSkillModel::affectedRows
#0 C:\xampp\htdocs\WEBAPPS\Kokoruns\app\Controllers\Applicant.php(580): CodeIgniter\Model->__call('affectedRows', Array)
#1 C:\xampp\htdocs\WEBAPPS\Kokoruns\system\CodeIgniter.php(914): App\Controllers\Applicant->deleteotherskillaction('3')
#2 C:\xampp\htdocs\WEBAPPS\Kokoruns\system\CodeIgniter.php(400): CodeIgniter\CodeIgniter->runController(Object(App\Controllers\Applicant))
#3 C:\xampp\htdocs\WEBAPPS\Kokoruns\system\CodeIgniter.php(308): CodeIgniter\CodeIgniter->handleRequest(NULL, Object(Config\Cache), false)
#4 C:\xampp\htdocs\WEBAPPS\Kokoruns\index.php(45): CodeIgniter\CodeIgniter->run()
#5 {main}
CRITICAL - 2020-09-21 12:03:02 --> Undefined variable: oskill
#0 C:\xampp\htdocs\WEBAPPS\Kokoruns\app\Views\applicant\dashboard.php(845): CodeIgniter\Debug\Exceptions->errorHandler(8, 'Undefined varia...', 'C:\\xampp\\htdocs...', 845, Array)
#1 C:\xampp\htdocs\WEBAPPS\Kokoruns\system\View\View.php(246): include('C:\\xampp\\htdocs...')
#2 C:\xampp\htdocs\WEBAPPS\Kokoruns\system\Common.php(1087): CodeIgniter\View\View->render('applicant/dashb...', Array, true)
#3 C:\xampp\htdocs\WEBAPPS\Kokoruns\app\Controllers\Applicant.php(50): view('applicant/dashb...', Array)
#4 C:\xampp\htdocs\WEBAPPS\Kokoruns\system\CodeIgniter.php(914): App\Controllers\Applicant->dashboard()
#5 C:\xampp\htdocs\WEBAPPS\Kokoruns\system\CodeIgniter.php(400): CodeIgniter\CodeIgniter->runController(Object(App\Controllers\Applicant))
#6 C:\xampp\htdocs\WEBAPPS\Kokoruns\system\CodeIgniter.php(308): CodeIgniter\CodeIgniter->handleRequest(NULL, Object(Config\Cache), false)
#7 C:\xampp\htdocs\WEBAPPS\Kokoruns\index.php(45): CodeIgniter\CodeIgniter->run()
#8 {main}
CRITICAL - 2020-09-21 12:19:50 --> Undefined variable: username
#0 C:\xampp\htdocs\WEBAPPS\Kokoruns\app\Controllers\Applicant.php(421): CodeIgniter\Debug\Exceptions->errorHandler(8, 'Undefined varia...', 'C:\\xampp\\htdocs...', 421, Array)
#1 C:\xampp\htdocs\WEBAPPS\Kokoruns\system\CodeIgniter.php(914): App\Controllers\Applicant->uploadportfolioaction()
#2 C:\xampp\htdocs\WEBAPPS\Kokoruns\system\CodeIgniter.php(400): CodeIgniter\CodeIgniter->runController(Object(App\Controllers\Applicant))
#3 C:\xampp\htdocs\WEBAPPS\Kokoruns\system\CodeIgniter.php(308): CodeIgniter\CodeIgniter->handleRequest(NULL, Object(Config\Cache), false)
#4 C:\xampp\htdocs\WEBAPPS\Kokoruns\index.php(45): CodeIgniter\CodeIgniter->run()
#5 {main}
CRITICAL - 2020-09-21 12:31:42 --> Unknown column 'fuser_name' in 'where clause'
#0 C:\xampp\htdocs\WEBAPPS\Kokoruns\system\Database\MySQLi\Connection.php(331): mysqli->query('SELECT *\nFROM `...')
#1 C:\xampp\htdocs\WEBAPPS\Kokoruns\system\Database\BaseConnection.php(738): CodeIgniter\Database\MySQLi\Connection->execute('SELECT *\nFROM `...')
#2 C:\xampp\htdocs\WEBAPPS\Kokoruns\system\Database\BaseConnection.php(666): CodeIgniter\Database\BaseConnection->simpleQuery('SELECT *\nFROM `...')
#3 C:\xampp\htdocs\WEBAPPS\Kokoruns\system\Database\BaseBuilder.php(1845): CodeIgniter\Database\BaseConnection->query('SELECT *\nFROM `...', Array, false)
#4 C:\xampp\htdocs\WEBAPPS\Kokoruns\system\Model.php(445): CodeIgniter\Database\BaseBuilder->get()
#5 C:\xampp\htdocs\WEBAPPS\Kokoruns\app\Controllers\Applicant.php(41): CodeIgniter\Model->findAll()
#6 C:\xampp\htdocs\WEBAPPS\Kokoruns\system\CodeIgniter.php(914): App\Controllers\Applicant->dashboard()
#7 C:\xampp\htdocs\WEBAPPS\Kokoruns\system\CodeIgniter.php(400): CodeIgniter\CodeIgniter->runController(Object(App\Controllers\Applicant))
#8 C:\xampp\htdocs\WEBAPPS\Kokoruns\system\CodeIgniter.php(308): CodeIgniter\CodeIgniter->handleRequest(NULL, Object(Config\Cache), false)
#9 C:\xampp\htdocs\WEBAPPS\Kokoruns\index.php(45): CodeIgniter\CodeIgniter->run()
#10 {main}
CRITICAL - 2020-09-21 12:32:28 --> Unknown column 'fuser_name' in 'where clause'
#0 C:\xampp\htdocs\WEBAPPS\Kokoruns\system\Database\MySQLi\Connection.php(331): mysqli->query('SELECT *\nFROM `...')
#1 C:\xampp\htdocs\WEBAPPS\Kokoruns\system\Database\BaseConnection.php(738): CodeIgniter\Database\MySQLi\Connection->execute('SELECT *\nFROM `...')
#2 C:\xampp\htdocs\WEBAPPS\Kokoruns\system\Database\BaseConnection.php(666): CodeIgniter\Database\BaseConnection->simpleQuery('SELECT *\nFROM `...')
#3 C:\xampp\htdocs\WEBAPPS\Kokoruns\system\Database\BaseBuilder.php(1845): CodeIgniter\Database\BaseConnection->query('SELECT *\nFROM `...', Array, false)
#4 C:\xampp\htdocs\WEBAPPS\Kokoruns\system\Model.php(445): CodeIgniter\Database\BaseBuilder->get()
#5 C:\xampp\htdocs\WEBAPPS\Kokoruns\app\Controllers\Applicant.php(41): CodeIgniter\Model->findAll()
#6 C:\xampp\htdocs\WEBAPPS\Kokoruns\system\CodeIgniter.php(914): App\Controllers\Applicant->dashboard()
#7 C:\xampp\htdocs\WEBAPPS\Kokoruns\system\CodeIgniter.php(400): CodeIgniter\CodeIgniter->runController(Object(App\Controllers\Applicant))
#8 C:\xampp\htdocs\WEBAPPS\Kokoruns\system\CodeIgniter.php(308): CodeIgniter\CodeIgniter->handleRequest(NULL, Object(Config\Cache), false)
#9 C:\xampp\htdocs\WEBAPPS\Kokoruns\index.php(45): CodeIgniter\CodeIgniter->run()
#10 {main}
CRITICAL - 2020-09-21 13:30:10 --> unlink(C:\xampp\htdocs\WEBAPPS\Kokoruns\portfoliopics\1600689334_d0bb9124649f44461dbf.jpeg): No such file or directory
#0 [internal function]: CodeIgniter\Debug\Exceptions->errorHandler(2, 'unlink(C:\\xampp...', 'C:\\xampp\\htdocs...', 444, Array)
#1 C:\xampp\htdocs\WEBAPPS\Kokoruns\app\Controllers\Applicant.php(444): unlink('C:\\xampp\\htdocs...')
#2 C:\xampp\htdocs\WEBAPPS\Kokoruns\system\CodeIgniter.php(914): App\Controllers\Applicant->deleteportfolioaction()
#3 C:\xampp\htdocs\WEBAPPS\Kokoruns\system\CodeIgniter.php(400): CodeIgniter\CodeIgniter->runController(Object(App\Controllers\Applicant))
#4 C:\xampp\htdocs\WEBAPPS\Kokoruns\system\CodeIgniter.php(308): CodeIgniter\CodeIgniter->handleRequest(NULL, Object(Config\Cache), false)
#5 C:\xampp\htdocs\WEBAPPS\Kokoruns\index.php(45): CodeIgniter\CodeIgniter->run()
#6 {main}
