CRITICAL - 2020-12-01 12:28:19 --> Unknown column 'fcompany_id' in 'where clause'
#0 /home/kokoruns/public_html/system/Database/MySQLi/Connection.php(331): mysqli->query('SELECT *\nFROM `...')
#1 /home/kokoruns/public_html/system/Database/BaseConnection.php(738): CodeIgniter\Database\MySQLi\Connection->execute('SELECT *\nFROM `...')
#2 /home/kokoruns/public_html/system/Database/BaseConnection.php(666): CodeIgniter\Database\BaseConnection->simpleQuery('SELECT *\nFROM `...')
#3 /home/kokoruns/public_html/system/Database/BaseBuilder.php(1845): CodeIgniter\Database\BaseConnection->query('SELECT *\nFROM `...', Array, false)
#4 /home/kokoruns/public_html/system/Model.php(489): CodeIgniter\Database\BaseBuilder->get()
#5 /home/kokoruns/public_html/app/Controllers/Company.php(49): CodeIgniter\Model->first()
#6 /home/kokoruns/public_html/system/CodeIgniter.php(914): App\Controllers\Company->dashboard()
#7 /home/kokoruns/public_html/system/CodeIgniter.php(400): CodeIgniter\CodeIgniter->runController(Object(App\Controllers\Company))
#8 /home/kokoruns/public_html/system/CodeIgniter.php(308): CodeIgniter\CodeIgniter->handleRequest(NULL, Object(Config\Cache), false)
#9 /home/kokoruns/public_html/index.php(45): CodeIgniter\CodeIgniter->run()
#10 {main}
CRITICAL - 2020-12-01 12:30:21 --> Unknown column 'fcompany_id' in 'where clause'
#0 /home/kokoruns/public_html/system/Database/MySQLi/Connection.php(331): mysqli->query('SELECT *\nFROM `...')
#1 /home/kokoruns/public_html/system/Database/BaseConnection.php(738): CodeIgniter\Database\MySQLi\Connection->execute('SELECT *\nFROM `...')
#2 /home/kokoruns/public_html/system/Database/BaseConnection.php(666): CodeIgniter\Database\BaseConnection->simpleQuery('SELECT *\nFROM `...')
#3 /home/kokoruns/public_html/system/Database/BaseBuilder.php(1845): CodeIgniter\Database\BaseConnection->query('SELECT *\nFROM `...', Array, false)
#4 /home/kokoruns/public_html/system/Model.php(489): CodeIgniter\Database\BaseBuilder->get()
#5 /home/kokoruns/public_html/app/Controllers/Company.php(49): CodeIgniter\Model->first()
#6 /home/kokoruns/public_html/system/CodeIgniter.php(914): App\Controllers\Company->dashboard()
#7 /home/kokoruns/public_html/system/CodeIgniter.php(400): CodeIgniter\CodeIgniter->runController(Object(App\Controllers\Company))
#8 /home/kokoruns/public_html/system/CodeIgniter.php(308): CodeIgniter\CodeIgniter->handleRequest(NULL, Object(Config\Cache), false)
#9 /home/kokoruns/public_html/index.php(45): CodeIgniter\CodeIgniter->run()
#10 {main}
CRITICAL - 2020-12-01 12:38:32 --> Class 'App\Models\companyGalleryModel' not found
#0 /home/kokoruns/public_html/system/CodeIgniter.php(914): App\Controllers\Company->dashboard()
#1 /home/kokoruns/public_html/system/CodeIgniter.php(400): CodeIgniter\CodeIgniter->runController(Object(App\Controllers\Company))
#2 /home/kokoruns/public_html/system/CodeIgniter.php(308): CodeIgniter\CodeIgniter->handleRequest(NULL, Object(Config\Cache), false)
#3 /home/kokoruns/public_html/index.php(45): CodeIgniter\CodeIgniter->run()
#4 {main}
CRITICAL - 2020-12-01 12:42:45 --> Class 'App\Models\companyGalleryModel' not found
#0 /home/kokoruns/public_html/system/CodeIgniter.php(914): App\Controllers\Company->dashboard()
#1 /home/kokoruns/public_html/system/CodeIgniter.php(400): CodeIgniter\CodeIgniter->runController(Object(App\Controllers\Company))
#2 /home/kokoruns/public_html/system/CodeIgniter.php(308): CodeIgniter\CodeIgniter->handleRequest(NULL, Object(Config\Cache), false)
#3 /home/kokoruns/public_html/index.php(45): CodeIgniter\CodeIgniter->run()
#4 {main}
CRITICAL - 2020-12-01 12:43:22 --> Class 'App\Models\CompanyGalleryModel' not found
#0 /home/kokoruns/public_html/system/CodeIgniter.php(914): App\Controllers\Company->dashboard()
#1 /home/kokoruns/public_html/system/CodeIgniter.php(400): CodeIgniter\CodeIgniter->runController(Object(App\Controllers\Company))
#2 /home/kokoruns/public_html/system/CodeIgniter.php(308): CodeIgniter\CodeIgniter->handleRequest(NULL, Object(Config\Cache), false)
#3 /home/kokoruns/public_html/index.php(45): CodeIgniter\CodeIgniter->run()
#4 {main}
CRITICAL - 2020-12-01 12:44:16 --> Table 'kokoruns_kokoruns.temployer_gallery' doesn't exist
#0 /home/kokoruns/public_html/system/Database/MySQLi/Connection.php(331): mysqli->query('SELECT *\nFROM `...')
#1 /home/kokoruns/public_html/system/Database/BaseConnection.php(738): CodeIgniter\Database\MySQLi\Connection->execute('SELECT *\nFROM `...')
#2 /home/kokoruns/public_html/system/Database/BaseConnection.php(666): CodeIgniter\Database\BaseConnection->simpleQuery('SELECT *\nFROM `...')
#3 /home/kokoruns/public_html/system/Database/BaseBuilder.php(1845): CodeIgniter\Database\BaseConnection->query('SELECT *\nFROM `...', Array, false)
#4 /home/kokoruns/public_html/system/Model.php(445): CodeIgniter\Database\BaseBuilder->get()
#5 /home/kokoruns/public_html/app/Controllers/Company.php(56): CodeIgniter\Model->findAll()
#6 /home/kokoruns/public_html/system/CodeIgniter.php(914): App\Controllers\Company->dashboard()
#7 /home/kokoruns/public_html/system/CodeIgniter.php(400): CodeIgniter\CodeIgniter->runController(Object(App\Controllers\Company))
#8 /home/kokoruns/public_html/system/CodeIgniter.php(308): CodeIgniter\CodeIgniter->handleRequest(NULL, Object(Config\Cache), false)
#9 /home/kokoruns/public_html/index.php(45): CodeIgniter\CodeIgniter->run()
#10 {main}
CRITICAL - 2020-12-01 15:35:03 --> Access denied for user '****'@'localhost' (using password: YES)
#0 C:\xampp\htdocs\WEBAPPS\kokoruns\system\Database\BaseConnection.php(377): CodeIgniter\Database\MySQLi\Connection->connect(false)
#1 C:\xampp\htdocs\WEBAPPS\kokoruns\system\Database\BaseConnection.php(643): CodeIgniter\Database\BaseConnection->initialize()
#2 C:\xampp\htdocs\WEBAPPS\kokoruns\system\Database\BaseBuilder.php(1845): CodeIgniter\Database\BaseConnection->query('SELECT *\nFROM `...', Array, false)
#3 C:\xampp\htdocs\WEBAPPS\kokoruns\system\Model.php(489): CodeIgniter\Database\BaseBuilder->get()
#4 C:\xampp\htdocs\WEBAPPS\kokoruns\app\Controllers\Front.php(414): CodeIgniter\Model->first()
#5 C:\xampp\htdocs\WEBAPPS\kokoruns\system\CodeIgniter.php(914): App\Controllers\Front->loginaction()
#6 C:\xampp\htdocs\WEBAPPS\kokoruns\system\CodeIgniter.php(400): CodeIgniter\CodeIgniter->runController(Object(App\Controllers\Front))
#7 C:\xampp\htdocs\WEBAPPS\kokoruns\system\CodeIgniter.php(308): CodeIgniter\CodeIgniter->handleRequest(NULL, Object(Config\Cache), false)
#8 C:\xampp\htdocs\WEBAPPS\kokoruns\index.php(45): CodeIgniter\CodeIgniter->run()
#9 {main}
