CRITICAL - 2020-12-08 21:06:17 --> Class 'App\Libraries\Zebra_Image' not found
#0 C:\xampp\htdocs\WEBAPPS\kokoruns\system\CodeIgniter.php(914): App\Controllers\Applicant->changeprofilepic()
#1 C:\xampp\htdocs\WEBAPPS\kokoruns\system\CodeIgniter.php(400): CodeIgniter\CodeIgniter->runController(Object(App\Controllers\Applicant))
#2 C:\xampp\htdocs\WEBAPPS\kokoruns\system\CodeIgniter.php(308): CodeIgniter\CodeIgniter->handleRequest(NULL, Object(Config\Cache), false)
#3 C:\xampp\htdocs\WEBAPPS\kokoruns\index.php(45): CodeIgniter\CodeIgniter->run()
#4 {main}
CRITICAL - 2020-12-08 21:07:05 --> Class 'App\Libraries\Zebra_Image' not found
#0 C:\xampp\htdocs\WEBAPPS\kokoruns\system\CodeIgniter.php(914): App\Controllers\Applicant->changeprofilepic()
#1 C:\xampp\htdocs\WEBAPPS\kokoruns\system\CodeIgniter.php(400): CodeIgniter\CodeIgniter->runController(Object(App\Controllers\Applicant))
#2 C:\xampp\htdocs\WEBAPPS\kokoruns\system\CodeIgniter.php(308): CodeIgniter\CodeIgniter->handleRequest(NULL, Object(Config\Cache), false)
#3 C:\xampp\htdocs\WEBAPPS\kokoruns\index.php(45): CodeIgniter\CodeIgniter->run()
#4 {main}
CRITICAL - 2020-12-08 21:10:50 --> App\Controllers\Applicant::changeprofilepic(): Failed opening required 'C:\xampp\htdocs\WEBAPPS\kokoruns\app\Library/Zebra_Image.php' (include_path='C:\xampp\php\PEAR')
#0 [internal function]: CodeIgniter\Debug\Exceptions->shutdownHandler()
#1 {main}
CRITICAL - 2020-12-08 21:20:36 --> App\Controllers\Applicant::changeprofilepic(): Failed opening required 'C:\xampp\htdocs\WEBAPPS\kokoruns\app\Library/Zebra_Image.php' (include_path='C:\xampp\php\PEAR')
#0 [internal function]: CodeIgniter\Debug\Exceptions->shutdownHandler()
#1 {main}
CRITICAL - 2020-12-08 21:21:49 --> App\Controllers\Applicant::changeprofilepic(): Failed opening required 'C:\xampp\htdocs\WEBAPPS\kokoruns\app\Library/Zebra_Image.php' (include_path='C:\xampp\php\PEAR')
#0 [internal function]: CodeIgniter\Debug\Exceptions->shutdownHandler()
#1 {main}
CRITICAL - 2020-12-08 21:22:10 --> App\Controllers\Applicant::changeprofilepic(): Failed opening required 'C:\xampp\htdocs\WEBAPPS\kokoruns\app\Library/Zebra_Image.php' (include_path='C:\xampp\php\PEAR')
#0 [internal function]: CodeIgniter\Debug\Exceptions->shutdownHandler()
#1 {main}
CRITICAL - 2020-12-08 21:23:35 --> App\Controllers\Applicant::changeprofilepic(): Failed opening required 'C:\xampp\htdocs\WEBAPPS\kokoruns\app\Library/Zebra_Image.php' (include_path='C:\xampp\php\PEAR')
#0 [internal function]: CodeIgniter\Debug\Exceptions->shutdownHandler()
#1 {main}
CRITICAL - 2020-12-08 21:24:23 --> App\Controllers\Applicant::changeprofilepic(): Failed opening required 'C:\xampp\htdocs\WEBAPPS\kokoruns\app\Library\Zebra_Image.php' (include_path='C:\xampp\php\PEAR')
#0 [internal function]: CodeIgniter\Debug\Exceptions->shutdownHandler()
#1 {main}
CRITICAL - 2020-12-08 21:25:26 --> Class 'App\Controllers\Zebra_Image' not found
#0 C:\xampp\htdocs\WEBAPPS\kokoruns\system\CodeIgniter.php(914): App\Controllers\Applicant->changeprofilepic()
#1 C:\xampp\htdocs\WEBAPPS\kokoruns\system\CodeIgniter.php(400): CodeIgniter\CodeIgniter->runController(Object(App\Controllers\Applicant))
#2 C:\xampp\htdocs\WEBAPPS\kokoruns\system\CodeIgniter.php(308): CodeIgniter\CodeIgniter->handleRequest(NULL, Object(Config\Cache), false)
#3 C:\xampp\htdocs\WEBAPPS\kokoruns\index.php(45): CodeIgniter\CodeIgniter->run()
#4 {main}
