CRITICAL - 2020-12-24 15:01:04 --> Argument 2 passed to lang() must be of the type array, string given, called in C:\xampp\htdocs\WEBAPPS\kokoruns\system\Email\Email.php on line 2008
#0 C:\xampp\htdocs\WEBAPPS\kokoruns\system\Email\Email.php(2008): lang('Email.SMTPDataF...', 'STARTTLS\r\n')
#1 C:\xampp\htdocs\WEBAPPS\kokoruns\system\Email\Email.php(1877): CodeIgniter\Email\Email->sendData('STARTTLS\r\n')
#2 C:\xampp\htdocs\WEBAPPS\kokoruns\system\Email\Email.php(1842): CodeIgniter\Email\Email->sendCommand('starttls')
#3 C:\xampp\htdocs\WEBAPPS\kokoruns\system\Email\Email.php(1755): CodeIgniter\Email\Email->SMTPConnect()
#4 C:\xampp\htdocs\WEBAPPS\kokoruns\system\Email\Email.php(1641): CodeIgniter\Email\Email->sendWithSmtp()
#5 C:\xampp\htdocs\WEBAPPS\kokoruns\system\Email\Email.php(1550): CodeIgniter\Email\Email->spoolEmail()
#6 C:\xampp\htdocs\WEBAPPS\kokoruns\app\Controllers\Front.php(233): CodeIgniter\Email\Email->send()
#7 C:\xampp\htdocs\WEBAPPS\kokoruns\system\CodeIgniter.php(914): App\Controllers\Front->registeraction()
#8 C:\xampp\htdocs\WEBAPPS\kokoruns\system\CodeIgniter.php(400): CodeIgniter\CodeIgniter->runController(Object(App\Controllers\Front))
#9 C:\xampp\htdocs\WEBAPPS\kokoruns\system\CodeIgniter.php(308): CodeIgniter\CodeIgniter->handleRequest(NULL, Object(Config\Cache), false)
#10 C:\xampp\htdocs\WEBAPPS\kokoruns\index.php(45): CodeIgniter\CodeIgniter->run()
#11 {main}
CRITICAL - 2020-12-24 15:04:18 --> Argument 2 passed to lang() must be of the type array, string given, called in C:\xampp\htdocs\WEBAPPS\kokoruns\system\Email\Email.php on line 2008
#0 C:\xampp\htdocs\WEBAPPS\kokoruns\system\Email\Email.php(2008): lang('Email.SMTPDataF...', 'STARTTLS\r\n')
#1 C:\xampp\htdocs\WEBAPPS\kokoruns\system\Email\Email.php(1877): CodeIgniter\Email\Email->sendData('STARTTLS\r\n')
#2 C:\xampp\htdocs\WEBAPPS\kokoruns\system\Email\Email.php(1842): CodeIgniter\Email\Email->sendCommand('starttls')
#3 C:\xampp\htdocs\WEBAPPS\kokoruns\system\Email\Email.php(1755): CodeIgniter\Email\Email->SMTPConnect()
#4 C:\xampp\htdocs\WEBAPPS\kokoruns\system\Email\Email.php(1641): CodeIgniter\Email\Email->sendWithSmtp()
#5 C:\xampp\htdocs\WEBAPPS\kokoruns\system\Email\Email.php(1550): CodeIgniter\Email\Email->spoolEmail()
#6 C:\xampp\htdocs\WEBAPPS\kokoruns\app\Controllers\Front.php(233): CodeIgniter\Email\Email->send()
#7 C:\xampp\htdocs\WEBAPPS\kokoruns\system\CodeIgniter.php(914): App\Controllers\Front->registeraction()
#8 C:\xampp\htdocs\WEBAPPS\kokoruns\system\CodeIgniter.php(400): CodeIgniter\CodeIgniter->runController(Object(App\Controllers\Front))
#9 C:\xampp\htdocs\WEBAPPS\kokoruns\system\CodeIgniter.php(308): CodeIgniter\CodeIgniter->handleRequest(NULL, Object(Config\Cache), false)
#10 C:\xampp\htdocs\WEBAPPS\kokoruns\index.php(45): CodeIgniter\CodeIgniter->run()
#11 {main}
CRITICAL - 2020-12-24 16:49:51 --> Argument 2 passed to lang() must be of the type array, string given, called in C:\xampp\htdocs\WEBAPPS\kokoruns\system\Email\Email.php on line 2008
#0 C:\xampp\htdocs\WEBAPPS\kokoruns\system\Email\Email.php(2008): lang('Email.SMTPDataF...', 'STARTTLS\r\n')
#1 C:\xampp\htdocs\WEBAPPS\kokoruns\system\Email\Email.php(1877): CodeIgniter\Email\Email->sendData('STARTTLS\r\n')
#2 C:\xampp\htdocs\WEBAPPS\kokoruns\system\Email\Email.php(1842): CodeIgniter\Email\Email->sendCommand('starttls')
#3 C:\xampp\htdocs\WEBAPPS\kokoruns\system\Email\Email.php(1755): CodeIgniter\Email\Email->SMTPConnect()
#4 C:\xampp\htdocs\WEBAPPS\kokoruns\system\Email\Email.php(1641): CodeIgniter\Email\Email->sendWithSmtp()
#5 C:\xampp\htdocs\WEBAPPS\kokoruns\system\Email\Email.php(1550): CodeIgniter\Email\Email->spoolEmail()
#6 C:\xampp\htdocs\WEBAPPS\kokoruns\app\Controllers\Front.php(233): CodeIgniter\Email\Email->send()
#7 C:\xampp\htdocs\WEBAPPS\kokoruns\system\CodeIgniter.php(914): App\Controllers\Front->registeraction()
#8 C:\xampp\htdocs\WEBAPPS\kokoruns\system\CodeIgniter.php(400): CodeIgniter\CodeIgniter->runController(Object(App\Controllers\Front))
#9 C:\xampp\htdocs\WEBAPPS\kokoruns\system\CodeIgniter.php(308): CodeIgniter\CodeIgniter->handleRequest(NULL, Object(Config\Cache), false)
#10 C:\xampp\htdocs\WEBAPPS\kokoruns\index.php(45): CodeIgniter\CodeIgniter->run()
#11 {main}
CRITICAL - 2020-12-24 16:56:17 --> Argument 2 passed to lang() must be of the type array, string given, called in C:\xampp\htdocs\WEBAPPS\kokoruns\system\Email\Email.php on line 2008
#0 C:\xampp\htdocs\WEBAPPS\kokoruns\system\Email\Email.php(2008): lang('Email.SMTPDataF...', 'STARTTLS\r\n')
#1 C:\xampp\htdocs\WEBAPPS\kokoruns\system\Email\Email.php(1877): CodeIgniter\Email\Email->sendData('STARTTLS\r\n')
#2 C:\xampp\htdocs\WEBAPPS\kokoruns\system\Email\Email.php(1842): CodeIgniter\Email\Email->sendCommand('starttls')
#3 C:\xampp\htdocs\WEBAPPS\kokoruns\system\Email\Email.php(1755): CodeIgniter\Email\Email->SMTPConnect()
#4 C:\xampp\htdocs\WEBAPPS\kokoruns\system\Email\Email.php(1641): CodeIgniter\Email\Email->sendWithSmtp()
#5 C:\xampp\htdocs\WEBAPPS\kokoruns\system\Email\Email.php(1550): CodeIgniter\Email\Email->spoolEmail()
#6 C:\xampp\htdocs\WEBAPPS\kokoruns\app\Controllers\Front.php(233): CodeIgniter\Email\Email->send()
#7 C:\xampp\htdocs\WEBAPPS\kokoruns\system\CodeIgniter.php(914): App\Controllers\Front->registeraction()
#8 C:\xampp\htdocs\WEBAPPS\kokoruns\system\CodeIgniter.php(400): CodeIgniter\CodeIgniter->runController(Object(App\Controllers\Front))
#9 C:\xampp\htdocs\WEBAPPS\kokoruns\system\CodeIgniter.php(308): CodeIgniter\CodeIgniter->handleRequest(NULL, Object(Config\Cache), false)
#10 C:\xampp\htdocs\WEBAPPS\kokoruns\index.php(45): CodeIgniter\CodeIgniter->run()
#11 {main}
