CRITICAL - 2020-08-10 10:59:23 --> Too few arguments to function App\Controllers\Front::profile(), 0 passed in C:\xampp\htdocs\WEBAPPS\Kokoruns\system\CodeIgniter.php on line 914 and exactly 1 expected
#0 C:\xampp\htdocs\WEBAPPS\Kokoruns\system\CodeIgniter.php(914): App\Controllers\Front->profile()
#1 C:\xampp\htdocs\WEBAPPS\Kokoruns\system\CodeIgniter.php(400): CodeIgniter\CodeIgniter->runController(Object(App\Controllers\Front))
#2 C:\xampp\htdocs\WEBAPPS\Kokoruns\system\CodeIgniter.php(308): CodeIgniter\CodeIgniter->handleRequest(NULL, Object(Config\Cache), false)
#3 C:\xampp\htdocs\WEBAPPS\Kokoruns\index.php(45): CodeIgniter\CodeIgniter->run()
#4 {main}
CRITICAL - 2020-08-10 11:00:15 --> Too few arguments to function App\Controllers\Front::profile(), 0 passed in C:\xampp\htdocs\WEBAPPS\Kokoruns\system\CodeIgniter.php on line 914 and exactly 1 expected
#0 C:\xampp\htdocs\WEBAPPS\Kokoruns\system\CodeIgniter.php(914): App\Controllers\Front->profile()
#1 C:\xampp\htdocs\WEBAPPS\Kokoruns\system\CodeIgniter.php(400): CodeIgniter\CodeIgniter->runController(Object(App\Controllers\Front))
#2 C:\xampp\htdocs\WEBAPPS\Kokoruns\system\CodeIgniter.php(308): CodeIgniter\CodeIgniter->handleRequest(NULL, Object(Config\Cache), false)
#3 C:\xampp\htdocs\WEBAPPS\Kokoruns\index.php(45): CodeIgniter\CodeIgniter->run()
#4 {main}
CRITICAL - 2020-08-10 11:01:14 --> Invalid file: {0}
#0 C:\xampp\htdocs\WEBAPPS\Kokoruns\system\View\View.php(228): CodeIgniter\Exceptions\FrameworkException::forInvalidFile('front/login.php')
#1 C:\xampp\htdocs\WEBAPPS\Kokoruns\system\Common.php(1087): CodeIgniter\View\View->render('front/login', Array, true)
#2 C:\xampp\htdocs\WEBAPPS\Kokoruns\app\Controllers\Front.php(70): view('front/login')
#3 C:\xampp\htdocs\WEBAPPS\Kokoruns\system\CodeIgniter.php(914): App\Controllers\Front->login()
#4 C:\xampp\htdocs\WEBAPPS\Kokoruns\system\CodeIgniter.php(400): CodeIgniter\CodeIgniter->runController(Object(App\Controllers\Front))
#5 C:\xampp\htdocs\WEBAPPS\Kokoruns\system\CodeIgniter.php(308): CodeIgniter\CodeIgniter->handleRequest(NULL, Object(Config\Cache), false)
#6 C:\xampp\htdocs\WEBAPPS\Kokoruns\index.php(45): CodeIgniter\CodeIgniter->run()
#7 {main}
CRITICAL - 2020-08-10 11:08:07 --> Invalid file: {0}
#0 C:\xampp\htdocs\WEBAPPS\Kokoruns\system\View\View.php(228): CodeIgniter\Exceptions\FrameworkException::forInvalidFile('front/login.php')
#1 C:\xampp\htdocs\WEBAPPS\Kokoruns\system\Common.php(1087): CodeIgniter\View\View->render('front/login', Array, true)
#2 C:\xampp\htdocs\WEBAPPS\Kokoruns\app\Controllers\Front.php(70): view('front/login')
#3 C:\xampp\htdocs\WEBAPPS\Kokoruns\system\CodeIgniter.php(914): App\Controllers\Front->login()
#4 C:\xampp\htdocs\WEBAPPS\Kokoruns\system\CodeIgniter.php(400): CodeIgniter\CodeIgniter->runController(Object(App\Controllers\Front))
#5 C:\xampp\htdocs\WEBAPPS\Kokoruns\system\CodeIgniter.php(308): CodeIgniter\CodeIgniter->handleRequest(NULL, Object(Config\Cache), false)
#6 C:\xampp\htdocs\WEBAPPS\Kokoruns\index.php(45): CodeIgniter\CodeIgniter->run()
#7 {main}
CRITICAL - 2020-08-10 11:16:54 --> Class 'App\Controllers\UserModel' not found
#0 C:\xampp\htdocs\WEBAPPS\Kokoruns\system\CodeIgniter.php(914): App\Controllers\Front->profile('excanny')
#1 C:\xampp\htdocs\WEBAPPS\Kokoruns\system\CodeIgniter.php(400): CodeIgniter\CodeIgniter->runController(Object(App\Controllers\Front))
#2 C:\xampp\htdocs\WEBAPPS\Kokoruns\system\CodeIgniter.php(308): CodeIgniter\CodeIgniter->handleRequest(NULL, Object(Config\Cache), false)
#3 C:\xampp\htdocs\WEBAPPS\Kokoruns\index.php(45): CodeIgniter\CodeIgniter->run()
#4 {main}
CRITICAL - 2020-08-10 11:17:47 --> Class 'App\Controllers\ApplicantModel' not found
#0 C:\xampp\htdocs\WEBAPPS\Kokoruns\system\CodeIgniter.php(914): App\Controllers\Front->profile('excanny')
#1 C:\xampp\htdocs\WEBAPPS\Kokoruns\system\CodeIgniter.php(400): CodeIgniter\CodeIgniter->runController(Object(App\Controllers\Front))
#2 C:\xampp\htdocs\WEBAPPS\Kokoruns\system\CodeIgniter.php(308): CodeIgniter\CodeIgniter->handleRequest(NULL, Object(Config\Cache), false)
#3 C:\xampp\htdocs\WEBAPPS\Kokoruns\index.php(45): CodeIgniter\CodeIgniter->run()
#4 {main}
CRITICAL - 2020-08-10 11:20:01 --> Table 'kokoruns.tcustomers' doesn't exist
#0 C:\xampp\htdocs\WEBAPPS\Kokoruns\system\Database\MySQLi\Connection.php(331): mysqli->query('SELECT *\nFROM `...')
#1 C:\xampp\htdocs\WEBAPPS\Kokoruns\system\Database\BaseConnection.php(738): CodeIgniter\Database\MySQLi\Connection->execute('SELECT *\nFROM `...')
#2 C:\xampp\htdocs\WEBAPPS\Kokoruns\system\Database\BaseConnection.php(666): CodeIgniter\Database\BaseConnection->simpleQuery('SELECT *\nFROM `...')
#3 C:\xampp\htdocs\WEBAPPS\Kokoruns\system\Database\BaseBuilder.php(1845): CodeIgniter\Database\BaseConnection->query('SELECT *\nFROM `...', Array, false)
#4 C:\xampp\htdocs\WEBAPPS\Kokoruns\system\Model.php(489): CodeIgniter\Database\BaseBuilder->get()
#5 C:\xampp\htdocs\WEBAPPS\Kokoruns\app\Controllers\Front.php(131): CodeIgniter\Model->first()
#6 C:\xampp\htdocs\WEBAPPS\Kokoruns\system\CodeIgniter.php(914): App\Controllers\Front->profile('excanny')
#7 C:\xampp\htdocs\WEBAPPS\Kokoruns\system\CodeIgniter.php(400): CodeIgniter\CodeIgniter->runController(Object(App\Controllers\Front))
#8 C:\xampp\htdocs\WEBAPPS\Kokoruns\system\CodeIgniter.php(308): CodeIgniter\CodeIgniter->handleRequest(NULL, Object(Config\Cache), false)
#9 C:\xampp\htdocs\WEBAPPS\Kokoruns\index.php(45): CodeIgniter\CodeIgniter->run()
#10 {main}
CRITICAL - 2020-08-10 11:27:03 --> Unknown column 'fapplicantname' in 'where clause'
#0 C:\xampp\htdocs\WEBAPPS\Kokoruns\system\Database\MySQLi\Connection.php(331): mysqli->query('SELECT *\nFROM `...')
#1 C:\xampp\htdocs\WEBAPPS\Kokoruns\system\Database\BaseConnection.php(738): CodeIgniter\Database\MySQLi\Connection->execute('SELECT *\nFROM `...')
#2 C:\xampp\htdocs\WEBAPPS\Kokoruns\system\Database\BaseConnection.php(666): CodeIgniter\Database\BaseConnection->simpleQuery('SELECT *\nFROM `...')
#3 C:\xampp\htdocs\WEBAPPS\Kokoruns\system\Database\BaseBuilder.php(1845): CodeIgniter\Database\BaseConnection->query('SELECT *\nFROM `...', Array, false)
#4 C:\xampp\htdocs\WEBAPPS\Kokoruns\system\Model.php(489): CodeIgniter\Database\BaseBuilder->get()
#5 C:\xampp\htdocs\WEBAPPS\Kokoruns\app\Controllers\Front.php(131): CodeIgniter\Model->first()
#6 C:\xampp\htdocs\WEBAPPS\Kokoruns\system\CodeIgniter.php(914): App\Controllers\Front->profile('excanny')
#7 C:\xampp\htdocs\WEBAPPS\Kokoruns\system\CodeIgniter.php(400): CodeIgniter\CodeIgniter->runController(Object(App\Controllers\Front))
#8 C:\xampp\htdocs\WEBAPPS\Kokoruns\system\CodeIgniter.php(308): CodeIgniter\CodeIgniter->handleRequest(NULL, Object(Config\Cache), false)
#9 C:\xampp\htdocs\WEBAPPS\Kokoruns\index.php(45): CodeIgniter\CodeIgniter->run()
#10 {main}
CRITICAL - 2020-08-10 11:34:51 --> Invalid file: {0}
#0 C:\xampp\htdocs\WEBAPPS\Kokoruns\system\View\View.php(228): CodeIgniter\Exceptions\FrameworkException::forInvalidFile('front/login.php')
#1 C:\xampp\htdocs\WEBAPPS\Kokoruns\system\Common.php(1087): CodeIgniter\View\View->render('front/login', Array, true)
#2 C:\xampp\htdocs\WEBAPPS\Kokoruns\app\Controllers\Front.php(72): view('front/login')
#3 C:\xampp\htdocs\WEBAPPS\Kokoruns\system\CodeIgniter.php(914): App\Controllers\Front->login()
#4 C:\xampp\htdocs\WEBAPPS\Kokoruns\system\CodeIgniter.php(400): CodeIgniter\CodeIgniter->runController(Object(App\Controllers\Front))
#5 C:\xampp\htdocs\WEBAPPS\Kokoruns\system\CodeIgniter.php(308): CodeIgniter\CodeIgniter->handleRequest(NULL, Object(Config\Cache), false)
#6 C:\xampp\htdocs\WEBAPPS\Kokoruns\index.php(45): CodeIgniter\CodeIgniter->run()
#7 {main}
CRITICAL - 2020-08-10 11:34:53 --> Invalid file: {0}
#0 C:\xampp\htdocs\WEBAPPS\Kokoruns\system\View\View.php(228): CodeIgniter\Exceptions\FrameworkException::forInvalidFile('front/login.php')
#1 C:\xampp\htdocs\WEBAPPS\Kokoruns\system\Common.php(1087): CodeIgniter\View\View->render('front/login', Array, true)
#2 C:\xampp\htdocs\WEBAPPS\Kokoruns\app\Controllers\Front.php(72): view('front/login')
#3 C:\xampp\htdocs\WEBAPPS\Kokoruns\system\CodeIgniter.php(914): App\Controllers\Front->login()
#4 C:\xampp\htdocs\WEBAPPS\Kokoruns\system\CodeIgniter.php(400): CodeIgniter\CodeIgniter->runController(Object(App\Controllers\Front))
#5 C:\xampp\htdocs\WEBAPPS\Kokoruns\system\CodeIgniter.php(308): CodeIgniter\CodeIgniter->handleRequest(NULL, Object(Config\Cache), false)
#6 C:\xampp\htdocs\WEBAPPS\Kokoruns\index.php(45): CodeIgniter\CodeIgniter->run()
#7 {main}
