CRITICAL - 2020-10-15 15:56:50 --> Class 'App\Models\TeamMessageModel' not found
#0 /home/kokoruns/public_html/system/CodeIgniter.php(914): App\Controllers\Applicant->getteammessages()
#1 /home/kokoruns/public_html/system/CodeIgniter.php(400): CodeIgniter\CodeIgniter->runController(Object(App\Controllers\Applicant))
#2 /home/kokoruns/public_html/system/CodeIgniter.php(308): CodeIgniter\CodeIgniter->handleRequest(NULL, Object(Config\Cache), false)
#3 /home/kokoruns/public_html/index.php(45): CodeIgniter\CodeIgniter->run()
#4 {main}
CRITICAL - 2020-10-15 15:56:54 --> Class 'App\Models\TeamMessageModel' not found
#0 /home/kokoruns/public_html/system/CodeIgniter.php(914): App\Controllers\Applicant->getteammessages()
#1 /home/kokoruns/public_html/system/CodeIgniter.php(400): CodeIgniter\CodeIgniter->runController(Object(App\Controllers\Applicant))
#2 /home/kokoruns/public_html/system/CodeIgniter.php(308): CodeIgniter\CodeIgniter->handleRequest(NULL, Object(Config\Cache), false)
#3 /home/kokoruns/public_html/index.php(45): CodeIgniter\CodeIgniter->run()
#4 {main}
CRITICAL - 2020-10-15 15:57:01 --> Class 'App\Models\TeamMemberModel' not found
#0 /home/kokoruns/public_html/system/CodeIgniter.php(914): App\Controllers\Applicant->jointeamaction()
#1 /home/kokoruns/public_html/system/CodeIgniter.php(400): CodeIgniter\CodeIgniter->runController(Object(App\Controllers\Applicant))
#2 /home/kokoruns/public_html/system/CodeIgniter.php(308): CodeIgniter\CodeIgniter->handleRequest(NULL, Object(Config\Cache), false)
#3 /home/kokoruns/public_html/index.php(45): CodeIgniter\CodeIgniter->run()
#4 {main}
CRITICAL - 2020-10-15 16:00:21 --> Unknown column 'fis_active' in 'field list'
#0 /home/kokoruns/public_html/system/Database/MySQLi/Connection.php(331): mysqli->query('INSERT INTO `tt...')
#1 /home/kokoruns/public_html/system/Database/BaseConnection.php(738): CodeIgniter\Database\MySQLi\Connection->execute('INSERT INTO `tt...')
#2 /home/kokoruns/public_html/system/Database/BaseConnection.php(666): CodeIgniter\Database\BaseConnection->simpleQuery('INSERT INTO `tt...')
#3 /home/kokoruns/public_html/system/Database/BaseBuilder.php(2234): CodeIgniter\Database\BaseConnection->query('INSERT INTO `tt...', Array, false)
#4 /home/kokoruns/public_html/system/Model.php(729): CodeIgniter\Database\BaseBuilder->insert()
#5 /home/kokoruns/public_html/app/Controllers/Applicant.php(1214): CodeIgniter\Model->insert(Array)
#6 /home/kokoruns/public_html/system/CodeIgniter.php(914): App\Controllers\Applicant->jointeamaction()
#7 /home/kokoruns/public_html/system/CodeIgniter.php(400): CodeIgniter\CodeIgniter->runController(Object(App\Controllers\Applicant))
#8 /home/kokoruns/public_html/system/CodeIgniter.php(308): CodeIgniter\CodeIgniter->handleRequest(NULL, Object(Config\Cache), false)
#9 /home/kokoruns/public_html/index.php(45): CodeIgniter\CodeIgniter->run()
#10 {main}
CRITICAL - 2020-10-15 16:01:33 --> Unknown column 'fis_active' in 'field list'
#0 /home/kokoruns/public_html/system/Database/MySQLi/Connection.php(331): mysqli->query('INSERT INTO `tt...')
#1 /home/kokoruns/public_html/system/Database/BaseConnection.php(738): CodeIgniter\Database\MySQLi\Connection->execute('INSERT INTO `tt...')
#2 /home/kokoruns/public_html/system/Database/BaseConnection.php(666): CodeIgniter\Database\BaseConnection->simpleQuery('INSERT INTO `tt...')
#3 /home/kokoruns/public_html/system/Database/BaseBuilder.php(2234): CodeIgniter\Database\BaseConnection->query('INSERT INTO `tt...', Array, false)
#4 /home/kokoruns/public_html/system/Model.php(729): CodeIgniter\Database\BaseBuilder->insert()
#5 /home/kokoruns/public_html/app/Controllers/Applicant.php(1214): CodeIgniter\Model->insert(Array)
#6 /home/kokoruns/public_html/system/CodeIgniter.php(914): App\Controllers\Applicant->jointeamaction()
#7 /home/kokoruns/public_html/system/CodeIgniter.php(400): CodeIgniter\CodeIgniter->runController(Object(App\Controllers\Applicant))
#8 /home/kokoruns/public_html/system/CodeIgniter.php(308): CodeIgniter\CodeIgniter->handleRequest(NULL, Object(Config\Cache), false)
#9 /home/kokoruns/public_html/index.php(45): CodeIgniter\CodeIgniter->run()
#10 {main}
CRITICAL - 2020-10-15 16:05:07 --> Class 'App\Models\JobInvitesModel1' not found
#0 /home/kokoruns/public_html/system/CodeIgniter.php(914): App\Controllers\Applicant->jobdash()
#1 /home/kokoruns/public_html/system/CodeIgniter.php(400): CodeIgniter\CodeIgniter->runController(Object(App\Controllers\Applicant))
#2 /home/kokoruns/public_html/system/CodeIgniter.php(308): CodeIgniter\CodeIgniter->handleRequest(NULL, Object(Config\Cache), false)
#3 /home/kokoruns/public_html/index.php(45): CodeIgniter\CodeIgniter->run()
#4 {main}
CRITICAL - 2020-10-15 16:09:10 --> Class 'App\Models\JobInvitesModel1' not found
#0 /home/kokoruns/public_html/system/CodeIgniter.php(914): App\Controllers\Applicant->jobdash()
#1 /home/kokoruns/public_html/system/CodeIgniter.php(400): CodeIgniter\CodeIgniter->runController(Object(App\Controllers\Applicant))
#2 /home/kokoruns/public_html/system/CodeIgniter.php(308): CodeIgniter\CodeIgniter->handleRequest(NULL, Object(Config\Cache), false)
#3 /home/kokoruns/public_html/index.php(45): CodeIgniter\CodeIgniter->run()
#4 {main}
CRITICAL - 2020-10-15 16:09:21 --> Class 'App\Models\JobInvitesModel1' not found
#0 /home/kokoruns/public_html/system/CodeIgniter.php(914): App\Controllers\Applicant->jobdash()
#1 /home/kokoruns/public_html/system/CodeIgniter.php(400): CodeIgniter\CodeIgniter->runController(Object(App\Controllers\Applicant))
#2 /home/kokoruns/public_html/system/CodeIgniter.php(308): CodeIgniter\CodeIgniter->handleRequest(NULL, Object(Config\Cache), false)
#3 /home/kokoruns/public_html/index.php(45): CodeIgniter\CodeIgniter->run()
#4 {main}
CRITICAL - 2020-10-15 16:10:14 --> Class 'App\Models\JobInvitesModel1' not found
#0 /home/kokoruns/public_html/system/CodeIgniter.php(914): App\Controllers\Applicant->jobdash()
#1 /home/kokoruns/public_html/system/CodeIgniter.php(400): CodeIgniter\CodeIgniter->runController(Object(App\Controllers\Applicant))
#2 /home/kokoruns/public_html/system/CodeIgniter.php(308): CodeIgniter\CodeIgniter->handleRequest(NULL, Object(Config\Cache), false)
#3 /home/kokoruns/public_html/index.php(45): CodeIgniter\CodeIgniter->run()
#4 {main}
CRITICAL - 2020-10-15 16:12:27 --> Class 'App\Models\JobInvitesModel' not found
#0 /home/kokoruns/public_html/system/CodeIgniter.php(914): App\Controllers\Applicant->jobdash()
#1 /home/kokoruns/public_html/system/CodeIgniter.php(400): CodeIgniter\CodeIgniter->runController(Object(App\Controllers\Applicant))
#2 /home/kokoruns/public_html/system/CodeIgniter.php(308): CodeIgniter\CodeIgniter->handleRequest(NULL, Object(Config\Cache), false)
#3 /home/kokoruns/public_html/index.php(45): CodeIgniter\CodeIgniter->run()
#4 {main}
CRITICAL - 2020-10-15 16:13:19 --> Class 'App\Models\JobInvitesModel' not found
#0 /home/kokoruns/public_html/system/CodeIgniter.php(914): App\Controllers\Applicant->jobdash()
#1 /home/kokoruns/public_html/system/CodeIgniter.php(400): CodeIgniter\CodeIgniter->runController(Object(App\Controllers\Applicant))
#2 /home/kokoruns/public_html/system/CodeIgniter.php(308): CodeIgniter\CodeIgniter->handleRequest(NULL, Object(Config\Cache), false)
#3 /home/kokoruns/public_html/index.php(45): CodeIgniter\CodeIgniter->run()
#4 {main}
CRITICAL - 2020-10-15 16:38:25 --> Class 'App\Models\JobInvitesModel1' not found
#0 /home/kokoruns/public_html/system/CodeIgniter.php(914): App\Controllers\Applicant->jobdash()
#1 /home/kokoruns/public_html/system/CodeIgniter.php(400): CodeIgniter\CodeIgniter->runController(Object(App\Controllers\Applicant))
#2 /home/kokoruns/public_html/system/CodeIgniter.php(308): CodeIgniter\CodeIgniter->handleRequest(NULL, Object(Config\Cache), false)
#3 /home/kokoruns/public_html/index.php(45): CodeIgniter\CodeIgniter->run()
#4 {main}
CRITICAL - 2020-10-15 16:38:30 --> Class 'App\Models\JobInvitesModel1' not found
#0 /home/kokoruns/public_html/system/CodeIgniter.php(914): App\Controllers\Applicant->jobdash()
#1 /home/kokoruns/public_html/system/CodeIgniter.php(400): CodeIgniter\CodeIgniter->runController(Object(App\Controllers\Applicant))
#2 /home/kokoruns/public_html/system/CodeIgniter.php(308): CodeIgniter\CodeIgniter->handleRequest(NULL, Object(Config\Cache), false)
#3 /home/kokoruns/public_html/index.php(45): CodeIgniter\CodeIgniter->run()
#4 {main}
CRITICAL - 2020-10-15 16:39:04 --> Class 'App\Models\JobInvitesModel1' not found
#0 /home/kokoruns/public_html/system/CodeIgniter.php(914): App\Controllers\Applicant->jobdash()
#1 /home/kokoruns/public_html/system/CodeIgniter.php(400): CodeIgniter\CodeIgniter->runController(Object(App\Controllers\Applicant))
#2 /home/kokoruns/public_html/system/CodeIgniter.php(308): CodeIgniter\CodeIgniter->handleRequest(NULL, Object(Config\Cache), false)
#3 /home/kokoruns/public_html/index.php(45): CodeIgniter\CodeIgniter->run()
#4 {main}
CRITICAL - 2020-10-15 16:40:03 --> Class 'App\Models\JobInvitesModel1' not found
#0 /home/kokoruns/public_html/system/CodeIgniter.php(914): App\Controllers\Applicant->jobdash()
#1 /home/kokoruns/public_html/system/CodeIgniter.php(400): CodeIgniter\CodeIgniter->runController(Object(App\Controllers\Applicant))
#2 /home/kokoruns/public_html/system/CodeIgniter.php(308): CodeIgniter\CodeIgniter->handleRequest(NULL, Object(Config\Cache), false)
#3 /home/kokoruns/public_html/index.php(45): CodeIgniter\CodeIgniter->run()
#4 {main}
CRITICAL - 2020-10-15 17:28:05 --> Table 'kokoruns_kokoruns.trecommendation_requests' doesn't exist
#0 /home/kokoruns/public_html/system/Database/MySQLi/Connection.php(331): mysqli->query('SELECT *\nFROM `...')
#1 /home/kokoruns/public_html/system/Database/BaseConnection.php(738): CodeIgniter\Database\MySQLi\Connection->execute('SELECT *\nFROM `...')
#2 /home/kokoruns/public_html/system/Database/BaseConnection.php(666): CodeIgniter\Database\BaseConnection->simpleQuery('SELECT *\nFROM `...')
#3 /home/kokoruns/public_html/system/Database/BaseBuilder.php(1845): CodeIgniter\Database\BaseConnection->query('SELECT *\nFROM `...', Array, false)
#4 /home/kokoruns/public_html/system/Model.php(445): CodeIgniter\Database\BaseBuilder->get()
#5 /home/kokoruns/public_html/app/Controllers/Applicant.php(1762): CodeIgniter\Model->findAll()
#6 /home/kokoruns/public_html/system/CodeIgniter.php(914): App\Controllers\Applicant->recommendations()
#7 /home/kokoruns/public_html/system/CodeIgniter.php(400): CodeIgniter\CodeIgniter->runController(Object(App\Controllers\Applicant))
#8 /home/kokoruns/public_html/system/CodeIgniter.php(308): CodeIgniter\CodeIgniter->handleRequest(NULL, Object(Config\Cache), false)
#9 /home/kokoruns/public_html/index.php(45): CodeIgniter\CodeIgniter->run()
#10 {main}
CRITICAL - 2020-10-15 17:32:10 --> Invalid file: applicant/allaboutyou.php
#0 /home/kokoruns/public_html/system/View/View.php(228): CodeIgniter\Exceptions\FrameworkException::forInvalidFile('applicant/allab...')
#1 /home/kokoruns/public_html/system/Common.php(1087): CodeIgniter\View\View->render('applicant/allab...', Array, true)
#2 /home/kokoruns/public_html/app/Controllers/Applicant.php(1730): view('applicant/allab...')
#3 /home/kokoruns/public_html/system/CodeIgniter.php(914): App\Controllers\Applicant->allaboutyou()
#4 /home/kokoruns/public_html/system/CodeIgniter.php(400): CodeIgniter\CodeIgniter->runController(Object(App\Controllers\Applicant))
#5 /home/kokoruns/public_html/system/CodeIgniter.php(308): CodeIgniter\CodeIgniter->handleRequest(NULL, Object(Config\Cache), false)
#6 /home/kokoruns/public_html/index.php(45): CodeIgniter\CodeIgniter->run()
#7 {main}
CRITICAL - 2020-10-15 17:35:00 --> Unknown column 'fsender_id' in 'field list'
#0 /home/kokoruns/public_html/system/Database/MySQLi/Connection.php(331): mysqli->query('INSERT INTO `tt...')
#1 /home/kokoruns/public_html/system/Database/BaseConnection.php(738): CodeIgniter\Database\MySQLi\Connection->execute('INSERT INTO `tt...')
#2 /home/kokoruns/public_html/system/Database/BaseConnection.php(666): CodeIgniter\Database\BaseConnection->simpleQuery('INSERT INTO `tt...')
#3 /home/kokoruns/public_html/system/Database/BaseBuilder.php(2234): CodeIgniter\Database\BaseConnection->query('INSERT INTO `tt...', Array, false)
#4 /home/kokoruns/public_html/system/Model.php(729): CodeIgniter\Database\BaseBuilder->insert()
#5 /home/kokoruns/public_html/app/Controllers/Applicant.php(1565): CodeIgniter\Model->insert(Array)
#6 /home/kokoruns/public_html/system/CodeIgniter.php(914): App\Controllers\Applicant->sendteammessageaction()
#7 /home/kokoruns/public_html/system/CodeIgniter.php(400): CodeIgniter\CodeIgniter->runController(Object(App\Controllers\Applicant))
#8 /home/kokoruns/public_html/system/CodeIgniter.php(308): CodeIgniter\CodeIgniter->handleRequest(NULL, Object(Config\Cache), false)
#9 /home/kokoruns/public_html/index.php(45): CodeIgniter\CodeIgniter->run()
#10 {main}
CRITICAL - 2020-10-15 17:35:07 --> Unknown column 'fsender_id' in 'field list'
#0 /home/kokoruns/public_html/system/Database/MySQLi/Connection.php(331): mysqli->query('INSERT INTO `tt...')
#1 /home/kokoruns/public_html/system/Database/BaseConnection.php(738): CodeIgniter\Database\MySQLi\Connection->execute('INSERT INTO `tt...')
#2 /home/kokoruns/public_html/system/Database/BaseConnection.php(666): CodeIgniter\Database\BaseConnection->simpleQuery('INSERT INTO `tt...')
#3 /home/kokoruns/public_html/system/Database/BaseBuilder.php(2234): CodeIgniter\Database\BaseConnection->query('INSERT INTO `tt...', Array, false)
#4 /home/kokoruns/public_html/system/Model.php(729): CodeIgniter\Database\BaseBuilder->insert()
#5 /home/kokoruns/public_html/app/Controllers/Applicant.php(1565): CodeIgniter\Model->insert(Array)
#6 /home/kokoruns/public_html/system/CodeIgniter.php(914): App\Controllers\Applicant->sendteammessageaction()
#7 /home/kokoruns/public_html/system/CodeIgniter.php(400): CodeIgniter\CodeIgniter->runController(Object(App\Controllers\Applicant))
#8 /home/kokoruns/public_html/system/CodeIgniter.php(308): CodeIgniter\CodeIgniter->handleRequest(NULL, Object(Config\Cache), false)
#9 /home/kokoruns/public_html/index.php(45): CodeIgniter\CodeIgniter->run()
#10 {main}
CRITICAL - 2020-10-15 17:36:42 --> Unknown column 'fsender_id' in 'field list'
#0 /home/kokoruns/public_html/system/Database/MySQLi/Connection.php(331): mysqli->query('INSERT INTO `tt...')
#1 /home/kokoruns/public_html/system/Database/BaseConnection.php(738): CodeIgniter\Database\MySQLi\Connection->execute('INSERT INTO `tt...')
#2 /home/kokoruns/public_html/system/Database/BaseConnection.php(666): CodeIgniter\Database\BaseConnection->simpleQuery('INSERT INTO `tt...')
#3 /home/kokoruns/public_html/system/Database/BaseBuilder.php(2234): CodeIgniter\Database\BaseConnection->query('INSERT INTO `tt...', Array, false)
#4 /home/kokoruns/public_html/system/Model.php(729): CodeIgniter\Database\BaseBuilder->insert()
#5 /home/kokoruns/public_html/app/Controllers/Applicant.php(1565): CodeIgniter\Model->insert(Array)
#6 /home/kokoruns/public_html/system/CodeIgniter.php(914): App\Controllers\Applicant->sendteammessageaction()
#7 /home/kokoruns/public_html/system/CodeIgniter.php(400): CodeIgniter\CodeIgniter->runController(Object(App\Controllers\Applicant))
#8 /home/kokoruns/public_html/system/CodeIgniter.php(308): CodeIgniter\CodeIgniter->handleRequest(NULL, Object(Config\Cache), false)
#9 /home/kokoruns/public_html/index.php(45): CodeIgniter\CodeIgniter->run()
#10 {main}
