CRITICAL - 2021-01-14 10:44:34 --> Unknown column 'association_email' in 'where clause'
#0 C:\xampp\htdocs\WEBAPPS\kokoruns\system\Database\MySQLi\Connection.php(331): mysqli->query('SELECT *\nFROM `...')
#1 C:\xampp\htdocs\WEBAPPS\kokoruns\system\Database\BaseConnection.php(738): CodeIgniter\Database\MySQLi\Connection->execute('SELECT *\nFROM `...')
#2 C:\xampp\htdocs\WEBAPPS\kokoruns\system\Database\BaseConnection.php(666): CodeIgniter\Database\BaseConnection->simpleQuery('SELECT *\nFROM `...')
#3 C:\xampp\htdocs\WEBAPPS\kokoruns\system\Database\BaseBuilder.php(1845): CodeIgniter\Database\BaseConnection->query('SELECT *\nFROM `...', Array, false)
#4 C:\xampp\htdocs\WEBAPPS\kokoruns\system\Model.php(489): CodeIgniter\Database\BaseBuilder->get()
#5 C:\xampp\htdocs\WEBAPPS\kokoruns\app\Controllers\Front.php(1086): CodeIgniter\Model->first()
#6 C:\xampp\htdocs\WEBAPPS\kokoruns\system\CodeIgniter.php(914): App\Controllers\Front->aregisteraction()
#7 C:\xampp\htdocs\WEBAPPS\kokoruns\system\CodeIgniter.php(400): CodeIgniter\CodeIgniter->runController(Object(App\Controllers\Front))
#8 C:\xampp\htdocs\WEBAPPS\kokoruns\system\CodeIgniter.php(308): CodeIgniter\CodeIgniter->handleRequest(NULL, Object(Config\Cache), false)
#9 C:\xampp\htdocs\WEBAPPS\kokoruns\index.php(45): CodeIgniter\CodeIgniter->run()
#10 {main}
CRITICAL - 2021-01-14 10:49:38 --> Unknown column 'association_name' in 'where clause'
#0 C:\xampp\htdocs\WEBAPPS\kokoruns\system\Database\MySQLi\Connection.php(331): mysqli->query('SELECT *\nFROM `...')
#1 C:\xampp\htdocs\WEBAPPS\kokoruns\system\Database\BaseConnection.php(738): CodeIgniter\Database\MySQLi\Connection->execute('SELECT *\nFROM `...')
#2 C:\xampp\htdocs\WEBAPPS\kokoruns\system\Database\BaseConnection.php(666): CodeIgniter\Database\BaseConnection->simpleQuery('SELECT *\nFROM `...')
#3 C:\xampp\htdocs\WEBAPPS\kokoruns\system\Database\BaseBuilder.php(1845): CodeIgniter\Database\BaseConnection->query('SELECT *\nFROM `...', Array, false)
#4 C:\xampp\htdocs\WEBAPPS\kokoruns\system\Model.php(489): CodeIgniter\Database\BaseBuilder->get()
#5 C:\xampp\htdocs\WEBAPPS\kokoruns\app\Controllers\Front.php(1088): CodeIgniter\Model->first()
#6 C:\xampp\htdocs\WEBAPPS\kokoruns\system\CodeIgniter.php(914): App\Controllers\Front->aregisteraction()
#7 C:\xampp\htdocs\WEBAPPS\kokoruns\system\CodeIgniter.php(400): CodeIgniter\CodeIgniter->runController(Object(App\Controllers\Front))
#8 C:\xampp\htdocs\WEBAPPS\kokoruns\system\CodeIgniter.php(308): CodeIgniter\CodeIgniter->handleRequest(NULL, Object(Config\Cache), false)
#9 C:\xampp\htdocs\WEBAPPS\kokoruns\index.php(45): CodeIgniter\CodeIgniter->run()
#10 {main}
CRITICAL - 2021-01-14 11:44:20 --> Table 'kokoruns.tcompany_verification_codes' doesn't exist
#0 C:\xampp\htdocs\WEBAPPS\kokoruns\system\Database\MySQLi\Connection.php(331): mysqli->query('INSERT INTO `tc...')
#1 C:\xampp\htdocs\WEBAPPS\kokoruns\system\Database\BaseConnection.php(738): CodeIgniter\Database\MySQLi\Connection->execute('INSERT INTO `tc...')
#2 C:\xampp\htdocs\WEBAPPS\kokoruns\system\Database\BaseConnection.php(666): CodeIgniter\Database\BaseConnection->simpleQuery('INSERT INTO `tc...')
#3 C:\xampp\htdocs\WEBAPPS\kokoruns\system\Database\BaseBuilder.php(2234): CodeIgniter\Database\BaseConnection->query('INSERT INTO `tc...', Array, false)
#4 C:\xampp\htdocs\WEBAPPS\kokoruns\system\Model.php(729): CodeIgniter\Database\BaseBuilder->insert()
#5 C:\xampp\htdocs\WEBAPPS\kokoruns\app\Controllers\Front.php(1152): CodeIgniter\Model->insert(Array)
#6 C:\xampp\htdocs\WEBAPPS\kokoruns\system\CodeIgniter.php(914): App\Controllers\Front->aregisteraction()
#7 C:\xampp\htdocs\WEBAPPS\kokoruns\system\CodeIgniter.php(400): CodeIgniter\CodeIgniter->runController(Object(App\Controllers\Front))
#8 C:\xampp\htdocs\WEBAPPS\kokoruns\system\CodeIgniter.php(308): CodeIgniter\CodeIgniter->handleRequest(NULL, Object(Config\Cache), false)
#9 C:\xampp\htdocs\WEBAPPS\kokoruns\index.php(45): CodeIgniter\CodeIgniter->run()
#10 {main}
CRITICAL - 2021-01-14 14:50:39 --> Argument 2 passed to base_url() must be of the type string or null, array given, called in C:\xampp\htdocs\WEBAPPS\kokoruns\app\Controllers\Front.php on line 1215
#0 C:\xampp\htdocs\WEBAPPS\kokoruns\app\Controllers\Front.php(1215): base_url('/register/confi...', Array)
#1 C:\xampp\htdocs\WEBAPPS\kokoruns\system\CodeIgniter.php(914): App\Controllers\Front->aregisteraction()
#2 C:\xampp\htdocs\WEBAPPS\kokoruns\system\CodeIgniter.php(400): CodeIgniter\CodeIgniter->runController(Object(App\Controllers\Front))
#3 C:\xampp\htdocs\WEBAPPS\kokoruns\system\CodeIgniter.php(308): CodeIgniter\CodeIgniter->handleRequest(NULL, Object(Config\Cache), false)
#4 C:\xampp\htdocs\WEBAPPS\kokoruns\index.php(45): CodeIgniter\CodeIgniter->run()
#5 {main}
CRITICAL - 2021-01-14 14:56:57 --> Call to a member function getSegment() on null
#0 C:\xampp\htdocs\WEBAPPS\kokoruns\system\CodeIgniter.php(914): App\Controllers\Front->CRegisterVerifyEmail('excanny@yahoo.c...')
#1 C:\xampp\htdocs\WEBAPPS\kokoruns\system\CodeIgniter.php(400): CodeIgniter\CodeIgniter->runController(Object(App\Controllers\Front))
#2 C:\xampp\htdocs\WEBAPPS\kokoruns\system\CodeIgniter.php(308): CodeIgniter\CodeIgniter->handleRequest(NULL, Object(Config\Cache), false)
#3 C:\xampp\htdocs\WEBAPPS\kokoruns\index.php(45): CodeIgniter\CodeIgniter->run()
#4 {main}
CRITICAL - 2021-01-14 14:57:09 --> Call to a member function getSegment() on null
#0 C:\xampp\htdocs\WEBAPPS\kokoruns\system\CodeIgniter.php(914): App\Controllers\Front->CRegisterVerifyEmail('excanny@yahoo.c...')
#1 C:\xampp\htdocs\WEBAPPS\kokoruns\system\CodeIgniter.php(400): CodeIgniter\CodeIgniter->runController(Object(App\Controllers\Front))
#2 C:\xampp\htdocs\WEBAPPS\kokoruns\system\CodeIgniter.php(308): CodeIgniter\CodeIgniter->handleRequest(NULL, Object(Config\Cache), false)
#3 C:\xampp\htdocs\WEBAPPS\kokoruns\index.php(45): CodeIgniter\CodeIgniter->run()
#4 {main}
CRITICAL - 2021-01-14 14:58:14 --> Call to a member function getSegment() on null
#0 C:\xampp\htdocs\WEBAPPS\kokoruns\system\CodeIgniter.php(914): App\Controllers\Front->CRegisterVerifyEmail('excanny@yahoo.c...')
#1 C:\xampp\htdocs\WEBAPPS\kokoruns\system\CodeIgniter.php(400): CodeIgniter\CodeIgniter->runController(Object(App\Controllers\Front))
#2 C:\xampp\htdocs\WEBAPPS\kokoruns\system\CodeIgniter.php(308): CodeIgniter\CodeIgniter->handleRequest(NULL, Object(Config\Cache), false)
#3 C:\xampp\htdocs\WEBAPPS\kokoruns\index.php(45): CodeIgniter\CodeIgniter->run()
#4 {main}
CRITICAL - 2021-01-14 14:59:03 --> Request URI segment is our of range: {0}
#0 C:\xampp\htdocs\WEBAPPS\kokoruns\system\HTTP\URI.php(485): CodeIgniter\HTTP\Exceptions\HTTPException::forURISegmentOutOfRange(2)
#1 C:\xampp\htdocs\WEBAPPS\kokoruns\app\Controllers\Front.php(448): CodeIgniter\HTTP\URI->getSegment(2)
#2 C:\xampp\htdocs\WEBAPPS\kokoruns\system\CodeIgniter.php(914): App\Controllers\Front->CRegisterVerifyEmail('excanny@yahoo.c...')
#3 C:\xampp\htdocs\WEBAPPS\kokoruns\system\CodeIgniter.php(400): CodeIgniter\CodeIgniter->runController(Object(App\Controllers\Front))
#4 C:\xampp\htdocs\WEBAPPS\kokoruns\system\CodeIgniter.php(308): CodeIgniter\CodeIgniter->handleRequest(NULL, Object(Config\Cache), false)
#5 C:\xampp\htdocs\WEBAPPS\kokoruns\index.php(45): CodeIgniter\CodeIgniter->run()
#6 {main}
CRITICAL - 2021-01-14 14:59:05 --> Request URI segment is our of range: {0}
#0 C:\xampp\htdocs\WEBAPPS\kokoruns\system\HTTP\URI.php(485): CodeIgniter\HTTP\Exceptions\HTTPException::forURISegmentOutOfRange(2)
#1 C:\xampp\htdocs\WEBAPPS\kokoruns\app\Controllers\Front.php(448): CodeIgniter\HTTP\URI->getSegment(2)
#2 C:\xampp\htdocs\WEBAPPS\kokoruns\system\CodeIgniter.php(914): App\Controllers\Front->CRegisterVerifyEmail('excanny@yahoo.c...')
#3 C:\xampp\htdocs\WEBAPPS\kokoruns\system\CodeIgniter.php(400): CodeIgniter\CodeIgniter->runController(Object(App\Controllers\Front))
#4 C:\xampp\htdocs\WEBAPPS\kokoruns\system\CodeIgniter.php(308): CodeIgniter\CodeIgniter->handleRequest(NULL, Object(Config\Cache), false)
#5 C:\xampp\htdocs\WEBAPPS\kokoruns\index.php(45): CodeIgniter\CodeIgniter->run()
#6 {main}
CRITICAL - 2021-01-14 15:01:17 --> Argument 2 passed to view() must be of the type array, string given, called in C:\xampp\htdocs\WEBAPPS\kokoruns\app\Controllers\Front.php on line 450
#0 C:\xampp\htdocs\WEBAPPS\kokoruns\app\Controllers\Front.php(450): view('front/cregister...', 'excanny@yahoo.c...')
#1 C:\xampp\htdocs\WEBAPPS\kokoruns\system\CodeIgniter.php(914): App\Controllers\Front->CRegisterVerifyEmail('excanny@yahoo.c...')
#2 C:\xampp\htdocs\WEBAPPS\kokoruns\system\CodeIgniter.php(400): CodeIgniter\CodeIgniter->runController(Object(App\Controllers\Front))
#3 C:\xampp\htdocs\WEBAPPS\kokoruns\system\CodeIgniter.php(308): CodeIgniter\CodeIgniter->handleRequest(NULL, Object(Config\Cache), false)
#4 C:\xampp\htdocs\WEBAPPS\kokoruns\index.php(45): CodeIgniter\CodeIgniter->run()
#5 {main}
