CRITICAL - 2020-11-25 11:24:11 --> Invalid argument supplied for foreach()
#0 /home/kokoruns/public_html/app/Views/front/login.php(79): CodeIgniter\Debug\Exceptions->errorHandler(2, 'Invalid argumen...', '/home/kokoruns/...', 79, Array)
#1 /home/kokoruns/public_html/system/View/View.php(246): include('/home/kokoruns/...')
#2 /home/kokoruns/public_html/system/Common.php(1087): CodeIgniter\View\View->render('front/login', Array, true)
#3 /home/kokoruns/public_html/app/Controllers/Front.php(391): view('front/login')
#4 /home/kokoruns/public_html/system/CodeIgniter.php(914): App\Controllers\Front->login()
#5 /home/kokoruns/public_html/system/CodeIgniter.php(400): CodeIgniter\CodeIgniter->runController(Object(App\Controllers\Front))
#6 /home/kokoruns/public_html/system/CodeIgniter.php(308): CodeIgniter\CodeIgniter->handleRequest(NULL, Object(Config\Cache), false)
#7 /home/kokoruns/public_html/index.php(45): CodeIgniter\CodeIgniter->run()
#8 {main}
CRITICAL - 2020-11-25 11:27:26 --> syntax error, unexpected '?>'
#0 /home/kokoruns/public_html/system/Common.php(1087): CodeIgniter\View\View->render('front/login', Array, true)
#1 /home/kokoruns/public_html/app/Controllers/Front.php(391): view('front/login')
#2 /home/kokoruns/public_html/system/CodeIgniter.php(914): App\Controllers\Front->login()
#3 /home/kokoruns/public_html/system/CodeIgniter.php(400): CodeIgniter\CodeIgniter->runController(Object(App\Controllers\Front))
#4 /home/kokoruns/public_html/system/CodeIgniter.php(308): CodeIgniter\CodeIgniter->handleRequest(NULL, Object(Config\Cache), false)
#5 /home/kokoruns/public_html/index.php(45): CodeIgniter\CodeIgniter->run()
#6 {main}
CRITICAL - 2020-11-25 11:27:37 --> syntax error, unexpected '?>'
#0 /home/kokoruns/public_html/system/Common.php(1087): CodeIgniter\View\View->render('front/login', Array, true)
#1 /home/kokoruns/public_html/app/Controllers/Front.php(391): view('front/login')
#2 /home/kokoruns/public_html/system/CodeIgniter.php(914): App\Controllers\Front->login()
#3 /home/kokoruns/public_html/system/CodeIgniter.php(400): CodeIgniter\CodeIgniter->runController(Object(App\Controllers\Front))
#4 /home/kokoruns/public_html/system/CodeIgniter.php(308): CodeIgniter\CodeIgniter->handleRequest(NULL, Object(Config\Cache), false)
#5 /home/kokoruns/public_html/index.php(45): CodeIgniter\CodeIgniter->run()
#6 {main}
CRITICAL - 2020-11-25 11:27:40 --> syntax error, unexpected '?>'
#0 /home/kokoruns/public_html/system/Common.php(1087): CodeIgniter\View\View->render('front/login', Array, true)
#1 /home/kokoruns/public_html/app/Controllers/Front.php(391): view('front/login')
#2 /home/kokoruns/public_html/system/CodeIgniter.php(914): App\Controllers\Front->login()
#3 /home/kokoruns/public_html/system/CodeIgniter.php(400): CodeIgniter\CodeIgniter->runController(Object(App\Controllers\Front))
#4 /home/kokoruns/public_html/system/CodeIgniter.php(308): CodeIgniter\CodeIgniter->handleRequest(NULL, Object(Config\Cache), false)
#5 /home/kokoruns/public_html/index.php(45): CodeIgniter\CodeIgniter->run()
#6 {main}
CRITICAL - 2020-11-25 11:27:54 --> Invalid argument supplied for foreach()
#0 /home/kokoruns/public_html/app/Views/front/clogin.php(79): CodeIgniter\Debug\Exceptions->errorHandler(2, 'Invalid argumen...', '/home/kokoruns/...', 79, Array)
#1 /home/kokoruns/public_html/system/View/View.php(246): include('/home/kokoruns/...')
#2 /home/kokoruns/public_html/system/Common.php(1087): CodeIgniter\View\View->render('front/clogin', Array, true)
#3 /home/kokoruns/public_html/app/Controllers/Front.php(326): view('front/clogin')
#4 /home/kokoruns/public_html/system/CodeIgniter.php(914): App\Controllers\Front->clogin()
#5 /home/kokoruns/public_html/system/CodeIgniter.php(400): CodeIgniter\CodeIgniter->runController(Object(App\Controllers\Front))
#6 /home/kokoruns/public_html/system/CodeIgniter.php(308): CodeIgniter\CodeIgniter->handleRequest(NULL, Object(Config\Cache), false)
#7 /home/kokoruns/public_html/index.php(45): CodeIgniter\CodeIgniter->run()
#8 {main}
CRITICAL - 2020-11-25 11:29:48 --> syntax error, unexpected '?>'
#0 /home/kokoruns/public_html/system/Common.php(1087): CodeIgniter\View\View->render('front/login', Array, true)
#1 /home/kokoruns/public_html/app/Controllers/Front.php(391): view('front/login')
#2 /home/kokoruns/public_html/system/CodeIgniter.php(914): App\Controllers\Front->login()
#3 /home/kokoruns/public_html/system/CodeIgniter.php(400): CodeIgniter\CodeIgniter->runController(Object(App\Controllers\Front))
#4 /home/kokoruns/public_html/system/CodeIgniter.php(308): CodeIgniter\CodeIgniter->handleRequest(NULL, Object(Config\Cache), false)
#5 /home/kokoruns/public_html/index.php(45): CodeIgniter\CodeIgniter->run()
#6 {main}
CRITICAL - 2020-11-25 11:29:51 --> syntax error, unexpected '?>'
#0 /home/kokoruns/public_html/system/Common.php(1087): CodeIgniter\View\View->render('front/login', Array, true)
#1 /home/kokoruns/public_html/app/Controllers/Front.php(391): view('front/login')
#2 /home/kokoruns/public_html/system/CodeIgniter.php(914): App\Controllers\Front->login()
#3 /home/kokoruns/public_html/system/CodeIgniter.php(400): CodeIgniter\CodeIgniter->runController(Object(App\Controllers\Front))
#4 /home/kokoruns/public_html/system/CodeIgniter.php(308): CodeIgniter\CodeIgniter->handleRequest(NULL, Object(Config\Cache), false)
#5 /home/kokoruns/public_html/index.php(45): CodeIgniter\CodeIgniter->run()
#6 {main}
CRITICAL - 2020-11-25 11:31:36 --> syntax error, unexpected '?>'
#0 /home/kokoruns/public_html/system/Common.php(1087): CodeIgniter\View\View->render('front/login', Array, true)
#1 /home/kokoruns/public_html/app/Controllers/Front.php(391): view('front/login')
#2 /home/kokoruns/public_html/system/CodeIgniter.php(914): App\Controllers\Front->login()
#3 /home/kokoruns/public_html/system/CodeIgniter.php(400): CodeIgniter\CodeIgniter->runController(Object(App\Controllers\Front))
#4 /home/kokoruns/public_html/system/CodeIgniter.php(308): CodeIgniter\CodeIgniter->handleRequest(NULL, Object(Config\Cache), false)
#5 /home/kokoruns/public_html/index.php(45): CodeIgniter\CodeIgniter->run()
#6 {main}
CRITICAL - 2020-11-25 11:32:44 --> syntax error, unexpected '?>'
#0 /home/kokoruns/public_html/system/Common.php(1087): CodeIgniter\View\View->render('front/login', Array, true)
#1 /home/kokoruns/public_html/app/Controllers/Front.php(391): view('front/login')
#2 /home/kokoruns/public_html/system/CodeIgniter.php(914): App\Controllers\Front->login()
#3 /home/kokoruns/public_html/system/CodeIgniter.php(400): CodeIgniter\CodeIgniter->runController(Object(App\Controllers\Front))
#4 /home/kokoruns/public_html/system/CodeIgniter.php(308): CodeIgniter\CodeIgniter->handleRequest(NULL, Object(Config\Cache), false)
#5 /home/kokoruns/public_html/index.php(45): CodeIgniter\CodeIgniter->run()
#6 {main}
CRITICAL - 2020-11-25 11:39:56 --> syntax error, unexpected '?>'
#0 /home/kokoruns/public_html/system/Common.php(1087): CodeIgniter\View\View->render('front/login', Array, true)
#1 /home/kokoruns/public_html/app/Controllers/Front.php(391): view('front/login')
#2 /home/kokoruns/public_html/system/CodeIgniter.php(914): App\Controllers\Front->login()
#3 /home/kokoruns/public_html/system/CodeIgniter.php(400): CodeIgniter\CodeIgniter->runController(Object(App\Controllers\Front))
#4 /home/kokoruns/public_html/system/CodeIgniter.php(308): CodeIgniter\CodeIgniter->handleRequest(NULL, Object(Config\Cache), false)
#5 /home/kokoruns/public_html/index.php(45): CodeIgniter\CodeIgniter->run()
#6 {main}
CRITICAL - 2020-11-25 11:39:59 --> syntax error, unexpected '?>'
#0 /home/kokoruns/public_html/system/Common.php(1087): CodeIgniter\View\View->render('front/login', Array, true)
#1 /home/kokoruns/public_html/app/Controllers/Front.php(391): view('front/login')
#2 /home/kokoruns/public_html/system/CodeIgniter.php(914): App\Controllers\Front->login()
#3 /home/kokoruns/public_html/system/CodeIgniter.php(400): CodeIgniter\CodeIgniter->runController(Object(App\Controllers\Front))
#4 /home/kokoruns/public_html/system/CodeIgniter.php(308): CodeIgniter\CodeIgniter->handleRequest(NULL, Object(Config\Cache), false)
#5 /home/kokoruns/public_html/index.php(45): CodeIgniter\CodeIgniter->run()
#6 {main}
CRITICAL - 2020-11-25 11:41:59 --> syntax error, unexpected '?>'
#0 /home/kokoruns/public_html/system/Common.php(1087): CodeIgniter\View\View->render('front/login', Array, true)
#1 /home/kokoruns/public_html/app/Controllers/Front.php(391): view('front/login')
#2 /home/kokoruns/public_html/system/CodeIgniter.php(914): App\Controllers\Front->login()
#3 /home/kokoruns/public_html/system/CodeIgniter.php(400): CodeIgniter\CodeIgniter->runController(Object(App\Controllers\Front))
#4 /home/kokoruns/public_html/system/CodeIgniter.php(308): CodeIgniter\CodeIgniter->handleRequest(NULL, Object(Config\Cache), false)
#5 /home/kokoruns/public_html/index.php(45): CodeIgniter\CodeIgniter->run()
#6 {main}
CRITICAL - 2020-11-25 11:42:50 --> syntax error, unexpected '?>'
#0 /home/kokoruns/public_html/system/Common.php(1087): CodeIgniter\View\View->render('front/login', Array, true)
#1 /home/kokoruns/public_html/app/Controllers/Front.php(391): view('front/login')
#2 /home/kokoruns/public_html/system/CodeIgniter.php(914): App\Controllers\Front->login()
#3 /home/kokoruns/public_html/system/CodeIgniter.php(400): CodeIgniter\CodeIgniter->runController(Object(App\Controllers\Front))
#4 /home/kokoruns/public_html/system/CodeIgniter.php(308): CodeIgniter\CodeIgniter->handleRequest(NULL, Object(Config\Cache), false)
#5 /home/kokoruns/public_html/index.php(45): CodeIgniter\CodeIgniter->run()
#6 {main}
CRITICAL - 2020-11-25 11:48:08 --> syntax error, unexpected '?>'
#0 /home/kokoruns/public_html/system/Common.php(1087): CodeIgniter\View\View->render('front/login', Array, true)
#1 /home/kokoruns/public_html/app/Controllers/Front.php(391): view('front/login')
#2 /home/kokoruns/public_html/system/CodeIgniter.php(914): App\Controllers\Front->login()
#3 /home/kokoruns/public_html/system/CodeIgniter.php(400): CodeIgniter\CodeIgniter->runController(Object(App\Controllers\Front))
#4 /home/kokoruns/public_html/system/CodeIgniter.php(308): CodeIgniter\CodeIgniter->handleRequest(NULL, Object(Config\Cache), false)
#5 /home/kokoruns/public_html/index.php(45): CodeIgniter\CodeIgniter->run()
#6 {main}
CRITICAL - 2020-11-25 11:48:53 --> Invalid argument supplied for foreach()
#0 /home/kokoruns/public_html/app/Views/front/alogin.php(77): CodeIgniter\Debug\Exceptions->errorHandler(2, 'Invalid argumen...', '/home/kokoruns/...', 77, Array)
#1 /home/kokoruns/public_html/system/View/View.php(246): include('/home/kokoruns/...')
#2 /home/kokoruns/public_html/system/Common.php(1087): CodeIgniter\View\View->render('front/alogin', Array, true)
#3 /home/kokoruns/public_html/app/Controllers/Front.php(659): view('front/alogin')
#4 /home/kokoruns/public_html/system/CodeIgniter.php(914): App\Controllers\Front->alogin()
#5 /home/kokoruns/public_html/system/CodeIgniter.php(400): CodeIgniter\CodeIgniter->runController(Object(App\Controllers\Front))
#6 /home/kokoruns/public_html/system/CodeIgniter.php(308): CodeIgniter\CodeIgniter->handleRequest(NULL, Object(Config\Cache), false)
#7 /home/kokoruns/public_html/index.php(45): CodeIgniter\CodeIgniter->run()
#8 {main}
CRITICAL - 2020-11-25 11:49:26 --> Invalid argument supplied for foreach()
#0 /home/kokoruns/public_html/app/Views/front/slogin.php(80): CodeIgniter\Debug\Exceptions->errorHandler(2, 'Invalid argumen...', '/home/kokoruns/...', 80, Array)
#1 /home/kokoruns/public_html/system/View/View.php(246): include('/home/kokoruns/...')
#2 /home/kokoruns/public_html/system/Common.php(1087): CodeIgniter\View\View->render('front/slogin', Array, true)
#3 /home/kokoruns/public_html/app/Controllers/Front.php(724): view('front/slogin')
#4 /home/kokoruns/public_html/system/CodeIgniter.php(914): App\Controllers\Front->slogin()
#5 /home/kokoruns/public_html/system/CodeIgniter.php(400): CodeIgniter\CodeIgniter->runController(Object(App\Controllers\Front))
#6 /home/kokoruns/public_html/system/CodeIgniter.php(308): CodeIgniter\CodeIgniter->handleRequest(NULL, Object(Config\Cache), false)
#7 /home/kokoruns/public_html/index.php(45): CodeIgniter\CodeIgniter->run()
#8 {main}
CRITICAL - 2020-11-25 11:49:35 --> syntax error, unexpected '?>'
#0 /home/kokoruns/public_html/system/Common.php(1087): CodeIgniter\View\View->render('front/login', Array, true)
#1 /home/kokoruns/public_html/app/Controllers/Front.php(391): view('front/login')
#2 /home/kokoruns/public_html/system/CodeIgniter.php(914): App\Controllers\Front->login()
#3 /home/kokoruns/public_html/system/CodeIgniter.php(400): CodeIgniter\CodeIgniter->runController(Object(App\Controllers\Front))
#4 /home/kokoruns/public_html/system/CodeIgniter.php(308): CodeIgniter\CodeIgniter->handleRequest(NULL, Object(Config\Cache), false)
#5 /home/kokoruns/public_html/index.php(45): CodeIgniter\CodeIgniter->run()
#6 {main}
CRITICAL - 2020-11-25 14:49:15 --> syntax error, unexpected '?>'
#0 /home/kokoruns/public_html/system/Common.php(1087): CodeIgniter\View\View->render('front/login', Array, true)
#1 /home/kokoruns/public_html/app/Controllers/Front.php(391): view('front/login')
#2 /home/kokoruns/public_html/system/CodeIgniter.php(914): App\Controllers\Front->login()
#3 /home/kokoruns/public_html/system/CodeIgniter.php(400): CodeIgniter\CodeIgniter->runController(Object(App\Controllers\Front))
#4 /home/kokoruns/public_html/system/CodeIgniter.php(308): CodeIgniter\CodeIgniter->handleRequest(NULL, Object(Config\Cache), false)
#5 /home/kokoruns/public_html/index.php(45): CodeIgniter\CodeIgniter->run()
#6 {main}
CRITICAL - 2020-11-25 14:53:44 --> Invalid argument supplied for foreach()
#0 /home/kokoruns/public_html/app/Views/front/login.php(79): CodeIgniter\Debug\Exceptions->errorHandler(2, 'Invalid argumen...', '/home/kokoruns/...', 79, Array)
#1 /home/kokoruns/public_html/system/View/View.php(246): include('/home/kokoruns/...')
#2 /home/kokoruns/public_html/system/Common.php(1087): CodeIgniter\View\View->render('front/login', Array, true)
#3 /home/kokoruns/public_html/app/Controllers/Front.php(391): view('front/login')
#4 /home/kokoruns/public_html/system/CodeIgniter.php(914): App\Controllers\Front->login()
#5 /home/kokoruns/public_html/system/CodeIgniter.php(400): CodeIgniter\CodeIgniter->runController(Object(App\Controllers\Front))
#6 /home/kokoruns/public_html/system/CodeIgniter.php(308): CodeIgniter\CodeIgniter->handleRequest(NULL, Object(Config\Cache), false)
#7 /home/kokoruns/public_html/index.php(45): CodeIgniter\CodeIgniter->run()
#8 {main}
CRITICAL - 2020-11-25 16:30:44 --> unlink(/home/kokoruns/public_html/public/portfoliopics/1603803203_d190c3998237f0ef901b.jpeg): No such file or directory
#0 [internal function]: CodeIgniter\Debug\Exceptions->errorHandler(2, 'unlink(/home/ko...', '/home/kokoruns/...', 1244, Array)
#1 /home/kokoruns/public_html/app/Controllers/Applicant.php(1244): unlink('/home/kokoruns/...')
#2 /home/kokoruns/public_html/system/CodeIgniter.php(914): App\Controllers\Applicant->deleteportfolioaction()
#3 /home/kokoruns/public_html/system/CodeIgniter.php(400): CodeIgniter\CodeIgniter->runController(Object(App\Controllers\Applicant))
#4 /home/kokoruns/public_html/system/CodeIgniter.php(308): CodeIgniter\CodeIgniter->handleRequest(NULL, Object(Config\Cache), false)
#5 /home/kokoruns/public_html/index.php(45): CodeIgniter\CodeIgniter->run()
#6 {main}
CRITICAL - 2020-11-25 16:30:55 --> unlink(/home/kokoruns/public_html/public/portfoliopics/1603801081_926d428de81a52489690.jpeg): No such file or directory
#0 [internal function]: CodeIgniter\Debug\Exceptions->errorHandler(2, 'unlink(/home/ko...', '/home/kokoruns/...', 1244, Array)
#1 /home/kokoruns/public_html/app/Controllers/Applicant.php(1244): unlink('/home/kokoruns/...')
#2 /home/kokoruns/public_html/system/CodeIgniter.php(914): App\Controllers\Applicant->deleteportfolioaction()
#3 /home/kokoruns/public_html/system/CodeIgniter.php(400): CodeIgniter\CodeIgniter->runController(Object(App\Controllers\Applicant))
#4 /home/kokoruns/public_html/system/CodeIgniter.php(308): CodeIgniter\CodeIgniter->handleRequest(NULL, Object(Config\Cache), false)
#5 /home/kokoruns/public_html/index.php(45): CodeIgniter\CodeIgniter->run()
#6 {main}
CRITICAL - 2020-11-25 16:31:03 --> unlink(/home/kokoruns/public_html/public/portfoliopics/1603801175_ec0263385531efa63de0.jpeg): No such file or directory
#0 [internal function]: CodeIgniter\Debug\Exceptions->errorHandler(2, 'unlink(/home/ko...', '/home/kokoruns/...', 1244, Array)
#1 /home/kokoruns/public_html/app/Controllers/Applicant.php(1244): unlink('/home/kokoruns/...')
#2 /home/kokoruns/public_html/system/CodeIgniter.php(914): App\Controllers\Applicant->deleteportfolioaction()
#3 /home/kokoruns/public_html/system/CodeIgniter.php(400): CodeIgniter\CodeIgniter->runController(Object(App\Controllers\Applicant))
#4 /home/kokoruns/public_html/system/CodeIgniter.php(308): CodeIgniter\CodeIgniter->handleRequest(NULL, Object(Config\Cache), false)
#5 /home/kokoruns/public_html/index.php(45): CodeIgniter\CodeIgniter->run()
#6 {main}
