CRITICAL - 2020-11-16 10:41:16 --> Invalid file: front/sregister.php
#0 /home/kokoruns/public_html/system/View/View.php(228): CodeIgniter\Exceptions\FrameworkException::forInvalidFile('front/sregister...')
#1 /home/kokoruns/public_html/system/Common.php(1087): CodeIgniter\View\View->render('front/sregister', Array, true)
#2 /home/kokoruns/public_html/app/Controllers/Front.php(331): view('front/sregister')
#3 /home/kokoruns/public_html/system/CodeIgniter.php(914): App\Controllers\Front->sregister()
#4 /home/kokoruns/public_html/system/CodeIgniter.php(400): CodeIgniter\CodeIgniter->runController(Object(App\Controllers\Front))
#5 /home/kokoruns/public_html/system/CodeIgniter.php(308): CodeIgniter\CodeIgniter->handleRequest(NULL, Object(Config\Cache), false)
#6 /home/kokoruns/public_html/index.php(45): CodeIgniter\CodeIgniter->run()
#7 {main}
CRITICAL - 2020-11-16 10:45:56 --> unlink(/home/kokoruns/public_html\public\galleries\1605173780_5affb2eee46cd7ed73bf.jpeg): No such file or directory
#0 [internal function]: CodeIgniter\Debug\Exceptions->errorHandler(2, 'unlink(/home/ko...', '/home/kokoruns/...', 615, Array)
#1 /home/kokoruns/public_html/app/Controllers/School.php(615): unlink('/home/kokoruns/...')
#2 /home/kokoruns/public_html/system/CodeIgniter.php(914): App\Controllers\School->deletegalleryaction()
#3 /home/kokoruns/public_html/system/CodeIgniter.php(400): CodeIgniter\CodeIgniter->runController(Object(App\Controllers\School))
#4 /home/kokoruns/public_html/system/CodeIgniter.php(308): CodeIgniter\CodeIgniter->handleRequest(NULL, Object(Config\Cache), false)
#5 /home/kokoruns/public_html/index.php(45): CodeIgniter\CodeIgniter->run()
#6 {main}
CRITICAL - 2020-11-16 10:46:17 --> unlink(/home/kokoruns/public_html\public\galleries\1605519966_e792aae08699db5f4fb3.jpeg): No such file or directory
#0 [internal function]: CodeIgniter\Debug\Exceptions->errorHandler(2, 'unlink(/home/ko...', '/home/kokoruns/...', 615, Array)
#1 /home/kokoruns/public_html/app/Controllers/School.php(615): unlink('/home/kokoruns/...')
#2 /home/kokoruns/public_html/system/CodeIgniter.php(914): App\Controllers\School->deletegalleryaction()
#3 /home/kokoruns/public_html/system/CodeIgniter.php(400): CodeIgniter\CodeIgniter->runController(Object(App\Controllers\School))
#4 /home/kokoruns/public_html/system/CodeIgniter.php(308): CodeIgniter\CodeIgniter->handleRequest(NULL, Object(Config\Cache), false)
#5 /home/kokoruns/public_html/index.php(45): CodeIgniter\CodeIgniter->run()
#6 {main}
CRITICAL - 2020-11-16 10:50:25 --> array_filter() expects parameter 1 to be array, null given
#0 [internal function]: CodeIgniter\Debug\Exceptions->errorHandler(2, 'array_filter() ...', '/home/kokoruns/...', 846, Array)
#1 /home/kokoruns/public_html/app/Controllers/School.php(846): array_filter(NULL)
#2 /home/kokoruns/public_html/system/CodeIgniter.php(914): App\Controllers\School->jobinviteaction()
#3 /home/kokoruns/public_html/system/CodeIgniter.php(400): CodeIgniter\CodeIgniter->runController(Object(App\Controllers\School))
#4 /home/kokoruns/public_html/system/CodeIgniter.php(308): CodeIgniter\CodeIgniter->handleRequest(NULL, Object(Config\Cache), false)
#5 /home/kokoruns/public_html/index.php(45): CodeIgniter\CodeIgniter->run()
#6 {main}
CRITICAL - 2020-11-16 10:50:57 --> Class 'App\Models\JobInviteModel' not found
#0 /home/kokoruns/public_html/system/CodeIgniter.php(914): App\Controllers\School->jobinviteaction()
#1 /home/kokoruns/public_html/system/CodeIgniter.php(400): CodeIgniter\CodeIgniter->runController(Object(App\Controllers\School))
#2 /home/kokoruns/public_html/system/CodeIgniter.php(308): CodeIgniter\CodeIgniter->handleRequest(NULL, Object(Config\Cache), false)
#3 /home/kokoruns/public_html/index.php(45): CodeIgniter\CodeIgniter->run()
#4 {main}
CRITICAL - 2020-11-16 10:52:42 --> Class 'App\Models\JobInviteModel' not found
#0 /home/kokoruns/public_html/system/CodeIgniter.php(914): App\Controllers\School->jobinviteaction()
#1 /home/kokoruns/public_html/system/CodeIgniter.php(400): CodeIgniter\CodeIgniter->runController(Object(App\Controllers\School))
#2 /home/kokoruns/public_html/system/CodeIgniter.php(308): CodeIgniter\CodeIgniter->handleRequest(NULL, Object(Config\Cache), false)
#3 /home/kokoruns/public_html/index.php(45): CodeIgniter\CodeIgniter->run()
#4 {main}
CRITICAL - 2020-11-16 10:57:57 --> Class 'App\Models\JobInviteModel' not found
#0 /home/kokoruns/public_html/system/CodeIgniter.php(914): App\Controllers\School->jobinviteaction()
#1 /home/kokoruns/public_html/system/CodeIgniter.php(400): CodeIgniter\CodeIgniter->runController(Object(App\Controllers\School))
#2 /home/kokoruns/public_html/system/CodeIgniter.php(308): CodeIgniter\CodeIgniter->handleRequest(NULL, Object(Config\Cache), false)
#3 /home/kokoruns/public_html/index.php(45): CodeIgniter\CodeIgniter->run()
#4 {main}
