CRITICAL - 2020-12-02 11:52:58 --> Call to undefined method App\Models\ApplicantDocumentModel::affectedRows
#0 C:\xampp\htdocs\WEBAPPS\kokoruns\app\Controllers\Applicant.php(1665): CodeIgniter\Model->__call('affectedRows', Array)
#1 C:\xampp\htdocs\WEBAPPS\kokoruns\system\CodeIgniter.php(914): App\Controllers\Applicant->deleteducumentaction()
#2 C:\xampp\htdocs\WEBAPPS\kokoruns\system\CodeIgniter.php(400): CodeIgniter\CodeIgniter->runController(Object(App\Controllers\Applicant))
#3 C:\xampp\htdocs\WEBAPPS\kokoruns\system\CodeIgniter.php(308): CodeIgniter\CodeIgniter->handleRequest(NULL, Object(Config\Cache), false)
#4 C:\xampp\htdocs\WEBAPPS\kokoruns\index.php(45): CodeIgniter\CodeIgniter->run()
#5 {main}
CRITICAL - 2020-12-02 11:53:31 --> Call to undefined method App\Models\ApplicantDocumentModel::affectedRows
#0 C:\xampp\htdocs\WEBAPPS\kokoruns\app\Controllers\Applicant.php(1665): CodeIgniter\Model->__call('affectedRows', Array)
#1 C:\xampp\htdocs\WEBAPPS\kokoruns\system\CodeIgniter.php(914): App\Controllers\Applicant->deleteducumentaction()
#2 C:\xampp\htdocs\WEBAPPS\kokoruns\system\CodeIgniter.php(400): CodeIgniter\CodeIgniter->runController(Object(App\Controllers\Applicant))
#3 C:\xampp\htdocs\WEBAPPS\kokoruns\system\CodeIgniter.php(308): CodeIgniter\CodeIgniter->handleRequest(NULL, Object(Config\Cache), false)
#4 C:\xampp\htdocs\WEBAPPS\kokoruns\index.php(45): CodeIgniter\CodeIgniter->run()
#5 {main}
CRITICAL - 2020-12-02 11:53:46 --> Call to undefined method App\Models\ApplicantDocumentModel::affectedRows
#0 C:\xampp\htdocs\WEBAPPS\kokoruns\app\Controllers\Applicant.php(1665): CodeIgniter\Model->__call('affectedRows', Array)
#1 C:\xampp\htdocs\WEBAPPS\kokoruns\system\CodeIgniter.php(914): App\Controllers\Applicant->deleteducumentaction()
#2 C:\xampp\htdocs\WEBAPPS\kokoruns\system\CodeIgniter.php(400): CodeIgniter\CodeIgniter->runController(Object(App\Controllers\Applicant))
#3 C:\xampp\htdocs\WEBAPPS\kokoruns\system\CodeIgniter.php(308): CodeIgniter\CodeIgniter->handleRequest(NULL, Object(Config\Cache), false)
#4 C:\xampp\htdocs\WEBAPPS\kokoruns\index.php(45): CodeIgniter\CodeIgniter->run()
#5 {main}
CRITICAL - 2020-12-02 11:54:03 --> Call to undefined method App\Models\ApplicantDocumentModel::affectedRows
#0 C:\xampp\htdocs\WEBAPPS\kokoruns\app\Controllers\Applicant.php(1665): CodeIgniter\Model->__call('affectedRows', Array)
#1 C:\xampp\htdocs\WEBAPPS\kokoruns\system\CodeIgniter.php(914): App\Controllers\Applicant->deleteducumentaction()
#2 C:\xampp\htdocs\WEBAPPS\kokoruns\system\CodeIgniter.php(400): CodeIgniter\CodeIgniter->runController(Object(App\Controllers\Applicant))
#3 C:\xampp\htdocs\WEBAPPS\kokoruns\system\CodeIgniter.php(308): CodeIgniter\CodeIgniter->handleRequest(NULL, Object(Config\Cache), false)
#4 C:\xampp\htdocs\WEBAPPS\kokoruns\index.php(45): CodeIgniter\CodeIgniter->run()
#5 {main}
CRITICAL - 2020-12-02 12:13:20 --> Too few arguments to function App\Controllers\Applicant::deleteweblinkaction(), 0 passed in C:\xampp\htdocs\WEBAPPS\kokoruns\system\CodeIgniter.php on line 914 and exactly 1 expected
#0 C:\xampp\htdocs\WEBAPPS\kokoruns\system\CodeIgniter.php(914): App\Controllers\Applicant->deleteweblinkaction()
#1 C:\xampp\htdocs\WEBAPPS\kokoruns\system\CodeIgniter.php(400): CodeIgniter\CodeIgniter->runController(Object(App\Controllers\Applicant))
#2 C:\xampp\htdocs\WEBAPPS\kokoruns\system\CodeIgniter.php(308): CodeIgniter\CodeIgniter->handleRequest(NULL, Object(Config\Cache), false)
#3 C:\xampp\htdocs\WEBAPPS\kokoruns\index.php(45): CodeIgniter\CodeIgniter->run()
#4 {main}
CRITICAL - 2020-12-02 12:14:48 --> Too few arguments to function App\Controllers\Applicant::deleteweblinkaction(), 0 passed in C:\xampp\htdocs\WEBAPPS\kokoruns\system\CodeIgniter.php on line 914 and exactly 1 expected
#0 C:\xampp\htdocs\WEBAPPS\kokoruns\system\CodeIgniter.php(914): App\Controllers\Applicant->deleteweblinkaction()
#1 C:\xampp\htdocs\WEBAPPS\kokoruns\system\CodeIgniter.php(400): CodeIgniter\CodeIgniter->runController(Object(App\Controllers\Applicant))
#2 C:\xampp\htdocs\WEBAPPS\kokoruns\system\CodeIgniter.php(308): CodeIgniter\CodeIgniter->handleRequest(NULL, Object(Config\Cache), false)
#3 C:\xampp\htdocs\WEBAPPS\kokoruns\index.php(45): CodeIgniter\CodeIgniter->run()
#4 {main}
CRITICAL - 2020-12-02 12:16:22 --> Too few arguments to function App\Controllers\Applicant::deleteweblinkaction(), 0 passed in C:\xampp\htdocs\WEBAPPS\kokoruns\system\CodeIgniter.php on line 914 and exactly 1 expected
#0 C:\xampp\htdocs\WEBAPPS\kokoruns\system\CodeIgniter.php(914): App\Controllers\Applicant->deleteweblinkaction()
#1 C:\xampp\htdocs\WEBAPPS\kokoruns\system\CodeIgniter.php(400): CodeIgniter\CodeIgniter->runController(Object(App\Controllers\Applicant))
#2 C:\xampp\htdocs\WEBAPPS\kokoruns\system\CodeIgniter.php(308): CodeIgniter\CodeIgniter->handleRequest(NULL, Object(Config\Cache), false)
#3 C:\xampp\htdocs\WEBAPPS\kokoruns\index.php(45): CodeIgniter\CodeIgniter->run()
#4 {main}
CRITICAL - 2020-12-02 12:16:48 --> Too few arguments to function App\Controllers\Applicant::deleteweblinkaction(), 0 passed in C:\xampp\htdocs\WEBAPPS\kokoruns\system\CodeIgniter.php on line 914 and exactly 1 expected
#0 C:\xampp\htdocs\WEBAPPS\kokoruns\system\CodeIgniter.php(914): App\Controllers\Applicant->deleteweblinkaction()
#1 C:\xampp\htdocs\WEBAPPS\kokoruns\system\CodeIgniter.php(400): CodeIgniter\CodeIgniter->runController(Object(App\Controllers\Applicant))
#2 C:\xampp\htdocs\WEBAPPS\kokoruns\system\CodeIgniter.php(308): CodeIgniter\CodeIgniter->handleRequest(NULL, Object(Config\Cache), false)
#3 C:\xampp\htdocs\WEBAPPS\kokoruns\index.php(45): CodeIgniter\CodeIgniter->run()
#4 {main}
CRITICAL - 2020-12-02 12:24:01 --> Invalid argument supplied for foreach()
#0 C:\xampp\htdocs\WEBAPPS\kokoruns\app\Views\applicant\experiences.php(368): CodeIgniter\Debug\Exceptions->errorHandler(2, 'Invalid argumen...', 'C:\\xampp\\htdocs...', 368, Array)
#1 C:\xampp\htdocs\WEBAPPS\kokoruns\system\View\View.php(246): include('C:\\xampp\\htdocs...')
#2 C:\xampp\htdocs\WEBAPPS\kokoruns\system\Common.php(1087): CodeIgniter\View\View->render('applicant/exper...', Array, true)
#3 C:\xampp\htdocs\WEBAPPS\kokoruns\app\Controllers\Applicant.php(60): view('applicant/exper...', Array)
#4 C:\xampp\htdocs\WEBAPPS\kokoruns\system\CodeIgniter.php(914): App\Controllers\Applicant->experiences()
#5 C:\xampp\htdocs\WEBAPPS\kokoruns\system\CodeIgniter.php(400): CodeIgniter\CodeIgniter->runController(Object(App\Controllers\Applicant))
#6 C:\xampp\htdocs\WEBAPPS\kokoruns\system\CodeIgniter.php(308): CodeIgniter\CodeIgniter->handleRequest(NULL, Object(Config\Cache), false)
#7 C:\xampp\htdocs\WEBAPPS\kokoruns\index.php(45): CodeIgniter\CodeIgniter->run()
#8 {main}
CRITICAL - 2020-12-02 12:24:18 --> Invalid argument supplied for foreach()
#0 C:\xampp\htdocs\WEBAPPS\kokoruns\app\Views\applicant\educations.php(368): CodeIgniter\Debug\Exceptions->errorHandler(2, 'Invalid argumen...', 'C:\\xampp\\htdocs...', 368, Array)
#1 C:\xampp\htdocs\WEBAPPS\kokoruns\system\View\View.php(246): include('C:\\xampp\\htdocs...')
#2 C:\xampp\htdocs\WEBAPPS\kokoruns\system\Common.php(1087): CodeIgniter\View\View->render('applicant/educa...', Array, true)
#3 C:\xampp\htdocs\WEBAPPS\kokoruns\app\Controllers\Applicant.php(91): view('applicant/educa...', Array)
#4 C:\xampp\htdocs\WEBAPPS\kokoruns\system\CodeIgniter.php(914): App\Controllers\Applicant->educations()
#5 C:\xampp\htdocs\WEBAPPS\kokoruns\system\CodeIgniter.php(400): CodeIgniter\CodeIgniter->runController(Object(App\Controllers\Applicant))
#6 C:\xampp\htdocs\WEBAPPS\kokoruns\system\CodeIgniter.php(308): CodeIgniter\CodeIgniter->handleRequest(NULL, Object(Config\Cache), false)
#7 C:\xampp\htdocs\WEBAPPS\kokoruns\index.php(45): CodeIgniter\CodeIgniter->run()
#8 {main}
CRITICAL - 2020-12-02 14:48:41 --> unlink(C:\xampp\htdocs\WEBAPPS\kokoruns\public\companygalleries\1606916368_931d9c55063acbd598e9.jpeg): No such file or directory
#0 [internal function]: CodeIgniter\Debug\Exceptions->errorHandler(2, 'unlink(C:\\xampp...', 'C:\\xampp\\htdocs...', 615, Array)
#1 C:\xampp\htdocs\WEBAPPS\kokoruns\app\Controllers\Company.php(615): unlink('C:\\xampp\\htdocs...')
#2 C:\xampp\htdocs\WEBAPPS\kokoruns\system\CodeIgniter.php(914): App\Controllers\Company->deletegalleryaction()
#3 C:\xampp\htdocs\WEBAPPS\kokoruns\system\CodeIgniter.php(400): CodeIgniter\CodeIgniter->runController(Object(App\Controllers\Company))
#4 C:\xampp\htdocs\WEBAPPS\kokoruns\system\CodeIgniter.php(308): CodeIgniter\CodeIgniter->handleRequest(NULL, Object(Config\Cache), false)
#5 C:\xampp\htdocs\WEBAPPS\kokoruns\index.php(45): CodeIgniter\CodeIgniter->run()
#6 {main}
CRITICAL - 2020-12-02 14:48:52 --> unlink(C:\xampp\htdocs\WEBAPPS\kokoruns\public\companygalleries\1606915804_ceb153492c5163c3936f.jpeg): No such file or directory
#0 [internal function]: CodeIgniter\Debug\Exceptions->errorHandler(2, 'unlink(C:\\xampp...', 'C:\\xampp\\htdocs...', 615, Array)
#1 C:\xampp\htdocs\WEBAPPS\kokoruns\app\Controllers\Company.php(615): unlink('C:\\xampp\\htdocs...')
#2 C:\xampp\htdocs\WEBAPPS\kokoruns\system\CodeIgniter.php(914): App\Controllers\Company->deletegalleryaction()
#3 C:\xampp\htdocs\WEBAPPS\kokoruns\system\CodeIgniter.php(400): CodeIgniter\CodeIgniter->runController(Object(App\Controllers\Company))
#4 C:\xampp\htdocs\WEBAPPS\kokoruns\system\CodeIgniter.php(308): CodeIgniter\CodeIgniter->handleRequest(NULL, Object(Config\Cache), false)
#5 C:\xampp\htdocs\WEBAPPS\kokoruns\index.php(45): CodeIgniter\CodeIgniter->run()
#6 {main}
CRITICAL - 2020-12-02 15:42:31 --> Unknown column 'fcompany_id' in 'where clause'
#0 C:\xampp\htdocs\WEBAPPS\kokoruns\system\Database\MySQLi\Connection.php(331): mysqli->query('SELECT *\nFROM `...')
#1 C:\xampp\htdocs\WEBAPPS\kokoruns\system\Database\BaseConnection.php(738): CodeIgniter\Database\MySQLi\Connection->execute('SELECT *\nFROM `...')
#2 C:\xampp\htdocs\WEBAPPS\kokoruns\system\Database\BaseConnection.php(666): CodeIgniter\Database\BaseConnection->simpleQuery('SELECT *\nFROM `...')
#3 C:\xampp\htdocs\WEBAPPS\kokoruns\system\Database\BaseBuilder.php(1845): CodeIgniter\Database\BaseConnection->query('SELECT *\nFROM `...', Array, false)
#4 C:\xampp\htdocs\WEBAPPS\kokoruns\system\Model.php(445): CodeIgniter\Database\BaseBuilder->get()
#5 C:\xampp\htdocs\WEBAPPS\kokoruns\app\Controllers\Company.php(642): CodeIgniter\Model->findAll()
#6 C:\xampp\htdocs\WEBAPPS\kokoruns\system\CodeIgniter.php(914): App\Controllers\Company->jobdash()
#7 C:\xampp\htdocs\WEBAPPS\kokoruns\system\CodeIgniter.php(400): CodeIgniter\CodeIgniter->runController(Object(App\Controllers\Company))
#8 C:\xampp\htdocs\WEBAPPS\kokoruns\system\CodeIgniter.php(308): CodeIgniter\CodeIgniter->handleRequest(NULL, Object(Config\Cache), false)
#9 C:\xampp\htdocs\WEBAPPS\kokoruns\index.php(45): CodeIgniter\CodeIgniter->run()
#10 {main}
CRITICAL - 2020-12-02 15:48:34 --> Unknown column 'femployer_id' in 'where clause'
#0 C:\xampp\htdocs\WEBAPPS\kokoruns\system\Database\MySQLi\Connection.php(331): mysqli->query('SELECT *\nFROM `...')
#1 C:\xampp\htdocs\WEBAPPS\kokoruns\system\Database\BaseConnection.php(738): CodeIgniter\Database\MySQLi\Connection->execute('SELECT *\nFROM `...')
#2 C:\xampp\htdocs\WEBAPPS\kokoruns\system\Database\BaseConnection.php(666): CodeIgniter\Database\BaseConnection->simpleQuery('SELECT *\nFROM `...')
#3 C:\xampp\htdocs\WEBAPPS\kokoruns\system\Database\BaseBuilder.php(1845): CodeIgniter\Database\BaseConnection->query('SELECT *\nFROM `...', Array, false)
#4 C:\xampp\htdocs\WEBAPPS\kokoruns\system\Model.php(489): CodeIgniter\Database\BaseBuilder->get()
#5 C:\xampp\htdocs\WEBAPPS\kokoruns\app\Controllers\Company.php(639): CodeIgniter\Model->first()
#6 C:\xampp\htdocs\WEBAPPS\kokoruns\system\CodeIgniter.php(914): App\Controllers\Company->jobdash()
#7 C:\xampp\htdocs\WEBAPPS\kokoruns\system\CodeIgniter.php(400): CodeIgniter\CodeIgniter->runController(Object(App\Controllers\Company))
#8 C:\xampp\htdocs\WEBAPPS\kokoruns\system\CodeIgniter.php(308): CodeIgniter\CodeIgniter->handleRequest(NULL, Object(Config\Cache), false)
#9 C:\xampp\htdocs\WEBAPPS\kokoruns\index.php(45): CodeIgniter\CodeIgniter->run()
#10 {main}
CRITICAL - 2020-12-02 15:48:36 --> Unknown column 'femployer_id' in 'where clause'
#0 C:\xampp\htdocs\WEBAPPS\kokoruns\system\Database\MySQLi\Connection.php(331): mysqli->query('SELECT *\nFROM `...')
#1 C:\xampp\htdocs\WEBAPPS\kokoruns\system\Database\BaseConnection.php(738): CodeIgniter\Database\MySQLi\Connection->execute('SELECT *\nFROM `...')
#2 C:\xampp\htdocs\WEBAPPS\kokoruns\system\Database\BaseConnection.php(666): CodeIgniter\Database\BaseConnection->simpleQuery('SELECT *\nFROM `...')
#3 C:\xampp\htdocs\WEBAPPS\kokoruns\system\Database\BaseBuilder.php(1845): CodeIgniter\Database\BaseConnection->query('SELECT *\nFROM `...', Array, false)
#4 C:\xampp\htdocs\WEBAPPS\kokoruns\system\Model.php(489): CodeIgniter\Database\BaseBuilder->get()
#5 C:\xampp\htdocs\WEBAPPS\kokoruns\app\Controllers\Company.php(639): CodeIgniter\Model->first()
#6 C:\xampp\htdocs\WEBAPPS\kokoruns\system\CodeIgniter.php(914): App\Controllers\Company->jobdash()
#7 C:\xampp\htdocs\WEBAPPS\kokoruns\system\CodeIgniter.php(400): CodeIgniter\CodeIgniter->runController(Object(App\Controllers\Company))
#8 C:\xampp\htdocs\WEBAPPS\kokoruns\system\CodeIgniter.php(308): CodeIgniter\CodeIgniter->handleRequest(NULL, Object(Config\Cache), false)
#9 C:\xampp\htdocs\WEBAPPS\kokoruns\index.php(45): CodeIgniter\CodeIgniter->run()
#10 {main}
CRITICAL - 2020-12-02 16:19:24 --> Call to undefined method App\Models\SchoolGalleryModel::affectedRows
#0 C:\xampp\htdocs\WEBAPPS\kokoruns\app\Controllers\School.php(613): CodeIgniter\Model->__call('affectedRows', Array)
#1 C:\xampp\htdocs\WEBAPPS\kokoruns\system\CodeIgniter.php(914): App\Controllers\School->deletegalleryaction()
#2 C:\xampp\htdocs\WEBAPPS\kokoruns\system\CodeIgniter.php(400): CodeIgniter\CodeIgniter->runController(Object(App\Controllers\School))
#3 C:\xampp\htdocs\WEBAPPS\kokoruns\system\CodeIgniter.php(308): CodeIgniter\CodeIgniter->handleRequest(NULL, Object(Config\Cache), false)
#4 C:\xampp\htdocs\WEBAPPS\kokoruns\index.php(45): CodeIgniter\CodeIgniter->run()
#5 {main}
CRITICAL - 2020-12-02 16:20:52 --> Call to undefined method App\Models\SchoolGalleryModel::affectedRows
#0 C:\xampp\htdocs\WEBAPPS\kokoruns\app\Controllers\School.php(613): CodeIgniter\Model->__call('affectedRows', Array)
#1 C:\xampp\htdocs\WEBAPPS\kokoruns\system\CodeIgniter.php(914): App\Controllers\School->deletegalleryaction()
#2 C:\xampp\htdocs\WEBAPPS\kokoruns\system\CodeIgniter.php(400): CodeIgniter\CodeIgniter->runController(Object(App\Controllers\School))
#3 C:\xampp\htdocs\WEBAPPS\kokoruns\system\CodeIgniter.php(308): CodeIgniter\CodeIgniter->handleRequest(NULL, Object(Config\Cache), false)
#4 C:\xampp\htdocs\WEBAPPS\kokoruns\index.php(45): CodeIgniter\CodeIgniter->run()
#5 {main}
CRITICAL - 2020-12-02 16:23:38 --> Call to undefined method App\Models\SchoolGalleryModel::affectedRows
#0 C:\xampp\htdocs\WEBAPPS\kokoruns\app\Controllers\School.php(613): CodeIgniter\Model->__call('affectedRows', Array)
#1 C:\xampp\htdocs\WEBAPPS\kokoruns\system\CodeIgniter.php(914): App\Controllers\School->deletegalleryaction()
#2 C:\xampp\htdocs\WEBAPPS\kokoruns\system\CodeIgniter.php(400): CodeIgniter\CodeIgniter->runController(Object(App\Controllers\School))
#3 C:\xampp\htdocs\WEBAPPS\kokoruns\system\CodeIgniter.php(308): CodeIgniter\CodeIgniter->handleRequest(NULL, Object(Config\Cache), false)
#4 C:\xampp\htdocs\WEBAPPS\kokoruns\index.php(45): CodeIgniter\CodeIgniter->run()
#5 {main}
CRITICAL - 2020-12-02 16:23:59 --> Call to undefined method App\Models\SchoolGalleryModel::affectedRows
#0 C:\xampp\htdocs\WEBAPPS\kokoruns\app\Controllers\School.php(613): CodeIgniter\Model->__call('affectedRows', Array)
#1 C:\xampp\htdocs\WEBAPPS\kokoruns\system\CodeIgniter.php(914): App\Controllers\School->deletegalleryaction()
#2 C:\xampp\htdocs\WEBAPPS\kokoruns\system\CodeIgniter.php(400): CodeIgniter\CodeIgniter->runController(Object(App\Controllers\School))
#3 C:\xampp\htdocs\WEBAPPS\kokoruns\system\CodeIgniter.php(308): CodeIgniter\CodeIgniter->handleRequest(NULL, Object(Config\Cache), false)
#4 C:\xampp\htdocs\WEBAPPS\kokoruns\index.php(45): CodeIgniter\CodeIgniter->run()
#5 {main}
CRITICAL - 2020-12-02 16:26:02 --> Call to undefined method App\Models\SchoolGalleryModel::affectedRows
#0 C:\xampp\htdocs\WEBAPPS\kokoruns\app\Controllers\School.php(613): CodeIgniter\Model->__call('affectedRows', Array)
#1 C:\xampp\htdocs\WEBAPPS\kokoruns\system\CodeIgniter.php(914): App\Controllers\School->deletegalleryaction()
#2 C:\xampp\htdocs\WEBAPPS\kokoruns\system\CodeIgniter.php(400): CodeIgniter\CodeIgniter->runController(Object(App\Controllers\School))
#3 C:\xampp\htdocs\WEBAPPS\kokoruns\system\CodeIgniter.php(308): CodeIgniter\CodeIgniter->handleRequest(NULL, Object(Config\Cache), false)
#4 C:\xampp\htdocs\WEBAPPS\kokoruns\index.php(45): CodeIgniter\CodeIgniter->run()
#5 {main}
CRITICAL - 2020-12-02 17:04:44 --> Call to undefined method App\Models\AssociationGalleryModel::affectedRows
#0 C:\xampp\htdocs\WEBAPPS\kokoruns\app\Controllers\Association.php(609): CodeIgniter\Model->__call('affectedRows', Array)
#1 C:\xampp\htdocs\WEBAPPS\kokoruns\system\CodeIgniter.php(914): App\Controllers\Association->deletegalleryaction()
#2 C:\xampp\htdocs\WEBAPPS\kokoruns\system\CodeIgniter.php(400): CodeIgniter\CodeIgniter->runController(Object(App\Controllers\Association))
#3 C:\xampp\htdocs\WEBAPPS\kokoruns\system\CodeIgniter.php(308): CodeIgniter\CodeIgniter->handleRequest(NULL, Object(Config\Cache), false)
#4 C:\xampp\htdocs\WEBAPPS\kokoruns\index.php(45): CodeIgniter\CodeIgniter->run()
#5 {main}
CRITICAL - 2020-12-02 17:08:53 --> Call to undefined method App\Models\AssociationGalleryModel::affectedRows
#0 C:\xampp\htdocs\WEBAPPS\kokoruns\app\Controllers\Association.php(609): CodeIgniter\Model->__call('affectedRows', Array)
#1 C:\xampp\htdocs\WEBAPPS\kokoruns\system\CodeIgniter.php(914): App\Controllers\Association->deletegalleryaction()
#2 C:\xampp\htdocs\WEBAPPS\kokoruns\system\CodeIgniter.php(400): CodeIgniter\CodeIgniter->runController(Object(App\Controllers\Association))
#3 C:\xampp\htdocs\WEBAPPS\kokoruns\system\CodeIgniter.php(308): CodeIgniter\CodeIgniter->handleRequest(NULL, Object(Config\Cache), false)
#4 C:\xampp\htdocs\WEBAPPS\kokoruns\index.php(45): CodeIgniter\CodeIgniter->run()
#5 {main}
CRITICAL - 2020-12-02 17:09:03 --> Call to undefined method App\Models\AssociationGalleryModel::affectedRows
#0 C:\xampp\htdocs\WEBAPPS\kokoruns\app\Controllers\Association.php(609): CodeIgniter\Model->__call('affectedRows', Array)
#1 C:\xampp\htdocs\WEBAPPS\kokoruns\system\CodeIgniter.php(914): App\Controllers\Association->deletegalleryaction()
#2 C:\xampp\htdocs\WEBAPPS\kokoruns\system\CodeIgniter.php(400): CodeIgniter\CodeIgniter->runController(Object(App\Controllers\Association))
#3 C:\xampp\htdocs\WEBAPPS\kokoruns\system\CodeIgniter.php(308): CodeIgniter\CodeIgniter->handleRequest(NULL, Object(Config\Cache), false)
#4 C:\xampp\htdocs\WEBAPPS\kokoruns\index.php(45): CodeIgniter\CodeIgniter->run()
#5 {main}
CRITICAL - 2020-12-02 17:09:30 --> Call to undefined method App\Models\AssociationGalleryModel::affectedRows
#0 C:\xampp\htdocs\WEBAPPS\kokoruns\app\Controllers\Association.php(609): CodeIgniter\Model->__call('affectedRows', Array)
#1 C:\xampp\htdocs\WEBAPPS\kokoruns\system\CodeIgniter.php(914): App\Controllers\Association->deletegalleryaction()
#2 C:\xampp\htdocs\WEBAPPS\kokoruns\system\CodeIgniter.php(400): CodeIgniter\CodeIgniter->runController(Object(App\Controllers\Association))
#3 C:\xampp\htdocs\WEBAPPS\kokoruns\system\CodeIgniter.php(308): CodeIgniter\CodeIgniter->handleRequest(NULL, Object(Config\Cache), false)
#4 C:\xampp\htdocs\WEBAPPS\kokoruns\index.php(45): CodeIgniter\CodeIgniter->run()
#5 {main}
CRITICAL - 2020-12-02 17:19:55 --> Call to a member function getRandomName() on null
#0 C:\xampp\htdocs\WEBAPPS\kokoruns\system\CodeIgniter.php(914): App\Controllers\Association->uploadgalleryaction()
#1 C:\xampp\htdocs\WEBAPPS\kokoruns\system\CodeIgniter.php(400): CodeIgniter\CodeIgniter->runController(Object(App\Controllers\Association))
#2 C:\xampp\htdocs\WEBAPPS\kokoruns\system\CodeIgniter.php(308): CodeIgniter\CodeIgniter->handleRequest(NULL, Object(Config\Cache), false)
#3 C:\xampp\htdocs\WEBAPPS\kokoruns\index.php(45): CodeIgniter\CodeIgniter->run()
#4 {main}
